Log file open, 01/06/23 22:46:09
LogWindows: Failed to load 'aqProf.dll' (GetLastError=126)
LogWindows: File 'aqProf.dll' does not exist
LogWindows: Failed to load 'VtuneApi.dll' (GetLastError=126)
LogWindows: File 'VtuneApi.dll' does not exist
LogWindows: Failed to load 'VtuneApi32e.dll' (GetLastError=126)
LogWindows: File 'VtuneApi32e.dll' does not exist
LogConsoleResponse: Display: Failed to find resolution value strings in scalability ini. Falling back to default.
LogConsoleResponse: Display: Failed to find resolution value strings in scalability ini. Falling back to default.
LogInit: Display: Running engine for game: Top_Down_Shooter
LogPlatformFile: Not using cached read wrapper
LogTaskGraph: Started task graph with 5 named threads and 23 total threads with 3 sets of task threads.
LogStats: Stats thread started at 6.385098
LogICUInternationalization: ICU TimeZone Detection - Raw Offset: +1:00, Platform Override: ''
LogInit: Display: Loading text-based GConfig....
LogPluginManager: Mounting plugin MeshPainting
LogPluginManager: Mounting plugin XGEController
LogPluginManager: Mounting plugin Paper2D
LogPluginManager: Mounting plugin AISupport
LogPluginManager: Mounting plugin EnvironmentQueryEditor
LogPluginManager: Mounting plugin LiveLink
LogPluginManager: Mounting plugin LightPropagationVolume
LogPluginManager: Mounting plugin OodleData
LogPluginManager: Mounting plugin OodleNetwork
LogPluginManager: Mounting plugin AnimationSharing
LogPluginManager: Mounting plugin CLionSourceCodeAccess
LogPluginManager: Mounting plugin CodeLiteSourceCodeAccess
LogPluginManager: Mounting plugin GitSourceControl
LogPluginManager: Mounting plugin KDevelopSourceCodeAccess
LogPluginManager: Mounting plugin NullSourceCodeAccess
LogPluginManager: Mounting plugin PerforceSourceControl
LogPluginManager: Mounting plugin PixWinPlugin
LogPluginManager: Mounting plugin PlasticSourceControl
LogPluginManager: Mounting plugin PluginUtils
LogPluginManager: Mounting plugin PropertyAccessNode
LogPluginManager: Mounting plugin RiderSourceCodeAccess
LogPluginManager: Mounting plugin SubversionSourceControl
LogPluginManager: Mounting plugin TextureFormatOodle
LogPluginManager: Mounting plugin AssetManagerEditor
LogPluginManager: Mounting plugin VisualStudioCodeSourceCodeAccess
LogPluginManager: Mounting plugin UObjectPlugin
LogPluginManager: Mounting plugin VisualStudioSourceCodeAccess
LogPluginManager: Mounting plugin XCodeSourceCodeAccess
LogPluginManager: Mounting plugin CryptoKeys
LogPluginManager: Mounting plugin DataValidation
LogPluginManager: Mounting plugin CurveEditorTools
LogPluginManager: Mounting plugin FacialAnimation
LogPluginManager: Mounting plugin GeometryMode
LogPluginManager: Mounting plugin GameplayTagsEditor
LogPluginManager: Mounting plugin MacGraphicsSwitching
LogPluginManager: Mounting plugin MaterialAnalyzer
LogPluginManager: Mounting plugin MobileLauncherProfileWizard
LogPluginManager: Mounting plugin PluginBrowser
LogPluginManager: Mounting plugin SpeedTreeImporter
LogPluginManager: Mounting plugin DatasmithContent
LogPluginManager: Mounting plugin Niagara
LogPluginManager: Mounting plugin VariantManagerContent
LogPluginManager: Mounting plugin AlembicImporter
LogPluginManager: Mounting plugin AutomationUtils
LogPluginManager: Mounting plugin BackChannel
LogPluginManager: Mounting plugin ChaosCloth
LogPluginManager: Mounting plugin ChaosClothEditor
LogPluginManager: Mounting plugin ChaosEditor
LogPluginManager: Mounting plugin ChaosNiagara
LogPluginManager: Mounting plugin ChaosSolverPlugin
LogPluginManager: Mounting plugin CharacterAI
LogPluginManager: Mounting plugin LuminPlatformFeatures
LogPluginManager: Mounting plugin GeometryCache
LogPluginManager: Mounting plugin GeometryCollectionPlugin
LogPluginManager: Mounting plugin MagicLeap
LogPluginManager: Mounting plugin MagicLeapLightEstimation
LogPluginManager: Mounting plugin MagicLeapMedia
LogPluginManager: Mounting plugin MagicLeapPassableWorld
LogPluginManager: Mounting plugin MLSDK
LogPluginManager: Mounting plugin GeometryProcessing
LogPluginManager: Mounting plugin MotoSynth
LogPluginManager: Mounting plugin OpenImageDenoise
LogPluginManager: Mounting plugin PlanarCut
LogPluginManager: Mounting plugin PlatformCrypto
LogPluginManager: Mounting plugin ProxyLODPlugin
LogPluginManager: Mounting plugin PythonScriptPlugin
LogPluginManager: Mounting plugin SkeletalReduction
LogPluginManager: Mounting plugin AndroidMedia
LogPluginManager: Mounting plugin AvfMedia
LogPluginManager: Mounting plugin ImgMedia
LogPluginManager: Mounting plugin MediaCompositing
LogPluginManager: Mounting plugin MediaPlayerEditor
LogPluginManager: Mounting plugin WebMMedia
LogPluginManager: Mounting plugin WmfMedia
LogPluginManager: Mounting plugin TcpMessaging
LogPluginManager: Mounting plugin UdpMessaging
LogPluginManager: Mounting plugin ActorSequence
LogPluginManager: Mounting plugin MatineeToLevelSequence
LogPluginManager: Mounting plugin LevelSequenceEditor
LogPluginManager: Mounting plugin TemplateSequence
LogPluginManager: Mounting plugin OnlineSubsystem
LogPluginManager: Mounting plugin OnlineSubsystemNull
LogPluginManager: Mounting plugin OnlineSubsystemUtils
LogPluginManager: Mounting plugin LauncherChunkInstaller
LogPluginManager: Mounting plugin ActorLayerUtilities
LogPluginManager: Mounting plugin AndroidDeviceProfileSelector
LogPluginManager: Mounting plugin AndroidPermission
LogPluginManager: Mounting plugin AndroidMoviePlayer
LogPluginManager: Mounting plugin AppleImageUtils
LogPluginManager: Mounting plugin AppleMoviePlayer
LogPluginManager: Mounting plugin ArchVisCharacter
LogPluginManager: Mounting plugin AssetTags
LogPluginManager: Mounting plugin AudioCapture
LogPluginManager: Mounting plugin AudioSynesthesia
LogPluginManager: Mounting plugin CableComponent
LogPluginManager: Mounting plugin ChunkDownloader
LogPluginManager: Mounting plugin CustomMeshComponent
LogPluginManager: Mounting plugin EditableMesh
LogPluginManager: Mounting plugin ExampleDeviceProfileSelector
LogPluginManager: Mounting plugin GoogleCloudMessaging
LogPluginManager: Mounting plugin GooglePAD
LogPluginManager: Mounting plugin IOSDeviceProfileSelector
LogPluginManager: Mounting plugin LinuxDeviceProfileSelector
LogPluginManager: Mounting plugin LocationServicesBPLibrary
LogPluginManager: Mounting plugin MobilePatchingUtils
LogPluginManager: Mounting plugin OpenXR
LogPluginManager: Mounting plugin OpenXRHandTracking
LogPluginManager: Mounting plugin OpenXREyeTracker
LogPluginManager: Mounting plugin PostSplashScreen
LogPluginManager: Mounting plugin PhysXVehicles
LogPluginManager: Mounting plugin ProceduralMeshComponent
LogPluginManager: Mounting plugin PropertyAccessEditor
LogPluginManager: Mounting plugin RuntimePhysXCooking
LogPluginManager: Mounting plugin SignificanceManager
LogPluginManager: Mounting plugin SoundFields
LogPluginManager: Mounting plugin Synthesis
LogPluginManager: Mounting plugin WebMMoviePlayer
LogPluginManager: Mounting plugin WindowsMoviePlayer
LogPluginManager: Mounting plugin ScreenshotTools
LogPluginManager: Mounting plugin CameraShakePreviewer
LogPluginManager: Mounting plugin Takes
LogPluginManager: Mounting plugin GameplayCameras
LogPluginManager: Mounting plugin ContentBrowserAssetDataSource
LogPluginManager: Mounting plugin ContentBrowserClassDataSource
LogPluginManager: Mounting plugin ContentBrowserFileDataSource
LogPluginManager: Mounting plugin OnlineSubsystemGooglePlay
LogPluginManager: Mounting plugin OnlineSubsystemIOS
LogPluginManager: Mounting plugin OculusVR
LogPluginManager: Mounting plugin SteamVR
LogPluginManager: Mounting plugin XRVisualization
PixWinPlugin: PIX capture plugin failed to initialize! Check that the process is launched from PIX.
LogInit: Using libcurl 7.55.1-DEV
LogInit:  - built for x86_64-pc-win32
LogInit:  - supports SSL with OpenSSL/1.1.1
LogInit:  - supports HTTP deflate (compression) using libz 1.2.8
LogInit:  - other features:
LogInit:      CURL_VERSION_SSL
LogInit:      CURL_VERSION_LIBZ
LogInit:      CURL_VERSION_IPV6
LogInit:      CURL_VERSION_ASYNCHDNS
LogInit:      CURL_VERSION_LARGEFILE
LogInit:      CURL_VERSION_IDN
LogInit:  CurlRequestOptions (configurable via config and command line):
LogInit:  - bVerifyPeer = true  - Libcurl will verify peer certificate
LogInit:  - bUseHttpProxy = false  - Libcurl will NOT use HTTP proxy
LogInit:  - bDontReuseConnections = false  - Libcurl will reuse connections
LogInit:  - MaxHostConnections = 16  - Libcurl will limit the number of connections to a host
LogInit:  - LocalHostAddr = Default
LogInit:  - BufferSize = 65536
LogOnline: OSS: Creating online subsystem instance for: NULL
LogInit: WinSock: version 1.1 (2.2), MaxSocks=32767, MaxUdp=65467
LogOnline: OSS: TryLoadSubsystemAndSetDefault: Loaded subsystem for module [NULL]
LogOculusPluginWrapper: OculusPlugin initialized successfully
LogHMD: Failed initializing OVRPlugin 1.59.0
LogInit: Build: ++UE4+Release-4.27-CL-18319896
LogInit: Engine Version: 4.27.2-18319896+++UE4+Release-4.27
LogInit: Compatible Engine Version: 4.27.0-17155196+++UE4+Release-4.27
LogInit: Net CL: 17155196
LogInit: OS: Windows 10 (Release 2009) (), CPU: Intel(R) Core(TM) i5-8265U CPU @ 1.60GHz, GPU: Intel(R) UHD Graphics 620
LogInit: Compiled (64-bit): Nov 30 2021 07:12:08
LogInit: Compiled with Visual C++: 19.24.28315.00
LogInit: Build Configuration: Development
LogInit: Branch Name: ++UE4+Release-4.27
LogInit: Command Line: 
LogInit: Base Directory: D:/Program Files/UE_4.27/Engine/Binaries/Win64/
LogInit: Allocator: TBB
LogInit: Installed Engine Build: 1
LogDevObjectVersion: Number of dev versions registered: 29
LogDevObjectVersion:   Dev-Blueprints (B0D832E4-1F89-4F0D-ACCF-7EB736FD4AA2): 10
LogDevObjectVersion:   Dev-Build (E1C64328-A22C-4D53-A36C-8E866417BD8C): 0
LogDevObjectVersion:   Dev-Core (375EC13C-06E4-48FB-B500-84F0262A717E): 4
LogDevObjectVersion:   Dev-Editor (E4B068ED-F494-42E9-A231-DA0B2E46BB41): 40
LogDevObjectVersion:   Dev-Framework (CFFC743F-43B0-4480-9391-14DF171D2073): 37
LogDevObjectVersion:   Dev-Mobile (B02B49B5-BB20-44E9-A304-32B752E40360): 3
LogDevObjectVersion:   Dev-Networking (A4E4105C-59A1-49B5-A7C5-40C4547EDFEE): 0
LogDevObjectVersion:   Dev-Online (39C831C9-5AE6-47DC-9A44-9C173E1C8E7C): 0
LogDevObjectVersion:   Dev-Physics (78F01B33-EBEA-4F98-B9B4-84EACCB95AA2): 14
LogDevObjectVersion:   Dev-Platform (6631380F-2D4D-43E0-8009-CF276956A95A): 0
LogDevObjectVersion:   Dev-Rendering (12F88B9F-8875-4AFC-A67C-D90C383ABD29): 45
LogDevObjectVersion:   Dev-Sequencer (7B5AE74C-D270-4C10-A958-57980B212A5A): 13
LogDevObjectVersion:   Dev-VR (D7296918-1DD6-4BDD-9DE2-64A83CC13884): 3
LogDevObjectVersion:   Dev-LoadTimes (C2A15278-BFE7-4AFE-6C17-90FF531DF755): 1
LogDevObjectVersion:   Private-Geometry (6EACA3D4-40EC-4CC1-B786-8BED09428FC5): 3
LogDevObjectVersion:   Dev-AnimPhys (29E575DD-E0A3-4627-9D10-D276232CDCEA): 17
LogDevObjectVersion:   Dev-Anim (AF43A65D-7FD3-4947-9873-3E8ED9C1BB05): 15
LogDevObjectVersion:   Dev-ReflectionCapture (6B266CEC-1EC7-4B8F-A30B-E4D90942FC07): 1
LogDevObjectVersion:   Dev-Automation (0DF73D61-A23F-47EA-B727-89E90C41499A): 1
LogDevObjectVersion:   FortniteMain (601D1886-AC64-4F84-AA16-D3DE0DEAC7D6): 47
LogDevObjectVersion:   FortniteRelease (E7086368-6B23-4C58-8439-1B7016265E91): 1
LogDevObjectVersion:   Dev-Enterprise (9DFFBCD6-494F-0158-E221-12823C92A888): 10
LogDevObjectVersion:   Dev-Niagara (F2AED0AC-9AFE-416F-8664-AA7FFA26D6FC): 1
LogDevObjectVersion:   Dev-Destruction (174F1F0B-B4C6-45A5-B13F-2EE8D0FB917D): 10
LogDevObjectVersion:   Dev-Physics-Ext (35F94A83-E258-406C-A318-09F59610247C): 41
LogDevObjectVersion:   Dev-PhysicsMaterial-Chaos (B68FC16E-8B1B-42E2-B453-215C058844FE): 1
LogDevObjectVersion:   Dev-CineCamera (B2E18506-4273-CFC2-A54E-F4BB758BBA07): 1
LogDevObjectVersion:   Dev-VirtualProduction (64F58936-FD1B-42BA-BA96-7289D5D0FA4E): 1
LogDevObjectVersion:   Dev-MediaFramework (6F0ED827-A609-4895-9C91-998D90180EA4): 2
LogInit: Presizing for max 25165824 objects, including 0 objects not considered by GC, pre-allocating 0 bytes for permanent pool.
LogConfig: Applying CVar settings from Section [/Script/Engine.StreamingSettings] File [D:/studia/Programowanie/Unreal/Topshooter/Top_Down_Shooter/TopDownShooter/Saved/Config/Windows/Engine.ini]
LogConfig: Setting CVar [[s.MinBulkDataSizeForAsyncLoading:131072]]
LogConfig: Setting CVar [[s.AsyncLoadingThreadEnabled:0]]
LogConfig: Setting CVar [[s.EventDrivenLoaderEnabled:1]]
LogConfig: Setting CVar [[s.WarnIfTimeLimitExceeded:0]]
LogConfig: Setting CVar [[s.TimeLimitExceededMultiplier:1.5]]
LogConfig: Setting CVar [[s.TimeLimitExceededMinTime:0.005]]
LogConfig: Setting CVar [[s.UseBackgroundLevelStreaming:1]]
LogConfig: Setting CVar [[s.PriorityAsyncLoadingExtraTime:15.0]]
LogConfig: Setting CVar [[s.LevelStreamingActorsUpdateTimeLimit:5.0]]
LogConfig: Setting CVar [[s.PriorityLevelStreamingActorsUpdateExtraTime:5.0]]
LogConfig: Setting CVar [[s.LevelStreamingComponentsRegistrationGranularity:10]]
LogConfig: Setting CVar [[s.UnregisterComponentsTimeLimit:1.0]]
LogConfig: Setting CVar [[s.LevelStreamingComponentsUnregistrationGranularity:5]]
LogConfig: Setting CVar [[s.FlushStreamingOnExit:1]]
LogInit: Object subsystem initialized
LogConfig: Setting CVar [[con.DebugEarlyDefault:1]]
LogConfig: Setting CVar [[r.setres:1280x720]]
[2023.01.06-21.46.19:420][  0]LogConfig: Setting CVar [[r.VSync:0]]
[2023.01.06-21.46.19:420][  0]LogConfig: Setting CVar [[r.RHICmdBypass:0]]
[2023.01.06-21.46.19:420][  0]LogConfig: Applying CVar settings from Section [/Script/Engine.RendererSettings] File [D:/studia/Programowanie/Unreal/Topshooter/Top_Down_Shooter/TopDownShooter/Saved/Config/Windows/Engine.ini]
[2023.01.06-21.46.19:420][  0]LogConfig: Setting CVar [[r.GPUCrashDebugging:0]]
[2023.01.06-21.46.19:420][  0]LogConfig: Setting CVar [[r.DefaultFeature.AntiAliasing:1]]
[2023.01.06-21.46.19:420][  0]LogConfig: Applying CVar settings from Section [/Script/Engine.RendererOverrideSettings] File [D:/studia/Programowanie/Unreal/Topshooter/Top_Down_Shooter/TopDownShooter/Saved/Config/Windows/Engine.ini]
[2023.01.06-21.46.19:420][  0]LogConfig: Applying CVar settings from Section [/Script/Engine.StreamingSettings] File [D:/studia/Programowanie/Unreal/Topshooter/Top_Down_Shooter/TopDownShooter/Saved/Config/Windows/Engine.ini]
[2023.01.06-21.46.19:420][  0]LogConfig: Setting CVar [[s.MinBulkDataSizeForAsyncLoading:131072]]
[2023.01.06-21.46.19:420][  0]LogConfig: Setting CVar [[s.AsyncLoadingThreadEnabled:0]]
[2023.01.06-21.46.19:420][  0]LogConfig: Setting CVar [[s.EventDrivenLoaderEnabled:1]]
[2023.01.06-21.46.19:420][  0]LogConfig: Setting CVar [[s.WarnIfTimeLimitExceeded:0]]
[2023.01.06-21.46.19:420][  0]LogConfig: Setting CVar [[s.TimeLimitExceededMultiplier:1.5]]
[2023.01.06-21.46.19:420][  0]LogConfig: Setting CVar [[s.TimeLimitExceededMinTime:0.005]]
[2023.01.06-21.46.19:420][  0]LogConfig: Setting CVar [[s.UseBackgroundLevelStreaming:1]]
[2023.01.06-21.46.19:420][  0]LogConfig: Setting CVar [[s.PriorityAsyncLoadingExtraTime:15.0]]
[2023.01.06-21.46.19:420][  0]LogConfig: Setting CVar [[s.LevelStreamingActorsUpdateTimeLimit:5.0]]
[2023.01.06-21.46.19:420][  0]LogConfig: Setting CVar [[s.PriorityLevelStreamingActorsUpdateExtraTime:5.0]]
[2023.01.06-21.46.19:420][  0]LogConfig: Setting CVar [[s.LevelStreamingComponentsRegistrationGranularity:10]]
[2023.01.06-21.46.19:420][  0]LogConfig: Setting CVar [[s.UnregisterComponentsTimeLimit:1.0]]
[2023.01.06-21.46.19:420][  0]LogConfig: Setting CVar [[s.LevelStreamingComponentsUnregistrationGranularity:5]]
[2023.01.06-21.46.19:420][  0]LogConfig: Setting CVar [[s.FlushStreamingOnExit:1]]
[2023.01.06-21.46.19:420][  0]LogConfig: Applying CVar settings from Section [/Script/Engine.GarbageCollectionSettings] File [D:/studia/Programowanie/Unreal/Topshooter/Top_Down_Shooter/TopDownShooter/Saved/Config/Windows/Engine.ini]
[2023.01.06-21.46.19:420][  0]LogConfig: Setting CVar [[gc.MaxObjectsNotConsideredByGC:1]]
[2023.01.06-21.46.19:420][  0]LogConfig: Setting CVar [[gc.SizeOfPermanentObjectPool:0]]
[2023.01.06-21.46.19:420][  0]LogConfig: Setting CVar [[gc.FlushStreamingOnGC:0]]
[2023.01.06-21.46.19:420][  0]LogConfig: Setting CVar [[gc.NumRetriesBeforeForcingGC:10]]
[2023.01.06-21.46.19:420][  0]LogConfig: Setting CVar [[gc.AllowParallelGC:1]]
[2023.01.06-21.46.19:420][  0]LogConfig: Setting CVar [[gc.TimeBetweenPurgingPendingKillObjects:61.1]]
[2023.01.06-21.46.19:420][  0]LogConfig: Setting CVar [[gc.MaxObjectsInEditor:25165824]]
[2023.01.06-21.46.19:420][  0]LogConfig: Setting CVar [[gc.IncrementalBeginDestroyEnabled:1]]
[2023.01.06-21.46.19:420][  0]LogConfig: Setting CVar [[gc.CreateGCClusters:1]]
[2023.01.06-21.46.19:420][  0]LogConfig: Setting CVar [[gc.MinGCClusterSize:5]]
[2023.01.06-21.46.19:420][  0]LogConfig: Setting CVar [[gc.ActorClusteringEnabled:0]]
[2023.01.06-21.46.19:420][  0]LogConfig: Setting CVar [[gc.BlueprintClusteringEnabled:0]]
[2023.01.06-21.46.19:420][  0]LogConfig: Setting CVar [[gc.UseDisregardForGCOnDedicatedServers:0]]
[2023.01.06-21.46.19:420][  0]LogConfig: Setting CVar [[gc.MultithreadedDestructionEnabled:1]]
[2023.01.06-21.46.19:420][  0]LogConfig: Applying CVar settings from Section [/Script/Engine.NetworkSettings] File [D:/studia/Programowanie/Unreal/Topshooter/Top_Down_Shooter/TopDownShooter/Saved/Config/Windows/Engine.ini]
[2023.01.06-21.46.19:420][  0]LogConfig: Applying CVar settings from Section [/Script/UnrealEd.CookerSettings] File [D:/studia/Programowanie/Unreal/Topshooter/Top_Down_Shooter/TopDownShooter/Saved/Config/Windows/Engine.ini]
[2023.01.06-21.46.19:432][  0]LogConfig: Applying CVar settings from Section [ViewDistanceQuality@3] File [D:/studia/Programowanie/Unreal/Topshooter/Top_Down_Shooter/TopDownShooter/Saved/Config/Windows/Scalability.ini]
[2023.01.06-21.46.19:432][  0]LogConfig: Setting CVar [[r.SkeletalMeshLODBias:0]]
[2023.01.06-21.46.19:432][  0]LogConfig: Setting CVar [[r.ViewDistanceScale:1.0]]
[2023.01.06-21.46.19:432][  0]LogConfig: Applying CVar settings from Section [AntiAliasingQuality@3] File [D:/studia/Programowanie/Unreal/Topshooter/Top_Down_Shooter/TopDownShooter/Saved/Config/Windows/Scalability.ini]
[2023.01.06-21.46.19:432][  0]LogConfig: Setting CVar [[r.PostProcessAAQuality:4]]
[2023.01.06-21.46.19:432][  0]LogConfig: Applying CVar settings from Section [ShadowQuality@3] File [D:/studia/Programowanie/Unreal/Topshooter/Top_Down_Shooter/TopDownShooter/Saved/Config/Windows/Scalability.ini]
[2023.01.06-21.46.19:432][  0]LogConfig: Setting CVar [[r.LightFunctionQuality:1]]
[2023.01.06-21.46.19:432][  0]LogConfig: Setting CVar [[r.ShadowQuality:5]]
[2023.01.06-21.46.19:432][  0]LogConfig: Setting CVar [[r.Shadow.CSM.MaxCascades:10]]
[2023.01.06-21.46.19:432][  0]LogConfig: Setting CVar [[r.Shadow.MaxResolution:2048]]
[2023.01.06-21.46.19:432][  0]LogConfig: Setting CVar [[r.Shadow.MaxCSMResolution:2048]]
[2023.01.06-21.46.19:432][  0]LogConfig: Setting CVar [[r.Shadow.RadiusThreshold:0.01]]
[2023.01.06-21.46.19:432][  0]LogConfig: Setting CVar [[r.Shadow.DistanceScale:1.0]]
[2023.01.06-21.46.19:432][  0]LogConfig: Setting CVar [[r.Shadow.CSM.TransitionScale:1.0]]
[2023.01.06-21.46.19:432][  0]LogConfig: Setting CVar [[r.Shadow.PreShadowResolutionFactor:1.0]]
[2023.01.06-21.46.19:432][  0]LogConfig: Setting CVar [[r.DistanceFieldShadowing:1]]
[2023.01.06-21.46.19:432][  0]LogConfig: Setting CVar [[r.DistanceFieldAO:1]]
[2023.01.06-21.46.19:432][  0]LogConfig: Setting CVar [[r.AOQuality:2]]
[2023.01.06-21.46.19:432][  0]LogConfig: Setting CVar [[r.VolumetricFog:1]]
[2023.01.06-21.46.19:432][  0]LogConfig: Setting CVar [[r.VolumetricFog.GridPixelSize:8]]
[2023.01.06-21.46.19:432][  0]LogConfig: Setting CVar [[r.VolumetricFog.GridSizeZ:128]]
[2023.01.06-21.46.19:432][  0]LogConfig: Setting CVar [[r.VolumetricFog.HistoryMissSupersampleCount:4]]
[2023.01.06-21.46.19:432][  0]LogConfig: Setting CVar [[r.LightMaxDrawDistanceScale:1]]
[2023.01.06-21.46.19:432][  0]LogConfig: Setting CVar [[r.CapsuleShadows:1]]
[2023.01.06-21.46.19:432][  0]LogConfig: Applying CVar settings from Section [PostProcessQuality@3] File [D:/studia/Programowanie/Unreal/Topshooter/Top_Down_Shooter/TopDownShooter/Saved/Config/Windows/Scalability.ini]
[2023.01.06-21.46.19:432][  0]LogConfig: Setting CVar [[r.MotionBlurQuality:4]]
[2023.01.06-21.46.19:432][  0]LogConfig: Setting CVar [[r.AmbientOcclusionMipLevelFactor:0.4]]
[2023.01.06-21.46.19:432][  0]LogConfig: Setting CVar [[r.AmbientOcclusionMaxQuality:100]]
[2023.01.06-21.46.19:432][  0]LogConfig: Setting CVar [[r.AmbientOcclusionLevels:-1]]
[2023.01.06-21.46.19:432][  0]LogConfig: Setting CVar [[r.AmbientOcclusionRadiusScale:1.0]]
[2023.01.06-21.46.19:432][  0]LogConfig: Setting CVar [[r.DepthOfFieldQuality:2]]
[2023.01.06-21.46.19:432][  0]LogConfig: Setting CVar [[r.RenderTargetPoolMin:400]]
[2023.01.06-21.46.19:432][  0]LogConfig: Setting CVar [[r.LensFlareQuality:2]]
[2023.01.06-21.46.19:432][  0]LogConfig: Setting CVar [[r.SceneColorFringeQuality:1]]
[2023.01.06-21.46.19:432][  0]LogConfig: Setting CVar [[r.EyeAdaptationQuality:2]]
[2023.01.06-21.46.19:432][  0]LogConfig: Setting CVar [[r.BloomQuality:5]]
[2023.01.06-21.46.19:432][  0]LogConfig: Setting CVar [[r.FastBlurThreshold:100]]
[2023.01.06-21.46.19:432][  0]LogConfig: Setting CVar [[r.Upscale.Quality:3]]
[2023.01.06-21.46.19:432][  0]LogConfig: Setting CVar [[r.Tonemapper.GrainQuantization:1]]
[2023.01.06-21.46.19:432][  0]LogConfig: Setting CVar [[r.LightShaftQuality:1]]
[2023.01.06-21.46.19:432][  0]LogConfig: Setting CVar [[r.Filter.SizeScale:1]]
[2023.01.06-21.46.19:432][  0]LogConfig: Setting CVar [[r.Tonemapper.Quality:5]]
[2023.01.06-21.46.19:433][  0]LogConfig: Setting CVar [[r.DOF.Gather.AccumulatorQuality:1        ; higher gathering accumulator quality]]
[2023.01.06-21.46.19:433][  0]LogConfig: Setting CVar [[r.DOF.Gather.PostfilterMethod:1          ; Median3x3 postfilering method]]
[2023.01.06-21.46.19:433][  0]LogConfig: Setting CVar [[r.DOF.Gather.EnableBokehSettings:0       ; no bokeh simulation when gathering]]
[2023.01.06-21.46.19:433][  0]LogConfig: Setting CVar [[r.DOF.Gather.RingCount:4                 ; medium number of samples when gathering]]
[2023.01.06-21.46.19:433][  0]LogConfig: Setting CVar [[r.DOF.Scatter.ForegroundCompositing:1    ; additive foreground scattering]]
[2023.01.06-21.46.19:433][  0]LogConfig: Setting CVar [[r.DOF.Scatter.BackgroundCompositing:2    ; additive background scattering]]
[2023.01.06-21.46.19:433][  0]LogConfig: Setting CVar [[r.DOF.Scatter.EnableBokehSettings:1      ; bokeh simulation when scattering]]
[2023.01.06-21.46.19:433][  0]LogConfig: Setting CVar [[r.DOF.Scatter.MaxSpriteRatio:0.1         ; only a maximum of 10% of scattered bokeh]]
[2023.01.06-21.46.19:433][  0]LogConfig: Setting CVar [[r.DOF.Recombine.Quality:1                ; cheap slight out of focus]]
[2023.01.06-21.46.19:433][  0]LogConfig: Setting CVar [[r.DOF.Recombine.EnableBokehSettings:0    ; no bokeh simulation on slight out of focus]]
[2023.01.06-21.46.19:433][  0]LogConfig: Setting CVar [[r.DOF.TemporalAAQuality:1                ; more stable temporal accumulation]]
[2023.01.06-21.46.19:433][  0]LogConfig: Setting CVar [[r.DOF.Kernel.MaxForegroundRadius:0.025]]
[2023.01.06-21.46.19:433][  0]LogConfig: Setting CVar [[r.DOF.Kernel.MaxBackgroundRadius:0.025]]
[2023.01.06-21.46.19:433][  0]LogConfig: Applying CVar settings from Section [TextureQuality@3] File [D:/studia/Programowanie/Unreal/Topshooter/Top_Down_Shooter/TopDownShooter/Saved/Config/Windows/Scalability.ini]
[2023.01.06-21.46.19:433][  0]LogConfig: Setting CVar [[r.Streaming.MipBias:0]]
[2023.01.06-21.46.19:433][  0]LogConfig: Setting CVar [[r.Streaming.AmortizeCPUToGPUCopy:0]]
[2023.01.06-21.46.19:433][  0]LogConfig: Setting CVar [[r.Streaming.MaxNumTexturesToStreamPerFrame:0]]
[2023.01.06-21.46.19:433][  0]LogConfig: Setting CVar [[r.Streaming.Boost:1]]
[2023.01.06-21.46.19:433][  0]LogConfig: Setting CVar [[r.MaxAnisotropy:8]]
[2023.01.06-21.46.19:433][  0]LogConfig: Setting CVar [[r.VT.MaxAnisotropy:8]]
[2023.01.06-21.46.19:433][  0]LogConfig: Setting CVar [[r.Streaming.LimitPoolSizeToVRAM:0]]
[2023.01.06-21.46.19:433][  0]LogConfig: Setting CVar [[r.Streaming.PoolSize:1000]]
[2023.01.06-21.46.19:433][  0]LogConfig: Setting CVar [[r.Streaming.MaxEffectiveScreenSize:0]]
[2023.01.06-21.46.19:433][  0]LogConfig: Applying CVar settings from Section [EffectsQuality@3] File [D:/studia/Programowanie/Unreal/Topshooter/Top_Down_Shooter/TopDownShooter/Saved/Config/Windows/Scalability.ini]
[2023.01.06-21.46.19:433][  0]LogConfig: Setting CVar [[r.TranslucencyLightingVolumeDim:64]]
[2023.01.06-21.46.19:433][  0]LogConfig: Setting CVar [[r.RefractionQuality:2]]
[2023.01.06-21.46.19:433][  0]LogConfig: Setting CVar [[r.SSR.Quality:3]]
[2023.01.06-21.46.19:433][  0]LogConfig: Setting CVar [[r.SSR.HalfResSceneColor:0]]
[2023.01.06-21.46.19:433][  0]LogConfig: Setting CVar [[r.SceneColorFormat:4]]
[2023.01.06-21.46.19:433][  0]LogConfig: Setting CVar [[r.DetailMode:2]]
[2023.01.06-21.46.19:433][  0]LogConfig: Setting CVar [[r.TranslucencyVolumeBlur:1]]
[2023.01.06-21.46.19:433][  0]LogConfig: Setting CVar [[r.MaterialQualityLevel:1 ; High quality]]
[2023.01.06-21.46.19:433][  0]LogConfig: Setting CVar [[r.AnisotropicMaterials:1]]
[2023.01.06-21.46.19:433][  0]LogConfig: Setting CVar [[r.SSS.Scale:1]]
[2023.01.06-21.46.19:433][  0]LogConfig: Setting CVar [[r.SSS.SampleSet:2]]
[2023.01.06-21.46.19:433][  0]LogConfig: Setting CVar [[r.SSS.Quality:1]]
[2023.01.06-21.46.19:433][  0]LogConfig: Setting CVar [[r.SSS.HalfRes:0]]
[2023.01.06-21.46.19:433][  0]LogConfig: Setting CVar [[r.SSGI.Quality:3]]
[2023.01.06-21.46.19:433][  0]LogConfig: Setting CVar [[r.EmitterSpawnRateScale:1.0]]
[2023.01.06-21.46.19:433][  0]LogConfig: Setting CVar [[r.ParticleLightQuality:2]]
[2023.01.06-21.46.19:433][  0]LogConfig: Setting CVar [[r.SkyAtmosphere.AerialPerspectiveLUT.FastApplyOnOpaque:1 ; Always have FastSkyLUT 1 in this case to avoid wrong sky]]
[2023.01.06-21.46.19:433][  0]LogConfig: Setting CVar [[r.SkyAtmosphere.AerialPerspectiveLUT.SampleCountMaxPerSlice:4]]
[2023.01.06-21.46.19:433][  0]LogConfig: Setting CVar [[r.SkyAtmosphere.AerialPerspectiveLUT.DepthResolution:16.0]]
[2023.01.06-21.46.19:433][  0]LogConfig: Setting CVar [[r.SkyAtmosphere.FastSkyLUT:1]]
[2023.01.06-21.46.19:433][  0]LogConfig: Setting CVar [[r.SkyAtmosphere.FastSkyLUT.SampleCountMin:4.0]]
[2023.01.06-21.46.19:433][  0]LogConfig: Setting CVar [[r.SkyAtmosphere.FastSkyLUT.SampleCountMax:128.0]]
[2023.01.06-21.46.19:433][  0]LogConfig: Setting CVar [[r.SkyAtmosphere.SampleCountMin:4.0]]
[2023.01.06-21.46.19:433][  0]LogConfig: Setting CVar [[r.SkyAtmosphere.SampleCountMax:128.0]]
[2023.01.06-21.46.19:433][  0]LogConfig: Setting CVar [[r.SkyAtmosphere.TransmittanceLUT.UseSmallFormat:0]]
[2023.01.06-21.46.19:433][  0]LogConfig: Setting CVar [[r.SkyAtmosphere.TransmittanceLUT.SampleCount:10.0]]
[2023.01.06-21.46.19:433][  0]LogConfig: Setting CVar [[r.SkyAtmosphere.MultiScatteringLUT.SampleCount:15.0]]
[2023.01.06-21.46.19:433][  0]LogConfig: Setting CVar [[r.SkyLight.RealTimeReflectionCapture:1]]
[2023.01.06-21.46.19:434][  0]LogConfig: Applying CVar settings from Section [FoliageQuality@3] File [D:/studia/Programowanie/Unreal/Topshooter/Top_Down_Shooter/TopDownShooter/Saved/Config/Windows/Scalability.ini]
[2023.01.06-21.46.19:434][  0]LogConfig: Setting CVar [[foliage.DensityScale:1.0]]
[2023.01.06-21.46.19:434][  0]LogConfig: Setting CVar [[grass.DensityScale:1.0]]
[2023.01.06-21.46.19:434][  0]LogConfig: Applying CVar settings from Section [ShadingQuality@3] File [D:/studia/Programowanie/Unreal/Topshooter/Top_Down_Shooter/TopDownShooter/Saved/Config/Windows/Scalability.ini]
[2023.01.06-21.46.19:434][  0]LogConfig: Setting CVar [[r.HairStrands.SkyLighting.IntegrationType:2]]
[2023.01.06-21.46.19:434][  0]LogConfig: Setting CVar [[r.HairStrands.SkyAO.SampleCount:4]]
[2023.01.06-21.46.19:434][  0]LogConfig: Setting CVar [[r.HairStrands.Visibility.MSAA.SamplePerPixel:4]]
[2023.01.06-21.46.19:434][  0]LogInit: Selected Device Profile: [Windows]
[2023.01.06-21.46.19:434][  0]LogInit: Applying CVar settings loaded from the selected device profile: [Windows]
[2023.01.06-21.46.19:434][  0]LogHAL: Display: Platform has ~ 8 GB [8471760896 / 8589934592 / 8], which maps to Default [LargestMinGB=32, LargerMinGB=12, DefaultMinGB=8, SmallerMinGB=6, SmallestMinGB=0)
[2023.01.06-21.46.19:434][  0]LogInit: Going up to parent DeviceProfile []
[2023.01.06-21.46.19:434][  0]LogConfig: Applying CVar settings from Section [ViewDistanceQuality@3] File [D:/studia/Programowanie/Unreal/Topshooter/Top_Down_Shooter/TopDownShooter/Saved/Config/Windows/Scalability.ini]
[2023.01.06-21.46.19:434][  0]LogConfig: Setting CVar [[r.SkeletalMeshLODBias:0]]
[2023.01.06-21.46.19:434][  0]LogConfig: Setting CVar [[r.ViewDistanceScale:1.0]]
[2023.01.06-21.46.19:434][  0]LogConfig: Applying CVar settings from Section [AntiAliasingQuality@3] File [D:/studia/Programowanie/Unreal/Topshooter/Top_Down_Shooter/TopDownShooter/Saved/Config/Windows/Scalability.ini]
[2023.01.06-21.46.19:434][  0]LogConfig: Setting CVar [[r.PostProcessAAQuality:4]]
[2023.01.06-21.46.19:434][  0]LogConfig: Applying CVar settings from Section [ShadowQuality@3] File [D:/studia/Programowanie/Unreal/Topshooter/Top_Down_Shooter/TopDownShooter/Saved/Config/Windows/Scalability.ini]
[2023.01.06-21.46.19:434][  0]LogConfig: Setting CVar [[r.LightFunctionQuality:1]]
[2023.01.06-21.46.19:434][  0]LogConfig: Setting CVar [[r.ShadowQuality:5]]
[2023.01.06-21.46.19:434][  0]LogConfig: Setting CVar [[r.Shadow.CSM.MaxCascades:10]]
[2023.01.06-21.46.19:434][  0]LogConfig: Setting CVar [[r.Shadow.MaxResolution:2048]]
[2023.01.06-21.46.19:434][  0]LogConfig: Setting CVar [[r.Shadow.MaxCSMResolution:2048]]
[2023.01.06-21.46.19:434][  0]LogConfig: Setting CVar [[r.Shadow.RadiusThreshold:0.01]]
[2023.01.06-21.46.19:434][  0]LogConfig: Setting CVar [[r.Shadow.DistanceScale:1.0]]
[2023.01.06-21.46.19:434][  0]LogConfig: Setting CVar [[r.Shadow.CSM.TransitionScale:1.0]]
[2023.01.06-21.46.19:434][  0]LogConfig: Setting CVar [[r.Shadow.PreShadowResolutionFactor:1.0]]
[2023.01.06-21.46.19:434][  0]LogConfig: Setting CVar [[r.DistanceFieldShadowing:1]]
[2023.01.06-21.46.19:434][  0]LogConfig: Setting CVar [[r.DistanceFieldAO:1]]
[2023.01.06-21.46.19:434][  0]LogConfig: Setting CVar [[r.AOQuality:2]]
[2023.01.06-21.46.19:434][  0]LogConfig: Setting CVar [[r.VolumetricFog:1]]
[2023.01.06-21.46.19:434][  0]LogConfig: Setting CVar [[r.VolumetricFog.GridPixelSize:8]]
[2023.01.06-21.46.19:434][  0]LogConfig: Setting CVar [[r.VolumetricFog.GridSizeZ:128]]
[2023.01.06-21.46.19:434][  0]LogConfig: Setting CVar [[r.VolumetricFog.HistoryMissSupersampleCount:4]]
[2023.01.06-21.46.19:434][  0]LogConfig: Setting CVar [[r.LightMaxDrawDistanceScale:1]]
[2023.01.06-21.46.19:434][  0]LogConfig: Setting CVar [[r.CapsuleShadows:1]]
[2023.01.06-21.46.19:434][  0]LogConfig: Applying CVar settings from Section [PostProcessQuality@3] File [D:/studia/Programowanie/Unreal/Topshooter/Top_Down_Shooter/TopDownShooter/Saved/Config/Windows/Scalability.ini]
[2023.01.06-21.46.19:434][  0]LogConfig: Setting CVar [[r.MotionBlurQuality:4]]
[2023.01.06-21.46.19:434][  0]LogConfig: Setting CVar [[r.AmbientOcclusionMipLevelFactor:0.4]]
[2023.01.06-21.46.19:434][  0]LogConfig: Setting CVar [[r.AmbientOcclusionMaxQuality:100]]
[2023.01.06-21.46.19:434][  0]LogConfig: Setting CVar [[r.AmbientOcclusionLevels:-1]]
[2023.01.06-21.46.19:434][  0]LogConfig: Setting CVar [[r.AmbientOcclusionRadiusScale:1.0]]
[2023.01.06-21.46.19:434][  0]LogConfig: Setting CVar [[r.DepthOfFieldQuality:2]]
[2023.01.06-21.46.19:434][  0]LogConfig: Setting CVar [[r.RenderTargetPoolMin:400]]
[2023.01.06-21.46.19:434][  0]LogConfig: Setting CVar [[r.LensFlareQuality:2]]
[2023.01.06-21.46.19:434][  0]LogConfig: Setting CVar [[r.SceneColorFringeQuality:1]]
[2023.01.06-21.46.19:434][  0]LogConfig: Setting CVar [[r.EyeAdaptationQuality:2]]
[2023.01.06-21.46.19:434][  0]LogConfig: Setting CVar [[r.BloomQuality:5]]
[2023.01.06-21.46.19:434][  0]LogConfig: Setting CVar [[r.FastBlurThreshold:100]]
[2023.01.06-21.46.19:434][  0]LogConfig: Setting CVar [[r.Upscale.Quality:3]]
[2023.01.06-21.46.19:434][  0]LogConfig: Setting CVar [[r.Tonemapper.GrainQuantization:1]]
[2023.01.06-21.46.19:434][  0]LogConfig: Setting CVar [[r.LightShaftQuality:1]]
[2023.01.06-21.46.19:434][  0]LogConfig: Setting CVar [[r.Filter.SizeScale:1]]
[2023.01.06-21.46.19:434][  0]LogConfig: Setting CVar [[r.Tonemapper.Quality:5]]
[2023.01.06-21.46.19:435][  0]LogConfig: Setting CVar [[r.DOF.Gather.AccumulatorQuality:1        ; higher gathering accumulator quality]]
[2023.01.06-21.46.19:435][  0]LogConfig: Setting CVar [[r.DOF.Gather.PostfilterMethod:1          ; Median3x3 postfilering method]]
[2023.01.06-21.46.19:435][  0]LogConfig: Setting CVar [[r.DOF.Gather.EnableBokehSettings:0       ; no bokeh simulation when gathering]]
[2023.01.06-21.46.19:435][  0]LogConfig: Setting CVar [[r.DOF.Gather.RingCount:4                 ; medium number of samples when gathering]]
[2023.01.06-21.46.19:435][  0]LogConfig: Setting CVar [[r.DOF.Scatter.ForegroundCompositing:1    ; additive foreground scattering]]
[2023.01.06-21.46.19:435][  0]LogConfig: Setting CVar [[r.DOF.Scatter.BackgroundCompositing:2    ; additive background scattering]]
[2023.01.06-21.46.19:435][  0]LogConfig: Setting CVar [[r.DOF.Scatter.EnableBokehSettings:1      ; bokeh simulation when scattering]]
[2023.01.06-21.46.19:435][  0]LogConfig: Setting CVar [[r.DOF.Scatter.MaxSpriteRatio:0.1         ; only a maximum of 10% of scattered bokeh]]
[2023.01.06-21.46.19:435][  0]LogConfig: Setting CVar [[r.DOF.Recombine.Quality:1                ; cheap slight out of focus]]
[2023.01.06-21.46.19:435][  0]LogConfig: Setting CVar [[r.DOF.Recombine.EnableBokehSettings:0    ; no bokeh simulation on slight out of focus]]
[2023.01.06-21.46.19:435][  0]LogConfig: Setting CVar [[r.DOF.TemporalAAQuality:1                ; more stable temporal accumulation]]
[2023.01.06-21.46.19:435][  0]LogConfig: Setting CVar [[r.DOF.Kernel.MaxForegroundRadius:0.025]]
[2023.01.06-21.46.19:435][  0]LogConfig: Setting CVar [[r.DOF.Kernel.MaxBackgroundRadius:0.025]]
[2023.01.06-21.46.19:435][  0]LogConfig: Applying CVar settings from Section [TextureQuality@3] File [D:/studia/Programowanie/Unreal/Topshooter/Top_Down_Shooter/TopDownShooter/Saved/Config/Windows/Scalability.ini]
[2023.01.06-21.46.19:435][  0]LogConfig: Setting CVar [[r.Streaming.MipBias:0]]
[2023.01.06-21.46.19:435][  0]LogConfig: Setting CVar [[r.Streaming.AmortizeCPUToGPUCopy:0]]
[2023.01.06-21.46.19:435][  0]LogConfig: Setting CVar [[r.Streaming.MaxNumTexturesToStreamPerFrame:0]]
[2023.01.06-21.46.19:435][  0]LogConfig: Setting CVar [[r.Streaming.Boost:1]]
[2023.01.06-21.46.19:435][  0]LogConfig: Setting CVar [[r.MaxAnisotropy:8]]
[2023.01.06-21.46.19:435][  0]LogConfig: Setting CVar [[r.VT.MaxAnisotropy:8]]
[2023.01.06-21.46.19:435][  0]LogConfig: Setting CVar [[r.Streaming.LimitPoolSizeToVRAM:0]]
[2023.01.06-21.46.19:435][  0]LogConfig: Setting CVar [[r.Streaming.PoolSize:1000]]
[2023.01.06-21.46.19:435][  0]LogConfig: Setting CVar [[r.Streaming.MaxEffectiveScreenSize:0]]
[2023.01.06-21.46.19:435][  0]LogConfig: Applying CVar settings from Section [EffectsQuality@3] File [D:/studia/Programowanie/Unreal/Topshooter/Top_Down_Shooter/TopDownShooter/Saved/Config/Windows/Scalability.ini]
[2023.01.06-21.46.19:435][  0]LogConfig: Setting CVar [[r.TranslucencyLightingVolumeDim:64]]
[2023.01.06-21.46.19:435][  0]LogConfig: Setting CVar [[r.RefractionQuality:2]]
[2023.01.06-21.46.19:435][  0]LogConfig: Setting CVar [[r.SSR.Quality:3]]
[2023.01.06-21.46.19:435][  0]LogConfig: Setting CVar [[r.SSR.HalfResSceneColor:0]]
[2023.01.06-21.46.19:435][  0]LogConfig: Setting CVar [[r.SceneColorFormat:4]]
[2023.01.06-21.46.19:435][  0]LogConfig: Setting CVar [[r.DetailMode:2]]
[2023.01.06-21.46.19:435][  0]LogConfig: Setting CVar [[r.TranslucencyVolumeBlur:1]]
[2023.01.06-21.46.19:435][  0]LogConfig: Setting CVar [[r.MaterialQualityLevel:1 ; High quality]]
[2023.01.06-21.46.19:435][  0]LogConfig: Setting CVar [[r.AnisotropicMaterials:1]]
[2023.01.06-21.46.19:435][  0]LogConfig: Setting CVar [[r.SSS.Scale:1]]
[2023.01.06-21.46.19:435][  0]LogConfig: Setting CVar [[r.SSS.SampleSet:2]]
[2023.01.06-21.46.19:435][  0]LogConfig: Setting CVar [[r.SSS.Quality:1]]
[2023.01.06-21.46.19:435][  0]LogConfig: Setting CVar [[r.SSS.HalfRes:0]]
[2023.01.06-21.46.19:435][  0]LogConfig: Setting CVar [[r.SSGI.Quality:3]]
[2023.01.06-21.46.19:435][  0]LogConfig: Setting CVar [[r.EmitterSpawnRateScale:1.0]]
[2023.01.06-21.46.19:435][  0]LogConfig: Setting CVar [[r.ParticleLightQuality:2]]
[2023.01.06-21.46.19:435][  0]LogConfig: Setting CVar [[r.SkyAtmosphere.AerialPerspectiveLUT.FastApplyOnOpaque:1 ; Always have FastSkyLUT 1 in this case to avoid wrong sky]]
[2023.01.06-21.46.19:435][  0]LogConfig: Setting CVar [[r.SkyAtmosphere.AerialPerspectiveLUT.SampleCountMaxPerSlice:4]]
[2023.01.06-21.46.19:435][  0]LogConfig: Setting CVar [[r.SkyAtmosphere.AerialPerspectiveLUT.DepthResolution:16.0]]
[2023.01.06-21.46.19:435][  0]LogConfig: Setting CVar [[r.SkyAtmosphere.FastSkyLUT:1]]
[2023.01.06-21.46.19:435][  0]LogConfig: Setting CVar [[r.SkyAtmosphere.FastSkyLUT.SampleCountMin:4.0]]
[2023.01.06-21.46.19:435][  0]LogConfig: Setting CVar [[r.SkyAtmosphere.FastSkyLUT.SampleCountMax:128.0]]
[2023.01.06-21.46.19:435][  0]LogConfig: Setting CVar [[r.SkyAtmosphere.SampleCountMin:4.0]]
[2023.01.06-21.46.19:435][  0]LogConfig: Setting CVar [[r.SkyAtmosphere.SampleCountMax:128.0]]
[2023.01.06-21.46.19:435][  0]LogConfig: Setting CVar [[r.SkyAtmosphere.TransmittanceLUT.UseSmallFormat:0]]
[2023.01.06-21.46.19:435][  0]LogConfig: Setting CVar [[r.SkyAtmosphere.TransmittanceLUT.SampleCount:10.0]]
[2023.01.06-21.46.19:435][  0]LogConfig: Setting CVar [[r.SkyAtmosphere.MultiScatteringLUT.SampleCount:15.0]]
[2023.01.06-21.46.19:435][  0]LogConfig: Setting CVar [[r.SkyLight.RealTimeReflectionCapture:1]]
[2023.01.06-21.46.19:436][  0]LogConfig: Applying CVar settings from Section [FoliageQuality@3] File [D:/studia/Programowanie/Unreal/Topshooter/Top_Down_Shooter/TopDownShooter/Saved/Config/Windows/Scalability.ini]
[2023.01.06-21.46.19:436][  0]LogConfig: Setting CVar [[foliage.DensityScale:1.0]]
[2023.01.06-21.46.19:436][  0]LogConfig: Setting CVar [[grass.DensityScale:1.0]]
[2023.01.06-21.46.19:436][  0]LogConfig: Applying CVar settings from Section [ShadingQuality@3] File [D:/studia/Programowanie/Unreal/Topshooter/Top_Down_Shooter/TopDownShooter/Saved/Config/Windows/Scalability.ini]
[2023.01.06-21.46.19:436][  0]LogConfig: Setting CVar [[r.HairStrands.SkyLighting.IntegrationType:2]]
[2023.01.06-21.46.19:436][  0]LogConfig: Setting CVar [[r.HairStrands.SkyAO.SampleCount:4]]
[2023.01.06-21.46.19:436][  0]LogConfig: Setting CVar [[r.HairStrands.Visibility.MSAA.SamplePerPixel:4]]
[2023.01.06-21.46.19:436][  0]LogConfig: Applying CVar settings from Section [Startup] File [../../../Engine/Config/ConsoleVariables.ini]
[2023.01.06-21.46.19:463][  0]LogConfig: Setting CVar [[net.UseAdaptiveNetUpdateFrequency:0]]
[2023.01.06-21.46.19:463][  0]LogConfig: Setting CVar [[p.chaos.AllowCreatePhysxBodies:1]]
[2023.01.06-21.46.19:463][  0]LogConfig: Setting CVar [[fx.SkipVectorVMBackendOptimizations:1]]
[2023.01.06-21.46.19:463][  0]LogConfig: Applying CVar settings from Section [ConsoleVariables] File [D:/studia/Programowanie/Unreal/Topshooter/Top_Down_Shooter/TopDownShooter/Saved/Config/Windows/Engine.ini]
[2023.01.06-21.46.19:463][  0]LogConfig: Applying CVar settings from Section [ConsoleVariables] File [D:/studia/Programowanie/Unreal/Topshooter/Top_Down_Shooter/TopDownShooter/Saved/Config/Windows/Editor.ini]
[2023.01.06-21.46.19:463][  0]LogInit: Computer: DESKTOP-G9MJDJ0
[2023.01.06-21.46.19:463][  0]LogInit: User: HP
[2023.01.06-21.46.19:463][  0]LogInit: CPU Page size=4096, Cores=4
[2023.01.06-21.46.19:463][  0]LogInit: High frequency timer resolution =10.000000 MHz
[2023.01.06-21.46.19:463][  0]LogMemory: Memory total: Physical=7.9GB (8GB approx)
[2023.01.06-21.46.19:463][  0]LogMemory: Platform Memory Stats for Windows
[2023.01.06-21.46.19:463][  0]LogMemory: Process Physical Memory: 146.91 MB used, 146.91 MB peak
[2023.01.06-21.46.19:463][  0]LogMemory: Process Virtual Memory: 126.34 MB used, 126.34 MB peak
[2023.01.06-21.46.19:463][  0]LogMemory: Physical Memory: 7761.90 MB used,  317.40 MB free, 8079.30 MB total
[2023.01.06-21.46.19:463][  0]LogMemory: Virtual Memory: 134212304.00 MB used,  5420.92 MB free, 134217728.00 MB total
[2023.01.06-21.46.19:474][  0]LogWindows: WindowsPlatformFeatures enabled
[2023.01.06-21.46.21:735][  0]LogInit: Physics initialised using underlying interface: PhysX
[2023.01.06-21.46.21:933][  0]LogInit: Using OS detected language (pl-PL).
[2023.01.06-21.46.21:934][  0]LogInit: Using OS detected locale (pl-PL).
[2023.01.06-21.46.22:565][  0]LogTextLocalizationManager: No specific localization for 'pl-PL' exists, so the 'pl' localization will be used.
[2023.01.06-21.46.22:565][  0]LogTextLocalizationResource: LocRes '../../../Engine/Content/Localization/Editor/pl/Editor.locres' could not be opened for reading!
[2023.01.06-21.46.22:565][  0]LogTextLocalizationResource: LocRes '../../../Engine/Content/Localization/EditorTutorials/pl/EditorTutorials.locres' could not be opened for reading!
[2023.01.06-21.46.22:565][  0]LogTextLocalizationResource: LocRes '../../../Engine/Content/Localization/Keywords/pl/Keywords.locres' could not be opened for reading!
[2023.01.06-21.46.22:566][  0]LogTextLocalizationResource: LocRes '../../../Engine/Content/Localization/Category/pl/Category.locres' could not be opened for reading!
[2023.01.06-21.46.22:581][  0]LogTextLocalizationResource: LocRes '../../../Engine/Content/Localization/ToolTips/pl/ToolTips.locres' could not be opened for reading!
[2023.01.06-21.46.22:626][  0]LogTextLocalizationResource: LocRes '../../../Engine/Content/Localization/PropertyNames/pl/PropertyNames.locres' could not be opened for reading!
[2023.01.06-21.46.22:627][  0]LogTextLocalizationResource: LocRes '../../../Engine/Content/Localization/Engine/pl/Engine.locres' could not be opened for reading!
[2023.01.06-21.46.22:712][  0]LogInit: Setting process to per monitor DPI aware
[2023.01.06-21.46.22:957][  0]LogWindowsTextInputMethodSystem: Display: IME system deactivated.
[2023.01.06-21.46.23:322][  0]LogSlate: New Slate User Created.  User Index 0, Is Virtual User: 0
[2023.01.06-21.46.23:322][  0]LogSlate: Slate User Registered.  User Index 0, Is Virtual User: 0
[2023.01.06-21.46.28:202][  0]LogD3D11RHI: Loaded GFSDK_Aftermath_Lib.x64.dll
[2023.01.06-21.46.28:261][  0]LogHMD: Failed to initialize OpenVR with code 110
[2023.01.06-21.46.28:261][  0]LogD3D11RHI: D3D11 min allowed feature level: 11_0
[2023.01.06-21.46.28:261][  0]LogD3D11RHI: D3D11 max allowed feature level: 11_0
[2023.01.06-21.46.28:261][  0]LogD3D11RHI: D3D11 adapters:
[2023.01.06-21.46.28:446][  0]LogD3D11RHI:    0. 'Intel(R) UHD Graphics 620' (Feature Level 11_0)
[2023.01.06-21.46.28:447][  0]LogD3D11RHI:       128/0/4039 MB DedicatedVideo/DedicatedSystem/SharedSystem, Outputs:1, VendorId:0x8086
[2023.01.06-21.46.28:457][  0]LogD3D11RHI:    1. 'Microsoft Basic Render Driver' (Feature Level 11_0)
[2023.01.06-21.46.28:457][  0]LogD3D11RHI:       0/0/4039 MB DedicatedVideo/DedicatedSystem/SharedSystem, Outputs:0, VendorId:0x1414
[2023.01.06-21.46.28:457][  0]LogD3D11RHI: Chosen D3D11 Adapter:
[2023.01.06-21.46.28:457][  0]LogD3D11RHI:     Description : Intel(R) UHD Graphics 620
[2023.01.06-21.46.28:457][  0]LogD3D11RHI:     VendorId    : 8086
[2023.01.06-21.46.28:457][  0]LogD3D11RHI:     DeviceId    : 3ea0
[2023.01.06-21.46.28:457][  0]LogD3D11RHI:     SubSysId    : 84c0103c
[2023.01.06-21.46.28:457][  0]LogD3D11RHI:     Revision    : 0000
[2023.01.06-21.46.28:457][  0]LogD3D11RHI:     DedicatedVideoMemory : 134217728 bytes
[2023.01.06-21.46.28:457][  0]LogD3D11RHI:     DedicatedSystemMemory : 0 bytes
[2023.01.06-21.46.28:457][  0]LogD3D11RHI:     SharedSystemMemory : 4235880448 bytes
[2023.01.06-21.46.28:457][  0]LogD3D11RHI:     AdapterLuid : 0 48375
[2023.01.06-21.46.28:547][  0]LogD3D11RHI: Creating new Direct3DDevice
[2023.01.06-21.46.28:547][  0]LogD3D11RHI:     GPU DeviceId: 0x3ea0 (for the marketing name, search the web for "GPU Device Id")
[2023.01.06-21.46.28:547][  0]LogWindows: EnumDisplayDevices:
[2023.01.06-21.46.28:547][  0]LogWindows:    0. 'Intel(R) UHD Graphics 620' (P:1 D:1)
[2023.01.06-21.46.28:548][  0]LogWindows:    1. 'Intel(R) UHD Graphics 620' (P:0 D:0)
[2023.01.06-21.46.28:548][  0]LogWindows:    2. 'Intel(R) UHD Graphics 620' (P:0 D:0)
[2023.01.06-21.46.28:548][  0]LogWindows: DebugString: FoundDriverCount:3 
[2023.01.06-21.46.28:548][  0]LogD3D11RHI:     Adapter Name: Intel(R) UHD Graphics 620
[2023.01.06-21.46.28:548][  0]LogD3D11RHI:   Driver Version: 27.20.100.8681 (internal:27.20.100.8681, unified:27.20.100.8681)
[2023.01.06-21.46.28:549][  0]LogD3D11RHI:      Driver Date: 9-5-2020
[2023.01.06-21.46.28:549][  0]LogRHI: Texture pool is 1503 MB (70% of 2147 MB)
[2023.01.06-21.46.28:777][  0]LogD3D11RHI: Creating D3DDevice using adapter:
[2023.01.06-21.46.28:777][  0]LogD3D11RHI:     Description : Intel(R) UHD Graphics 620
[2023.01.06-21.46.28:777][  0]LogD3D11RHI:     VendorId    : 8086
[2023.01.06-21.46.28:777][  0]LogD3D11RHI:     DeviceId    : 3ea0
[2023.01.06-21.46.28:777][  0]LogD3D11RHI:     SubSysId    : 84c0103c
[2023.01.06-21.46.28:777][  0]LogD3D11RHI:     Revision    : 0000
[2023.01.06-21.46.28:777][  0]LogD3D11RHI:     DedicatedVideoMemory : 134217728 bytes
[2023.01.06-21.46.28:777][  0]LogD3D11RHI:     DedicatedSystemMemory : 0 bytes
[2023.01.06-21.46.28:777][  0]LogD3D11RHI:     SharedSystemMemory : 4235880448 bytes
[2023.01.06-21.46.28:777][  0]LogD3D11RHI:     AdapterLuid : 0 48375
[2023.01.06-21.46.28:861][  0]LogD3D11RHI: RHI does not have support for 64 bit atomics
[2023.01.06-21.46.29:375][  0]LogD3D11RHI: Intel Extensions support version Full=16777216, Major=1, Minor=0, Revision=0
[2023.01.06-21.46.29:376][  0]LogD3D11RHI: Intel Extensions support version Full=16777217, Major=1, Minor=0, Revision=1
[2023.01.06-21.46.29:376][  0]LogD3D11RHI: Intel Extensions Framework enabled
[2023.01.06-21.46.29:413][  0]LogD3D11RHI: [IntelMetricsDiscovery] Started
[2023.01.06-21.46.29:413][  0]LogD3D11RHI: Async texture creation enabled
[2023.01.06-21.46.29:413][  0]LogD3D11RHI: Array index from any shader is supported
[2023.01.06-21.46.30:734][  0]LogD3D11RHI: GPU Timing Frequency: 12.000048 (Debug: 2 0)
[2023.01.06-21.46.32:904][  0]LogTargetPlatformManager: Display: Loaded TargetPlatform 'AllDesktop'
[2023.01.06-21.46.33:027][  0]LogTargetPlatformManager: Display: Loaded TargetPlatform 'Android'
[2023.01.06-21.46.33:027][  0]LogTargetPlatformManager: Display: Loaded TargetPlatform 'Android_ASTC'
[2023.01.06-21.46.33:027][  0]LogTargetPlatformManager: Display: Loaded TargetPlatform 'Android_DXT'
[2023.01.06-21.46.33:027][  0]LogTargetPlatformManager: Display: Loaded TargetPlatform 'Android_ETC2'
[2023.01.06-21.46.33:027][  0]LogTargetPlatformManager: Display: Loaded TargetPlatform 'AndroidClient'
[2023.01.06-21.46.33:027][  0]LogTargetPlatformManager: Display: Loaded TargetPlatform 'Android_ASTCClient'
[2023.01.06-21.46.33:027][  0]LogTargetPlatformManager: Display: Loaded TargetPlatform 'Android_DXTClient'
[2023.01.06-21.46.33:027][  0]LogTargetPlatformManager: Display: Loaded TargetPlatform 'Android_ETC2Client'
[2023.01.06-21.46.33:027][  0]LogTargetPlatformManager: Display: Loaded TargetPlatform 'Android_Multi'
[2023.01.06-21.46.33:027][  0]LogTargetPlatformManager: Display: Loaded TargetPlatform 'Android_MultiClient'
[2023.01.06-21.46.33:295][  0]LogTargetPlatformManager: Display: Loaded TargetPlatform 'IOSClient'
[2023.01.06-21.46.33:295][  0]LogTargetPlatformManager: Display: Loaded TargetPlatform 'IOS'
[2023.01.06-21.46.33:407][  0]LogTargetPlatformManager: Display: Loaded TargetPlatform 'Linux'
[2023.01.06-21.46.33:472][  0]LogTargetPlatformManager: Display: Loaded TargetPlatform 'LinuxNoEditor'
[2023.01.06-21.46.33:591][  0]LogTargetPlatformManager: Display: Loaded TargetPlatform 'LinuxClient'
[2023.01.06-21.46.33:629][  0]LogTargetPlatformManager: Display: Loaded TargetPlatform 'LinuxServer'
[2023.01.06-21.46.33:721][  0]LogTargetPlatformManager: Display: Loaded TargetPlatform 'LinuxAArch64NoEditor'
[2023.01.06-21.46.33:780][  0]LogTargetPlatformManager: Display: Loaded TargetPlatform 'LinuxAArch64Client'
[2023.01.06-21.46.33:855][  0]LogTargetPlatformManager: Display: Loaded TargetPlatform 'LinuxAArch64Server'
[2023.01.06-21.46.33:917][  0]LogTargetPlatformManager: Display: Loaded TargetPlatform 'Lumin'
[2023.01.06-21.46.33:917][  0]LogTargetPlatformManager: Display: Loaded TargetPlatform 'LuminClient'
[2023.01.06-21.46.34:027][  0]LogTargetPlatformManager: Display: Loaded TargetPlatform 'MacNoEditor'
[2023.01.06-21.46.34:102][  0]LogTargetPlatformManager: Display: Loaded TargetPlatform 'Mac'
[2023.01.06-21.46.34:109][  0]LogTargetPlatformManager: Display: Loaded TargetPlatform 'MacClient'
[2023.01.06-21.46.34:134][  0]LogTargetPlatformManager: Display: Loaded TargetPlatform 'MacServer'
[2023.01.06-21.46.34:160][  0]LogTargetPlatformManager: Display: Loaded TargetPlatform 'TVOSClient'
[2023.01.06-21.46.34:160][  0]LogTargetPlatformManager: Display: Loaded TargetPlatform 'TVOS'
[2023.01.06-21.46.34:223][  0]LogTargetPlatformManager: Display: Loaded TargetPlatform 'WindowsNoEditor'
[2023.01.06-21.46.34:277][  0]LogTargetPlatformManager: Display: Loaded TargetPlatform 'Windows'
[2023.01.06-21.46.34:309][  0]LogTargetPlatformManager: Display: Loaded TargetPlatform 'WindowsClient'
[2023.01.06-21.46.34:392][  0]LogTargetPlatformManager: Display: Loaded TargetPlatform 'WindowsServer'
[2023.01.06-21.46.34:392][  0]LogTargetPlatformManager: Display: Building Assets For Windows
[2023.01.06-21.46.34:764][  0]LogAudioDebug: Display: Lib vorbis DLL was dynamically loaded.
[2023.01.06-21.46.35:565][  0]LogTextureFormatOodle: Display: Oodle Texture 2.9.0 init RDO Off
[2023.01.06-21.46.37:230][  0]LogRendererCore: Ray tracing is disabled. Reason: r.RayTracing=0.
[2023.01.06-21.46.37:256][  0]LogShaderCompilers: Guid format shader working directory is -43 characters bigger than the processId version (../../../../../studia/Programowanie/Unreal/Topshooter/Top_Down_Shooter/TopDownShooter/Intermediate/Shaders/WorkingDirectory/23840/).
[2023.01.06-21.46.37:257][  0]LogShaderCompilers: Cleaned the shader compiler working directory 'C:/Users/HP/AppData/Local/Temp/UnrealShaderWorkingDir/7B72DFF845A5685487D9C59B3BA4B481/'.
[2023.01.06-21.46.37:264][  0]LogXGEController: Cannot use XGE Controller as Incredibuild is not installed on this machine.
[2023.01.06-21.46.37:265][  0]LogShaderCompilers: Cannot use XGE Shader Compiler as Incredibuild is not installed on this machine.
[2023.01.06-21.46.37:290][  0]LogShaderCompilers: Display: Using Local Shader Compiler.
[2023.01.06-21.46.43:473][  0]LogDerivedDataCache: Display: Max Cache Size: 512 MB
[2023.01.06-21.46.43:601][  0]LogDerivedDataCache: Loaded boot cache 0.12s 94MB C:/Users/HP/AppData/Local/UnrealEngine/4.27/DerivedDataCache/Boot.ddc.
[2023.01.06-21.46.43:602][  0]LogDerivedDataCache: Display: Loaded Boot cache: C:/Users/HP/AppData/Local/UnrealEngine/4.27/DerivedDataCache/Boot.ddc
[2023.01.06-21.46.43:602][  0]LogDerivedDataCache: FDerivedDataBackendGraph:  Pak pak cache file ../../../../../studia/Programowanie/Unreal/Topshooter/Top_Down_Shooter/TopDownShooter/DerivedDataCache/DDC.ddp not found, will not use a pak cache.
[2023.01.06-21.46.43:602][  0]LogDerivedDataCache: Unable to find inner node Pak for hierarchical cache Hierarchy.
[2023.01.06-21.46.43:602][  0]LogDerivedDataCache: FDerivedDataBackendGraph:  CompressedPak pak cache file ../../../../../studia/Programowanie/Unreal/Topshooter/Top_Down_Shooter/TopDownShooter/DerivedDataCache/Compressed.ddp not found, will not use a pak cache.
[2023.01.06-21.46.43:602][  0]LogDerivedDataCache: Unable to find inner node CompressedPak for hierarchical cache Hierarchy.
[2023.01.06-21.46.43:620][  0]LogDerivedDataCache: Display: Pak cache opened for reading ../../../Engine/DerivedDataCache/Compressed.ddp.
[2023.01.06-21.46.43:620][  0]LogDerivedDataCache: FDerivedDataBackendGraph:  EnterprisePak pak cache file ../../../Enterprise/DerivedDataCache/Compressed.ddp not found, will not use a pak cache.
[2023.01.06-21.46.43:620][  0]LogDerivedDataCache: Unable to find inner node EnterprisePak for hierarchical cache Hierarchy.
[2023.01.06-21.46.43:685][  0]LogDerivedDataCache: Speed tests for C:/Users/HP/AppData/Local/UnrealEngine/Common/DerivedDataCache took 0.02 seconds
[2023.01.06-21.46.43:685][  0]LogDerivedDataCache: Display: Performance to C:/Users/HP/AppData/Local/UnrealEngine/Common/DerivedDataCache: Latency=0.08ms. RandomReadSpeed=124.99MBs, RandomWriteSpeed=120.05MBs. Assigned SpeedClass 'Local'
[2023.01.06-21.46.43:686][  0]LogDerivedDataCache: Using Local data cache path C:/Users/HP/AppData/Local/UnrealEngine/Common/DerivedDataCache: Writable
[2023.01.06-21.46.43:686][  0]LogDerivedDataCache: Shared data cache path not found in *engine.ini, will not use an Shared cache.
[2023.01.06-21.46.43:686][  0]LogDerivedDataCache: Unable to find inner node Shared for hierarchical cache Hierarchy.
[2023.01.06-21.46.44:038][  0]LogSlate: Using FreeType 2.10.0
[2023.01.06-21.46.44:051][  0]LogSlate: SlateFontServices - WITH_FREETYPE: 1, WITH_HARFBUZZ: 1
[2023.01.06-21.46.46:038][  0]LogAssetRegistry: FAssetRegistry took 0.0657 seconds to start up
[2023.01.06-21.47.08:705][  0]LogInit: Selected Device Profile: [Windows]
[2023.01.06-21.47.08:705][  0]LogInit: Active device profile: [000001828A617300][0000018280AB34C0 49] Windows
[2023.01.06-21.47.08:706][  0]LogInit: Profiles: [000001828A617300][0000018280AB34C0 49] Windows, [000001828B5C4F00][0000018289575640 49] WindowsNoEditor, [000001828A614F00][00000182895797C0 49] WindowsServer, [000001828B5C6B00][000001828957D940 49] WindowsClient, [000001828A616A00][0000018289581AC0 49] IOS, [000001828B5C5800][00000182895840C0 49] iPadAir, [000001828A615700][0000018289588240 49] iPadAir2, [000001828B56FA00][0000018289590500 49] IPadPro, [000001828B56FB00][000001828958C540 49] iPadAir3, [000001828A616400][00000182895946C0 49] iPadAir4, [000001828B56D400][0000018289598840 49] iPadMini2, [000001828A617800][000001828959C9C0 49] iPadMini3, [000001828B56E500][00000182895A0B40 49] iPadMini4, [000001828A614800][0000018280AB6C80 49] iPadMini5, [000001828B5C3300][00000182895A8EC0 49] iPhone6, [000001828B5C3400][00000182895A4F00 49] iPodTouch6, [000001828B56C400][00000182895B51C0 49] iPhone7, [000001828B56C300][00000182895B1200 49] iPodTouch7, [000001828B5C1300][00000182895B9380 49] iPhone5S, [000001828B56FC00][00000182895BD500 49] iPhone6Plus, [000001828B5C2600][000001828B78F680 49] iPhone6S, [000001828B56D100][000001828B793800 49] iPhone6SPlus, [000001828B5C1B00][000001828B797980 49] iPhone7Plus, [000001828B56D700][000001828B79BB00 49] iPhoneSE, [000001828B5C3600][000001828B79E100 49] iPhone8, [000001828B56EB00][000001828B7A2280 49] iPhone8Plus, [000001828B5C2D00][000001828B7A6400 49] iPhoneX, [000001828B56CA00][000001828B7AA580 49] iPhoneXS, [000001828B5C0100][000001828B7AE700 49] iPhoneXSMax, [000001828B56E100][000001828B7B2880 49] iPhoneXR, [000001828B5C0D00][000001828B7B6A00 49] iPhone11, [000001828B56CF00][000001828B7BAB80 49] iPhone11Pro, [000001828B5C2A00][000001828B7BED00 49] iPhone11ProMax, [000001828B56D200][00000182895ACE40 49] iPhoneSE2, [000001828B5C3C00][000001828B7C2F80 49] iPhone12Mini, [000001828B56FD00][000001828B7C70C0 49] iPhone12, [000001828B5C2400][000001828B7CF240 49] iPhone12Pro, [000001828B56E600][000001828B7D33C0 49] iPhone12ProMax, [000001828B5C3A00][000001828B7D7540 49] iPadPro105, [000001828B56CC00][000001828B7DB6C0 49] iPadPro129, [000001828B5C1600][000001828B7DF840 49] iPadPro97, [000001828B56D000][000001828B7E39C0 49] iPadPro2_129, [000001828B5C2200][000001828B7E7B40 49] iPad5, [000001828B56D900][000001828B7EA140 49] iPad6, [000001828B5C2700][000001828B7EE2C0 49] iPad7, [000001828B56CD00][000001828B7F2440 49] iPad8, [000001828B5C3F00][000001828B7F65C0 49] iPadPro11, [000001828B56DB00][000001828B7FA740 49] iPadPro2_11, [000001828B5C0B00][000001828B7FE8C0 49] iPadPro3_129, [000001828B56D500][000001828B802A40 49] iPadPro4_129, [000001828B5C1D00][000001828B806BC0 49] AppleTV, [000001828B56D600][000001828B80AD40 49] AppleTV4K, [000001828B5C1400][000001828B80EEC0 49] TVOS, [000001828B56F800][000001828B7CB000 49] Mac, [000001828B5C1A00][000001828B813140 49] MacClient, [000001828B56CE00][000001828B817280 49] MacNoEditor, [000001828B5C0F00][000001828B81B3C0 49] MacServer, [000001828B56C500][000001828B823540 49] Linux, [000001828A661600][000001828B8276C0 49] LinuxAArch64, [000001828B5C6D00][000001828B82B840 49] LinuxNoEditor, [000001828A662100][000001828B82F9C0 49] LinuxAArch64NoEditor, [000001828B5C5A00][000001828B833B40 49] LinuxClient, [000001828A660E00][000001828B836140 49] LinuxAArch64Client, [000001828B5C4700][000001828B83A2C0 49] LinuxServer, [000001828A662200][000001828B83E440 49] LinuxAArch64Server, [000001828B5C5B00][000001828B8425C0 49] Android, [000001828A661900][000001828B846740 49] Android_Low, [000001828B5C5F00][000001828B84A8C0 49] Android_Mid, [000001828A662600][000001828B84EA40 49] Android_High, [000001828B5C5200][000001828B852BC0 49] Android_Default, [000001828A661200][000001828B856D40 49] Android_Adreno4xx, [000001828B5C5900][000001828B85AEC0 49] Android_Adreno5xx_Low, [000001828A660200][000001828B85F040 49] Android_Adreno5xx, [000001828B5C7C00][000001828B81F180 49] Android_Adreno6xx, [000001828B56C100][000001828B8632C0 49] Android_Adreno6xx_Vulkan, [000001828B5C1900][000001828B867400 49] Android_Mali_T6xx, [000001828B56E200][000001828B86B540 49] Android_Mali_T7xx, [000001828B5C1C00][000001828B8736C0 49] Android_Mali_T8xx, [000001828B56EE00][000001828B877840 49] Android_Mali_G71, [000001828B5C0A00][000001828B87B9C0 49] Android_Mali_G72, [000001828B56F200][000001828B87FB40 49] Android_Mali_G72_Vulkan, [000001828B5C2E00][000001828B882140 49] Android_Mali_G76, [000001828B56F600][000001828B8862C0 49] Android_Mali_G76_Vulkan, [000001828B5C2900][000001828B88A440 49] Android_Mali_G77, [000001828B56F300][000001828B88E5C0 49] Android_Mali_G77_Vulkan, [000001828B5C1700][000001828B892740 49] Android_Mali_G78, [000001828B56EA00][000001828B8968C0 49] Android_Mali_G78_Vulkan, [000001828A662300][000001828B89AA40 49] Android_Mali_G710, [000001828B56E700][000001828B89EBC0 49] Android_Mali_G710_Vulkan, [000001828A660100][000001828B8A2D40 49] Android_Vulkan_SM5, [000001828B56F000][000001828B8A6EC0 49] Android_PowerVR_G6xxx, [000001828A661F00][000001828B8AB040 49] Android_PowerVR_GT7xxx, [000001828B56E400][000001828B8AF1C0 49] Android_PowerVR_GE8xxx, [000001828A662000][000001828B8B3340 49] Android_PowerVR_GM9xxx, [000001828B56E900][000001828B86F480 49] Android_PowerVR_GM9xxx_Vulkan, [000001828A660900][000001828B8B75C0 49] Android_TegraK1, [000001828B56DC00][000001828B8BB700 49] Android_Unknown_Vulkan, [000001828A660B00][000001828B8C3880 49] Lumin, [000001828B56E800][000001828B8C7A00 49] Lumin_Desktop, [000001828A661400][000001828B8CBB80 49] HoloLens, 
[2023.01.06-21.47.12:722][  0]LogMeshReduction: Using QuadricMeshReduction for automatic static mesh reduction
[2023.01.06-21.47.12:722][  0]LogMeshReduction: Using SimplygonMeshReduction for automatic skeletal mesh reduction
[2023.01.06-21.47.12:722][  0]LogMeshReduction: Using ProxyLODMeshReduction for automatic mesh merging
[2023.01.06-21.47.12:722][  0]LogMeshReduction: No distributed automatic mesh merging module available
[2023.01.06-21.47.12:730][  0]LogMeshMerging: No distributed automatic mesh merging module available
[2023.01.06-21.47.13:735][  0]LogNetVersion: Top_Down_Shooter 1.0.0, NetCL: 17155196, EngineNetVer: 17, GameNetVer: 0 (Checksum: 1968698556)
[2023.01.06-21.47.31:270][  0]LogTexture: Default maximum texture size for cubemaps generated from long-lat sources has been changed from 512 to unlimited. In order to preserve old behaiour for '/Engine/MapTemplates/Sky/DaylightAmbientCubemap.DaylightAmbientCubemap', its maximum texture size has been explicitly set to 512.
[2023.01.06-21.47.33:455][  0]LogHMD: PokeAHoleMaterial loaded successfully
[2023.01.06-21.47.33:698][  0]LogUObjectArray: 17178 objects as part of root set at end of initial load.
[2023.01.06-21.47.33:698][  0]LogUObjectAllocator: 4302048 out of 0 bytes used by permanent object pool.
[2023.01.06-21.47.33:698][  0]LogUObjectArray: CloseDisregardForGC: 0/0 objects in disregard for GC pool
[2023.01.06-21.47.53:558][  0]LogNiagaraDebuggerClient: Niagara Debugger Client Initialized | Session: C3A33F954AFF9B0C6623D29C6A3CA0D2 | Instance: A92718334E19A1D2E476A4AA40E57EC1 (DESKTOP-G9MJDJ0-23840).
[2023.01.06-21.47.59:327][  0]LogPython: Using Python 3.7.7
[2023.01.06-21.48.06:132][  0]LogTcpMessaging: Initializing TcpMessaging bridge
[2023.01.06-21.48.06:450][  0]LogUdpMessaging: Initializing bridge on interface 0.0.0.0:0 to multicast group 230.0.0.1:6666.
[2023.01.06-21.48.55:977][  0]SourceControl: Source control is disabled
[2023.01.06-21.48.55:978][  0]SourceControl: Source control is disabled
[2023.01.06-21.48.58:083][  0]SourceControl: Source control is disabled
[2023.01.06-21.48.59:799][  0]SourceControl: Source control is disabled
[2023.01.06-21.49.01:943][  0]SourceControl: Source control is disabled
[2023.01.06-21.49.02:163][  0]LogUProjectInfo: Found projects:
[2023.01.06-21.49.03:015][  0]LogVSAccessor: Display: Unable to create Visual Studio setup instance: 80040154
[2023.01.06-21.49.03:016][  0]LogVSAccessor: Display: Unable to create Visual Studio setup instance: 80040154
[2023.01.06-21.49.03:018][  0]LogVSAccessor: Display: Unable to create Visual Studio setup instance: 80040154
[2023.01.06-21.49.30:934][  0]LogOpenImageDenoise: OIDN starting up
[2023.01.06-21.49.32:350][  0]LogAndroidPermission: UAndroidPermissionCallbackProxy::GetInstance
[2023.01.06-21.49.33:142][  0]LogAudioCaptureCore: Display: No Audio Capture implementations found. Audio input will be silent.
[2023.01.06-21.49.33:142][  0]LogAudioCaptureCore: Display: No Audio Capture implementations found. Audio input will be silent.
[2023.01.06-21.49.39:805][  0]LogCollectionManager: Loaded 0 collections in 0.047479 seconds
[2023.01.06-21.49.39:975][  0]LogFileCache: Scanning file cache for directory 'D:/studia/Programowanie/Unreal/Topshooter/Top_Down_Shooter/TopDownShooter/Saved/Collections/' took 0.00s
[2023.01.06-21.49.39:975][  0]LogFileCache: Scanning file cache for directory 'D:/studia/Programowanie/Unreal/Topshooter/Top_Down_Shooter/TopDownShooter/Content/Developers/HP/Collections/' took 0.00s
[2023.01.06-21.49.39:975][  0]LogFileCache: Scanning file cache for directory 'D:/studia/Programowanie/Unreal/Topshooter/Top_Down_Shooter/TopDownShooter/Content/Collections/' took 0.00s
[2023.01.06-21.49.41:331][  0]LogOcInput: OculusInput pre-init called
[2023.01.06-21.50.03:218][  0]LogAutomationTest: Warning: Smoke tests took >2s to run (3.64s). 'FAutomationTestAttemptToFindUninitializedScriptStructMembers' took 2758ms. SmokeFilter tier tests should take less than 1ms. Please optimize or move 'FAutomationTestAttemptToFindUninitializedScriptStructMembers' to a slower tier than SmokeFilter.
[2023.01.06-21.50.03:250][  0]LogEngine: Initializing Engine...
[2023.01.06-21.50.03:653][  0]LogHMD: Failed to enumerate extensions. Please check that you have a valid OpenXR runtime installed.
[2023.01.06-21.50.03:664][  0]LogHMD: Failed to initialize OpenVR with code 110
[2023.01.06-21.50.03:676][  0]LogMagicLeap: Warning: VR disabled because ZI is not enabled.  To enable, in the editor, Edit -> Project Settings -> Plugins -> Magic Leap Plugin -> Enable Zero Iteration
[2023.01.06-21.50.03:791][  0]LogStats: UGameplayTagsManager::InitializeManager -  0.016 s
[2023.01.06-21.50.05:166][  0]LogInit: Initializing FReadOnlyCVARCache
[2023.01.06-21.50.05:258][  0]LogAIModule: Creating AISystem for world Untitled
[2023.01.06-21.50.05:377][  0]LogAudio: Display: Initializing Audio Device Manager...
[2023.01.06-21.50.05:445][  0]LogAudio: Display: Loading Default Audio Settings Objects...
[2023.01.06-21.50.05:455][  0]LogAudio: Display: No default SoundConcurrencyObject specified (or failed to load).
[2023.01.06-21.50.05:457][  0]LogAudio: Display: Audio Device Manager Initialized
[2023.01.06-21.50.05:457][  0]LogAudio: Display: Creating Audio Device:                 Id: 1, Scope: Shared, Realtime: True
[2023.01.06-21.50.05:457][  0]LogAudioMixer: Display: Audio Mixer Platform Settings:
[2023.01.06-21.50.05:457][  0]LogAudioMixer: Display: 	Sample Rate:						  48000
[2023.01.06-21.50.05:457][  0]LogAudioMixer: Display: 	Callback Buffer Frame Size Requested: 1024
[2023.01.06-21.50.05:457][  0]LogAudioMixer: Display: 	Callback Buffer Frame Size To Use:	  1024
[2023.01.06-21.50.05:457][  0]LogAudioMixer: Display: 	Number of buffers to queue:			  2
[2023.01.06-21.50.05:457][  0]LogAudioMixer: Display: 	Max Channels (voices):				  32
[2023.01.06-21.50.05:457][  0]LogAudioMixer: Display: 	Number of Async Source Workers:		  0
[2023.01.06-21.50.05:458][  0]LogAudio: Display: AudioDevice MaxSources: 32
[2023.01.06-21.50.05:458][  0]LogAudio: Display: Audio Spatialization Plugin: None (built-in).
[2023.01.06-21.50.05:458][  0]LogAudio: Display: Audio Reverb Plugin: None (built-in).
[2023.01.06-21.50.05:458][  0]LogAudio: Display: Audio Occlusion Plugin: None (built-in).
[2023.01.06-21.50.05:458][  0]LogAudioMixer: Display: Initializing audio mixer.
[2023.01.06-21.50.05:543][  0]LogAudioMixer: Display: 0: FrontLeft
[2023.01.06-21.50.05:543][  0]LogAudioMixer: Display: 1: FrontRight
[2023.01.06-21.50.05:622][  0]LogAudioMixer: Display: Using Audio Device Głośniki (Realtek(R) Audio)
[2023.01.06-21.50.05:632][  0]LogAudioMixer: Display: Initializing Sound Submixes...
[2023.01.06-21.50.05:712][  0]LogAudioMixer: Display: Creating Master Submix 'MasterSubmixDefault'
[2023.01.06-21.50.05:713][  0]LogAudioMixer: Display: Creating Master Submix 'MasterReverbSubmixDefault'
[2023.01.06-21.50.05:718][  0]LogAudioMixer: Display: Creating Master Submix 'MasterEQSubmixDefault'
[2023.01.06-21.50.05:718][  0]LogAudioMixer: FMixerPlatformXAudio2::StartAudioStream() called
[2023.01.06-21.50.05:719][  0]LogAudioMixer: Display: Output buffers initialized: Frames=1024, Channels=2, Samples=2048
[2023.01.06-21.50.05:727][  0]LogAudioMixer: Display: Starting AudioMixerPlatformInterface::RunInternal()
[2023.01.06-21.50.05:727][  0]LogAudioMixer: Display: FMixerPlatformXAudio2::SubmitBuffer() called for the first time
[2023.01.06-21.50.05:727][  0]LogInit: FAudioDevice initialized.
[2023.01.06-21.50.05:728][  0]LogAudio: Display: Audio Device (ID: 1) registered with world 'Untitled'.
[2023.01.06-21.50.05:728][  0]LogNetVersion: Set ProjectVersion to 1.0.0.0. Version Checksum will be recalculated on next use.
[2023.01.06-21.50.06:225][  0]LogDerivedDataCache: Saved boot cache 0.50s 94MB C:/Users/HP/AppData/Local/UnrealEngine/4.27/DerivedDataCache/Boot.ddc.
[2023.01.06-21.50.06:228][  0]LogInit: Texture streaming: Enabled
[2023.01.06-21.50.06:313][  0]LogAnalytics: Display: [UEEditor.Rocket.Release] APIServer = https://datarouter.ol.epicgames.com/. AppVersion = 4.27.2-18319896+++UE4+Release-4.27
[2023.01.06-21.50.06:411][  0]LogEngineSessionManager: EngineSessionManager initialized
[2023.01.06-21.50.06:412][  0]LogEditorSessionSummary: Verbose: Initializing EditorSessionSummaryWriter for editor session tracking
[2023.01.06-21.50.06:446][  0]LogEditorSessionSummary: EditorSessionSummaryWriter initialized
[2023.01.06-21.50.06:818][  0]LogInit: Transaction tracking system initialized
[2023.01.06-21.50.07:175][  0]BlueprintLog: New page: Editor Load
[2023.01.06-21.50.08:478][  0]LocalizationService: Localization service is disabled
[2023.01.06-21.50.08:978][  0]TimingProfiler: Initialize
[2023.01.06-21.50.08:978][  0]TimingProfiler: OnSessionChanged
[2023.01.06-21.50.08:978][  0]LoadingProfiler: Initialize
[2023.01.06-21.50.08:979][  0]LoadingProfiler: OnSessionChanged
[2023.01.06-21.50.08:979][  0]NetworkingProfiler: Initialize
[2023.01.06-21.50.08:979][  0]NetworkingProfiler: OnSessionChanged
[2023.01.06-21.50.08:979][  0]MemoryProfiler: Initialize
[2023.01.06-21.50.08:979][  0]MemoryProfiler: OnSessionChanged
[2023.01.06-21.50.10:581][  0]LogVSAccessor: Display: Unable to create Visual Studio setup instance: 80040154
[2023.01.06-21.50.10:582][  0]LogVSAccessor: Display: Unable to create Visual Studio setup instance: 80040154
[2023.01.06-21.50.10:584][  0]LogVSAccessor: Display: Unable to create Visual Studio setup instance: 80040154
[2023.01.06-21.50.13:430][  0]LogCook: Display: CookSettings for Memory: MemoryMaxUsedVirtual 0MiB, MemoryMaxUsedPhysical 16384MiB, MemoryMinFreeVirtual 0MiB, MemoryMinFreePhysical 1024MiB
[2023.01.06-21.50.13:431][  0]LogCook: Display: Mobile HDR setting 1
[2023.01.06-21.50.14:586][  0]LogFileCache: Scanning file cache for directory 'D:/studia/Programowanie/Unreal/Topshooter/Top_Down_Shooter/TopDownShooter/Content/' took 0.93s
[2023.01.06-21.50.21:464][  0]LogInit: Display: Engine is initialized. Leaving FEngineLoop::Init()
[2023.01.06-21.50.21:545][  0]SourceControl: Source control is disabled
[2023.01.06-21.50.21:546][  0]LogUnrealEdMisc: Loading editor; pre map load, took 306.111
[2023.01.06-21.50.21:546][  0]Cmd: MAP LOAD FILE="../../../../../studia/Programowanie/Unreal/Topshooter/Top_Down_Shooter/TopDownShooter/Content/StarterContent/Maps/Minimal_Default.umap" TEMPLATE=0 SHOWPROGRESS=1 FEATURELEVEL=3
[2023.01.06-21.50.21:606][  0]LightingResults: New page: Lighting Build
[2023.01.06-21.50.21:770][  0]LogWorld: UWorld::CleanupWorld for Untitled, bSessionEnded=true, bCleanupResources=true
[2023.01.06-21.50.21:770][  0]LogSlate: InvalidateAllWidgets triggered.  All widgets were invalidated
[2023.01.06-21.50.21:771][  0]MapCheck: New page: Map Check
[2023.01.06-21.50.21:771][  0]LightingResults: New page: Lighting Build
[2023.01.06-21.50.21:999][  0]LogAudio: Display: Audio Device unregistered from world 'None'.
[2023.01.06-21.50.22:011][  0]LogUObjectHash: Compacting FUObjectHashTables data took   4.41ms
[2023.01.06-21.50.23:956][  0]LogTexture: Display: Building textures: DeprecatedTextureD6C57B644F03DADF4F2699848FAEA3C3 (BGRA8, 128X128)
[2023.01.06-21.50.23:974][  0]LogTexture: Display: Building textures: DeprecatedTexture8D91C9AE4C6B8D628CDA3C848426284A (BGRA8, 128X128)
[2023.01.06-21.50.24:226][  0]LogAudio: Display: Audio Device (ID: 1) registered with world 'Minimal_Default'.
[2023.01.06-21.50.24:234][  0]LogAIModule: Creating AISystem for world Minimal_Default
[2023.01.06-21.50.24:339][  0]LogEditorServer: Finished looking for orphan Actors (0.000 secs)
[2023.01.06-21.50.24:557][  0]LogUObjectHash: Compacting FUObjectHashTables data took   3.87ms
[2023.01.06-21.50.24:558][  0]Cmd: MAP CHECKDEP NOCLEARLOG
[2023.01.06-21.50.24:559][  0]MapCheck: Map check complete: 0 Error(s), 0 Warning(s), took 0,39ms to complete.
[2023.01.06-21.50.24:559][  0]LogFileHelpers: Loading map 'Minimal_Default' took 3.012
[2023.01.06-21.50.24:584][  0]LogUnrealEdMisc: Total Editor Startup Time, took 309.149
[2023.01.06-21.50.25:134][  0]LogSlate: Updating window title bar state: overlay mode, drag disabled, window buttons hidden, title bar hidden
[2023.01.06-21.50.25:162][  0]LogSlate: Updating window title bar state: overlay mode, drag disabled, window buttons hidden, title bar hidden
[2023.01.06-21.50.25:188][  0]LogSlate: Updating window title bar state: overlay mode, drag disabled, window buttons hidden, title bar hidden
[2023.01.06-21.50.25:212][  0]LogSlate: Updating window title bar state: overlay mode, drag disabled, window buttons hidden, title bar hidden
[2023.01.06-21.50.26:539][  0]LogNativeClassHierarchy: Verbose: Native class hierarchy populated in 0.0385 seconds. Added 3824 classes and 931 folders.
[2023.01.06-21.50.27:669][  0]LogNativeClassHierarchy: Verbose: Native class hierarchy updated for 'WidgetCarousel' in 0.0009 seconds. Added 0 classes and 0 folders.
[2023.01.06-21.50.27:903][  0]LogPakFile: PakFile PrimaryIndexSize=187
[2023.01.06-21.50.27:904][  0]LogPakFile: PakFile PathHashIndexSize=101
[2023.01.06-21.50.27:904][  0]LogPakFile: PakFile FullDirectoryIndexSize=148
[2023.01.06-21.50.27:904][  0]LogShaderLibrary: Display: ShaderCodeLibraryPakFileMountedCallback: PakFile 'D:/Program Files/UE_4.27/FeaturePacks/FP_FirstPerson.upack' (chunk index -1, root 'root:/') mounted
[2023.01.06-21.50.27:904][  0]LogShaderLibrary: Display: ShaderCodeLibraryPakFileMountedCallback: pending pak file info (ChunkID:-1 Root:root:/ File:D:/Program Files/UE_4.27/FeaturePacks/FP_FirstPerson.upack)
[2023.01.06-21.50.27:904][  0]LogPakFile: OnPakFileMounted2Time == 0.000370
[2023.01.06-21.50.28:009][  0]LogPakFile: PakFile PrimaryIndexSize=189
[2023.01.06-21.50.28:009][  0]LogPakFile: PakFile PathHashIndexSize=101
[2023.01.06-21.50.28:009][  0]LogPakFile: PakFile FullDirectoryIndexSize=152
[2023.01.06-21.50.28:009][  0]LogShaderLibrary: Display: ShaderCodeLibraryPakFileMountedCallback: PakFile 'D:/Program Files/UE_4.27/FeaturePacks/FP_FirstPersonBP.upack' (chunk index -1, root 'root:/') mounted
[2023.01.06-21.50.28:009][  0]LogShaderLibrary: Display: ShaderCodeLibraryPakFileMountedCallback: pending pak file info (ChunkID:-1 Root:root:/ File:D:/Program Files/UE_4.27/FeaturePacks/FP_FirstPersonBP.upack)
[2023.01.06-21.50.28:009][  0]LogPakFile: OnPakFileMounted2Time == 0.000109
[2023.01.06-21.50.28:151][  0]LogPakFile: PakFile PrimaryIndexSize=191
[2023.01.06-21.50.28:152][  0]LogPakFile: PakFile PathHashIndexSize=101
[2023.01.06-21.50.28:152][  0]LogPakFile: PakFile FullDirectoryIndexSize=160
[2023.01.06-21.50.28:152][  0]LogShaderLibrary: Display: ShaderCodeLibraryPakFileMountedCallback: PakFile 'D:/Program Files/UE_4.27/FeaturePacks/MobileStarterContent.upack' (chunk index -1, root 'root:/') mounted
[2023.01.06-21.50.28:152][  0]LogShaderLibrary: Display: ShaderCodeLibraryPakFileMountedCallback: pending pak file info (ChunkID:-1 Root:root:/ File:D:/Program Files/UE_4.27/FeaturePacks/MobileStarterContent.upack)
[2023.01.06-21.50.28:152][  0]LogPakFile: OnPakFileMounted2Time == 0.000118
[2023.01.06-21.50.28:275][  0]LogPakFile: PakFile PrimaryIndexSize=185
[2023.01.06-21.50.28:275][  0]LogPakFile: PakFile PathHashIndexSize=101
[2023.01.06-21.50.28:275][  0]LogPakFile: PakFile FullDirectoryIndexSize=148
[2023.01.06-21.50.28:275][  0]LogShaderLibrary: Display: ShaderCodeLibraryPakFileMountedCallback: PakFile 'D:/Program Files/UE_4.27/FeaturePacks/StarterContent.upack' (chunk index -1, root 'root:/') mounted
[2023.01.06-21.50.28:275][  0]LogShaderLibrary: Display: ShaderCodeLibraryPakFileMountedCallback: pending pak file info (ChunkID:-1 Root:root:/ File:D:/Program Files/UE_4.27/FeaturePacks/StarterContent.upack)
[2023.01.06-21.50.28:275][  0]LogPakFile: OnPakFileMounted2Time == 0.000238
[2023.01.06-21.50.28:446][  0]LogPakFile: PakFile PrimaryIndexSize=190
[2023.01.06-21.50.28:446][  0]LogPakFile: PakFile PathHashIndexSize=101
[2023.01.06-21.50.28:447][  0]LogPakFile: PakFile FullDirectoryIndexSize=154
[2023.01.06-21.50.28:447][  0]LogShaderLibrary: Display: ShaderCodeLibraryPakFileMountedCallback: PakFile 'D:/Program Files/UE_4.27/FeaturePacks/TP_2DSideScroller.upack' (chunk index -1, root 'root:/') mounted
[2023.01.06-21.50.28:447][  0]LogShaderLibrary: Display: ShaderCodeLibraryPakFileMountedCallback: pending pak file info (ChunkID:-1 Root:root:/ File:D:/Program Files/UE_4.27/FeaturePacks/TP_2DSideScroller.upack)
[2023.01.06-21.50.28:447][  0]LogPakFile: OnPakFileMounted2Time == 0.000130
[2023.01.06-21.50.28:592][  0]LogPakFile: PakFile PrimaryIndexSize=192
[2023.01.06-21.50.28:592][  0]LogPakFile: PakFile PathHashIndexSize=101
[2023.01.06-21.50.28:592][  0]LogPakFile: PakFile FullDirectoryIndexSize=158
[2023.01.06-21.50.28:593][  0]LogShaderLibrary: Display: ShaderCodeLibraryPakFileMountedCallback: PakFile 'D:/Program Files/UE_4.27/FeaturePacks/TP_2DSideScrollerBP.upack' (chunk index -1, root 'root:/') mounted
[2023.01.06-21.50.28:593][  0]LogShaderLibrary: Display: ShaderCodeLibraryPakFileMountedCallback: pending pak file info (ChunkID:-1 Root:root:/ File:D:/Program Files/UE_4.27/FeaturePacks/TP_2DSideScrollerBP.upack)
[2023.01.06-21.50.28:593][  0]LogPakFile: OnPakFileMounted2Time == 0.000290
[2023.01.06-21.50.28:716][  0]LogPakFile: PakFile PrimaryIndexSize=182
[2023.01.06-21.50.28:716][  0]LogPakFile: PakFile PathHashIndexSize=101
[2023.01.06-21.50.28:716][  0]LogPakFile: PakFile FullDirectoryIndexSize=138
[2023.01.06-21.50.28:716][  0]LogShaderLibrary: Display: ShaderCodeLibraryPakFileMountedCallback: PakFile 'D:/Program Files/UE_4.27/FeaturePacks/TP_Flying.upack' (chunk index -1, root 'root:/') mounted
[2023.01.06-21.50.28:716][  0]LogShaderLibrary: Display: ShaderCodeLibraryPakFileMountedCallback: pending pak file info (ChunkID:-1 Root:root:/ File:D:/Program Files/UE_4.27/FeaturePacks/TP_Flying.upack)
[2023.01.06-21.50.28:717][  0]LogPakFile: OnPakFileMounted2Time == 0.000129
[2023.01.06-21.50.28:804][  0]LogPakFile: PakFile PrimaryIndexSize=184
[2023.01.06-21.50.28:804][  0]LogPakFile: PakFile PathHashIndexSize=101
[2023.01.06-21.50.28:805][  0]LogPakFile: PakFile FullDirectoryIndexSize=142
[2023.01.06-21.50.28:805][  0]LogShaderLibrary: Display: ShaderCodeLibraryPakFileMountedCallback: PakFile 'D:/Program Files/UE_4.27/FeaturePacks/TP_FlyingBP.upack' (chunk index -1, root 'root:/') mounted
[2023.01.06-21.50.28:805][  0]LogShaderLibrary: Display: ShaderCodeLibraryPakFileMountedCallback: pending pak file info (ChunkID:-1 Root:root:/ File:D:/Program Files/UE_4.27/FeaturePacks/TP_FlyingBP.upack)
[2023.01.06-21.50.28:805][  0]LogPakFile: OnPakFileMounted2Time == 0.000197
[2023.01.06-21.50.28:861][  0]LogPakFile: PakFile PrimaryIndexSize=188
[2023.01.06-21.50.28:861][  0]LogPakFile: PakFile PathHashIndexSize=101
[2023.01.06-21.50.28:861][  0]LogPakFile: PakFile FullDirectoryIndexSize=150
[2023.01.06-21.50.28:861][  0]LogShaderLibrary: Display: ShaderCodeLibraryPakFileMountedCallback: PakFile 'D:/Program Files/UE_4.27/FeaturePacks/TP_HandheldARBP.upack' (chunk index -1, root 'root:/') mounted
[2023.01.06-21.50.28:861][  0]LogShaderLibrary: Display: ShaderCodeLibraryPakFileMountedCallback: pending pak file info (ChunkID:-1 Root:root:/ File:D:/Program Files/UE_4.27/FeaturePacks/TP_HandheldARBP.upack)
[2023.01.06-21.50.28:861][  0]LogPakFile: OnPakFileMounted2Time == 0.000195
[2023.01.06-21.50.28:964][  0]LogPakFile: PakFile PrimaryIndexSize=182
[2023.01.06-21.50.28:964][  0]LogPakFile: PakFile PathHashIndexSize=101
[2023.01.06-21.50.28:964][  0]LogPakFile: PakFile FullDirectoryIndexSize=138
[2023.01.06-21.50.28:965][  0]LogShaderLibrary: Display: ShaderCodeLibraryPakFileMountedCallback: PakFile 'D:/Program Files/UE_4.27/FeaturePacks/TP_Puzzle.upack' (chunk index -1, root 'root:/') mounted
[2023.01.06-21.50.28:965][  0]LogShaderLibrary: Display: ShaderCodeLibraryPakFileMountedCallback: pending pak file info (ChunkID:-1 Root:root:/ File:D:/Program Files/UE_4.27/FeaturePacks/TP_Puzzle.upack)
[2023.01.06-21.50.28:965][  0]LogPakFile: OnPakFileMounted2Time == 0.000268
[2023.01.06-21.50.29:012][  0]LogPakFile: PakFile PrimaryIndexSize=184
[2023.01.06-21.50.29:012][  0]LogPakFile: PakFile PathHashIndexSize=101
[2023.01.06-21.50.29:012][  0]LogPakFile: PakFile FullDirectoryIndexSize=142
[2023.01.06-21.50.29:012][  0]LogShaderLibrary: Display: ShaderCodeLibraryPakFileMountedCallback: PakFile 'D:/Program Files/UE_4.27/FeaturePacks/TP_PuzzleBP.upack' (chunk index -1, root 'root:/') mounted
[2023.01.06-21.50.29:012][  0]LogShaderLibrary: Display: ShaderCodeLibraryPakFileMountedCallback: pending pak file info (ChunkID:-1 Root:root:/ File:D:/Program Files/UE_4.27/FeaturePacks/TP_PuzzleBP.upack)
[2023.01.06-21.50.29:013][  0]LogPakFile: OnPakFileMounted2Time == 0.000200
[2023.01.06-21.50.29:036][  0]LogPakFile: PakFile PrimaryIndexSize=183
[2023.01.06-21.50.29:037][  0]LogPakFile: PakFile PathHashIndexSize=101
[2023.01.06-21.50.29:037][  0]LogPakFile: PakFile FullDirectoryIndexSize=140
[2023.01.06-21.50.29:037][  0]LogShaderLibrary: Display: ShaderCodeLibraryPakFileMountedCallback: PakFile 'D:/Program Files/UE_4.27/FeaturePacks/TP_Rolling.upack' (chunk index -1, root 'root:/') mounted
[2023.01.06-21.50.29:037][  0]LogShaderLibrary: Display: ShaderCodeLibraryPakFileMountedCallback: pending pak file info (ChunkID:-1 Root:root:/ File:D:/Program Files/UE_4.27/FeaturePacks/TP_Rolling.upack)
[2023.01.06-21.50.29:037][  0]LogPakFile: OnPakFileMounted2Time == 0.000292
[2023.01.06-21.50.29:043][  0]LogPakFile: PakFile PrimaryIndexSize=185
[2023.01.06-21.50.29:043][  0]LogPakFile: PakFile PathHashIndexSize=101
[2023.01.06-21.50.29:043][  0]LogPakFile: PakFile FullDirectoryIndexSize=144
[2023.01.06-21.50.29:043][  0]LogShaderLibrary: Display: ShaderCodeLibraryPakFileMountedCallback: PakFile 'D:/Program Files/UE_4.27/FeaturePacks/TP_RollingBP.upack' (chunk index -1, root 'root:/') mounted
[2023.01.06-21.50.29:043][  0]LogShaderLibrary: Display: ShaderCodeLibraryPakFileMountedCallback: pending pak file info (ChunkID:-1 Root:root:/ File:D:/Program Files/UE_4.27/FeaturePacks/TP_RollingBP.upack)
[2023.01.06-21.50.29:043][  0]LogPakFile: OnPakFileMounted2Time == 0.000188
[2023.01.06-21.50.29:059][  0]LogPakFile: PakFile PrimaryIndexSize=188
[2023.01.06-21.50.29:060][  0]LogPakFile: PakFile PathHashIndexSize=101
[2023.01.06-21.50.29:060][  0]LogPakFile: PakFile FullDirectoryIndexSize=150
[2023.01.06-21.50.29:060][  0]LogShaderLibrary: Display: ShaderCodeLibraryPakFileMountedCallback: PakFile 'D:/Program Files/UE_4.27/FeaturePacks/TP_SideScroller.upack' (chunk index -1, root 'root:/') mounted
[2023.01.06-21.50.29:060][  0]LogShaderLibrary: Display: ShaderCodeLibraryPakFileMountedCallback: pending pak file info (ChunkID:-1 Root:root:/ File:D:/Program Files/UE_4.27/FeaturePacks/TP_SideScroller.upack)
[2023.01.06-21.50.29:060][  0]LogPakFile: OnPakFileMounted2Time == 0.000126
[2023.01.06-21.50.29:089][  0]LogPakFile: PakFile PrimaryIndexSize=190
[2023.01.06-21.50.29:089][  0]LogPakFile: PakFile PathHashIndexSize=101
[2023.01.06-21.50.29:090][  0]LogPakFile: PakFile FullDirectoryIndexSize=154
[2023.01.06-21.50.29:090][  0]LogShaderLibrary: Display: ShaderCodeLibraryPakFileMountedCallback: PakFile 'D:/Program Files/UE_4.27/FeaturePacks/TP_SideScrollerBP.upack' (chunk index -1, root 'root:/') mounted
[2023.01.06-21.50.29:090][  0]LogShaderLibrary: Display: ShaderCodeLibraryPakFileMountedCallback: pending pak file info (ChunkID:-1 Root:root:/ File:D:/Program Files/UE_4.27/FeaturePacks/TP_SideScrollerBP.upack)
[2023.01.06-21.50.29:090][  0]LogPakFile: OnPakFileMounted2Time == 0.000287
[2023.01.06-21.50.29:182][  0]LogPakFile: PakFile PrimaryIndexSize=187
[2023.01.06-21.50.29:183][  0]LogPakFile: PakFile PathHashIndexSize=101
[2023.01.06-21.50.29:183][  0]LogPakFile: PakFile FullDirectoryIndexSize=148
[2023.01.06-21.50.29:183][  0]LogShaderLibrary: Display: ShaderCodeLibraryPakFileMountedCallback: PakFile 'D:/Program Files/UE_4.27/FeaturePacks/TP_ThirdPerson.upack' (chunk index -1, root 'root:/') mounted
[2023.01.06-21.50.29:183][  0]LogShaderLibrary: Display: ShaderCodeLibraryPakFileMountedCallback: pending pak file info (ChunkID:-1 Root:root:/ File:D:/Program Files/UE_4.27/FeaturePacks/TP_ThirdPerson.upack)
[2023.01.06-21.50.29:183][  0]LogPakFile: OnPakFileMounted2Time == 0.000204
[2023.01.06-21.50.29:267][  0]LogPakFile: PakFile PrimaryIndexSize=189
[2023.01.06-21.50.29:268][  0]LogPakFile: PakFile PathHashIndexSize=101
[2023.01.06-21.50.29:268][  0]LogPakFile: PakFile FullDirectoryIndexSize=152
[2023.01.06-21.50.29:268][  0]LogShaderLibrary: Display: ShaderCodeLibraryPakFileMountedCallback: PakFile 'D:/Program Files/UE_4.27/FeaturePacks/TP_ThirdPersonBP.upack' (chunk index -1, root 'root:/') mounted
[2023.01.06-21.50.29:268][  0]LogShaderLibrary: Display: ShaderCodeLibraryPakFileMountedCallback: pending pak file info (ChunkID:-1 Root:root:/ File:D:/Program Files/UE_4.27/FeaturePacks/TP_ThirdPersonBP.upack)
[2023.01.06-21.50.29:268][  0]LogPakFile: OnPakFileMounted2Time == 0.000300
[2023.01.06-21.50.29:301][  0]LogPakFile: PakFile PrimaryIndexSize=183
[2023.01.06-21.50.29:301][  0]LogPakFile: PakFile PathHashIndexSize=101
[2023.01.06-21.50.29:301][  0]LogPakFile: PakFile FullDirectoryIndexSize=140
[2023.01.06-21.50.29:301][  0]LogShaderLibrary: Display: ShaderCodeLibraryPakFileMountedCallback: PakFile 'D:/Program Files/UE_4.27/FeaturePacks/TP_TopDown.upack' (chunk index -1, root 'root:/') mounted
[2023.01.06-21.50.29:301][  0]LogShaderLibrary: Display: ShaderCodeLibraryPakFileMountedCallback: pending pak file info (ChunkID:-1 Root:root:/ File:D:/Program Files/UE_4.27/FeaturePacks/TP_TopDown.upack)
[2023.01.06-21.50.29:301][  0]LogPakFile: OnPakFileMounted2Time == 0.000225
[2023.01.06-21.50.29:348][  0]LogPakFile: PakFile PrimaryIndexSize=185
[2023.01.06-21.50.29:349][  0]LogPakFile: PakFile PathHashIndexSize=101
[2023.01.06-21.50.29:349][  0]LogPakFile: PakFile FullDirectoryIndexSize=144
[2023.01.06-21.50.29:349][  0]LogShaderLibrary: Display: ShaderCodeLibraryPakFileMountedCallback: PakFile 'D:/Program Files/UE_4.27/FeaturePacks/TP_TopDownBP.upack' (chunk index -1, root 'root:/') mounted
[2023.01.06-21.50.29:349][  0]LogShaderLibrary: Display: ShaderCodeLibraryPakFileMountedCallback: pending pak file info (ChunkID:-1 Root:root:/ File:D:/Program Files/UE_4.27/FeaturePacks/TP_TopDownBP.upack)
[2023.01.06-21.50.29:349][  0]LogPakFile: OnPakFileMounted2Time == 0.000227
[2023.01.06-21.50.29:380][  0]LogPakFile: PakFile PrimaryIndexSize=185
[2023.01.06-21.50.29:380][  0]LogPakFile: PakFile PathHashIndexSize=101
[2023.01.06-21.50.29:380][  0]LogPakFile: PakFile FullDirectoryIndexSize=144
[2023.01.06-21.50.29:380][  0]LogShaderLibrary: Display: ShaderCodeLibraryPakFileMountedCallback: PakFile 'D:/Program Files/UE_4.27/FeaturePacks/TP_TwinStick.upack' (chunk index -1, root 'root:/') mounted
[2023.01.06-21.50.29:381][  0]LogShaderLibrary: Display: ShaderCodeLibraryPakFileMountedCallback: pending pak file info (ChunkID:-1 Root:root:/ File:D:/Program Files/UE_4.27/FeaturePacks/TP_TwinStick.upack)
[2023.01.06-21.50.29:381][  0]LogPakFile: OnPakFileMounted2Time == 0.000563
[2023.01.06-21.50.29:408][  0]LogPakFile: PakFile PrimaryIndexSize=187
[2023.01.06-21.50.29:408][  0]LogPakFile: PakFile PathHashIndexSize=101
[2023.01.06-21.50.29:408][  0]LogPakFile: PakFile FullDirectoryIndexSize=148
[2023.01.06-21.50.29:409][  0]LogShaderLibrary: Display: ShaderCodeLibraryPakFileMountedCallback: PakFile 'D:/Program Files/UE_4.27/FeaturePacks/TP_TwinStickBP.upack' (chunk index -1, root 'root:/') mounted
[2023.01.06-21.50.29:409][  0]LogShaderLibrary: Display: ShaderCodeLibraryPakFileMountedCallback: pending pak file info (ChunkID:-1 Root:root:/ File:D:/Program Files/UE_4.27/FeaturePacks/TP_TwinStickBP.upack)
[2023.01.06-21.50.29:409][  0]LogPakFile: OnPakFileMounted2Time == 0.000215
[2023.01.06-21.50.29:479][  0]LogPakFile: PakFile PrimaryIndexSize=183
[2023.01.06-21.50.29:479][  0]LogPakFile: PakFile PathHashIndexSize=101
[2023.01.06-21.50.29:480][  0]LogPakFile: PakFile FullDirectoryIndexSize=140
[2023.01.06-21.50.29:480][  0]LogShaderLibrary: Display: ShaderCodeLibraryPakFileMountedCallback: PakFile 'D:/Program Files/UE_4.27/FeaturePacks/TP_Vehicle.upack' (chunk index -1, root 'root:/') mounted
[2023.01.06-21.50.29:480][  0]LogShaderLibrary: Display: ShaderCodeLibraryPakFileMountedCallback: pending pak file info (ChunkID:-1 Root:root:/ File:D:/Program Files/UE_4.27/FeaturePacks/TP_Vehicle.upack)
[2023.01.06-21.50.29:481][  0]LogPakFile: OnPakFileMounted2Time == 0.000451
[2023.01.06-21.50.29:539][  0]LogPakFile: PakFile PrimaryIndexSize=186
[2023.01.06-21.50.29:539][  0]LogPakFile: PakFile PathHashIndexSize=101
[2023.01.06-21.50.29:539][  0]LogPakFile: PakFile FullDirectoryIndexSize=146
[2023.01.06-21.50.29:539][  0]LogShaderLibrary: Display: ShaderCodeLibraryPakFileMountedCallback: PakFile 'D:/Program Files/UE_4.27/FeaturePacks/TP_VehicleAdv.upack' (chunk index -1, root 'root:/') mounted
[2023.01.06-21.50.29:539][  0]LogShaderLibrary: Display: ShaderCodeLibraryPakFileMountedCallback: pending pak file info (ChunkID:-1 Root:root:/ File:D:/Program Files/UE_4.27/FeaturePacks/TP_VehicleAdv.upack)
[2023.01.06-21.50.29:539][  0]LogPakFile: OnPakFileMounted2Time == 0.000126
[2023.01.06-21.50.29:566][  0]LogPakFile: PakFile PrimaryIndexSize=188
[2023.01.06-21.50.29:566][  0]LogPakFile: PakFile PathHashIndexSize=101
[2023.01.06-21.50.29:566][  0]LogPakFile: PakFile FullDirectoryIndexSize=150
[2023.01.06-21.50.29:566][  0]LogShaderLibrary: Display: ShaderCodeLibraryPakFileMountedCallback: PakFile 'D:/Program Files/UE_4.27/FeaturePacks/TP_VehicleAdvBP.upack' (chunk index -1, root 'root:/') mounted
[2023.01.06-21.50.29:566][  0]LogShaderLibrary: Display: ShaderCodeLibraryPakFileMountedCallback: pending pak file info (ChunkID:-1 Root:root:/ File:D:/Program Files/UE_4.27/FeaturePacks/TP_VehicleAdvBP.upack)
[2023.01.06-21.50.29:566][  0]LogPakFile: OnPakFileMounted2Time == 0.000207
[2023.01.06-21.50.29:620][  0]LogPakFile: PakFile PrimaryIndexSize=185
[2023.01.06-21.50.29:620][  0]LogPakFile: PakFile PathHashIndexSize=101
[2023.01.06-21.50.29:620][  0]LogPakFile: PakFile FullDirectoryIndexSize=144
[2023.01.06-21.50.29:620][  0]LogShaderLibrary: Display: ShaderCodeLibraryPakFileMountedCallback: PakFile 'D:/Program Files/UE_4.27/FeaturePacks/TP_VehicleBP.upack' (chunk index -1, root 'root:/') mounted
[2023.01.06-21.50.29:621][  0]LogShaderLibrary: Display: ShaderCodeLibraryPakFileMountedCallback: pending pak file info (ChunkID:-1 Root:root:/ File:D:/Program Files/UE_4.27/FeaturePacks/TP_VehicleBP.upack)
[2023.01.06-21.50.29:621][  0]LogPakFile: OnPakFileMounted2Time == 0.000352
[2023.01.06-21.50.29:691][  0]LogPakFile: PakFile PrimaryIndexSize=192
[2023.01.06-21.50.29:691][  0]LogPakFile: PakFile PathHashIndexSize=101
[2023.01.06-21.50.29:691][  0]LogPakFile: PakFile FullDirectoryIndexSize=158
[2023.01.06-21.50.29:691][  0]LogShaderLibrary: Display: ShaderCodeLibraryPakFileMountedCallback: PakFile 'D:/Program Files/UE_4.27/FeaturePacks/TP_VirtualRealityBP.upack' (chunk index -1, root 'root:/') mounted
[2023.01.06-21.50.29:691][  0]LogShaderLibrary: Display: ShaderCodeLibraryPakFileMountedCallback: pending pak file info (ChunkID:-1 Root:root:/ File:D:/Program Files/UE_4.27/FeaturePacks/TP_VirtualRealityBP.upack)
[2023.01.06-21.50.29:692][  0]LogPakFile: OnPakFileMounted2Time == 0.000266
[2023.01.06-21.50.36:188][  0]LogNativeClassHierarchy: Verbose: Native class hierarchy updated for 'AddContentDialog' in 0.0015 seconds. Added 0 classes and 0 folders.
[2023.01.06-21.50.36:254][  0]LogNativeClassHierarchy: Verbose: Native class hierarchy updated for 'SceneOutliner' in 0.0015 seconds. Added 2 classes and 0 folders.
[2023.01.06-21.50.36:431][  0]LogSlate: Took 0.031543 seconds to synchronously load lazily loaded font '../../../Engine/Content/Slate/Fonts/Roboto-Regular.ttf' (155K)
[2023.01.06-21.50.36:484][  0]LogSlate: Took 0.049772 seconds to synchronously load lazily loaded font '../../../Engine/Content/Editor/Slate/Fonts/FontAwesome.ttf' (139K)
[2023.01.06-21.50.36:507][  0]LogSlate: Took 0.019720 seconds to synchronously load lazily loaded font '../../../Engine/Content/Slate/Fonts/Roboto-Bold.ttf' (160K)
[2023.01.06-21.50.36:941][  0]LogRenderer: Reallocating scene render targets to support 964x400 Format 10 NumSamples 1 (Frame:1).
[2023.01.06-21.50.38:434][  0]LogNativeClassHierarchy: Verbose: Native class hierarchy updated for 'HierarchicalLODOutliner' in 0.0009 seconds. Added 0 classes and 0 folders.
[2023.01.06-21.50.38:435][  0]LogLoad: (Engine Initialization) Total time: 323.00 seconds
[2023.01.06-21.50.38:435][  0]LogLoad: (Engine Initialization) Total Blueprint compile time: 0.00 seconds
[2023.01.06-21.50.38:654][  0]LogContentStreaming: Texture pool size now 1000 MB
[2023.01.06-21.50.42:044][  7]LogAssetRegistry: Asset discovery search completed in 236.0620 seconds
[2023.01.06-21.50.42:468][  7]LogCollectionManager: Fixed up redirectors for 0 collections in 0.000005 seconds (updated 0 objects)
[2023.01.06-21.50.42:643][  7]LogSlate: Took 0.033297 seconds to synchronously load lazily loaded font '../../../Engine/Content/Slate/Fonts/Roboto-Light.ttf' (167K)
[2023.01.06-21.50.44:935][ 15]LogD3D11RHI: Timed out while waiting for GPU to catch up. (0.5 s) (ErrorCode 00000001) (00000000)
[2023.01.06-21.50.48:412][ 17]LogD3D11RHI: Timed out while waiting for GPU to catch up. (0.5 s) (ErrorCode 00000001) (00000000)
[2023.01.06-21.50.50:885][ 24]LogD3D11RHI: Timed out while waiting for GPU to catch up. (0.5 s) (ErrorCode 00000001) (00000000)
[2023.01.06-21.50.54:030][ 29]LogD3D11RHI: Timed out while waiting for GPU to catch up. (0.5 s) (ErrorCode 00000001) (00000000)
[2023.01.06-21.51.00:143][ 32]LogD3D11RHI: Timed out while waiting for GPU to catch up. (0.5 s) (ErrorCode 00000001) (00000000)
[2023.01.06-21.51.01:270][ 34]LogD3D11RHI: Timed out while waiting for GPU to catch up. (0.5 s) (ErrorCode 00000001) (00000000)
[2023.01.06-21.51.04:719][ 44]LogD3D11RHI: Timed out while waiting for GPU to catch up. (0.5 s) (ErrorCode 00000001) (00000000)
[2023.01.06-21.51.11:726][ 62]LogD3D11RHI: Timed out while waiting for GPU to catch up. (0.5 s) (ErrorCode 00000001) (00000000)
[2023.01.06-21.51.13:068][ 66]LogD3D11RHI: Timed out while waiting for GPU to catch up. (0.5 s) (ErrorCode 00000001) (00000000)
[2023.01.06-21.51.15:275][ 72]LogD3D11RHI: Timed out while waiting for GPU to catch up. (0.5 s) (ErrorCode 00000001) (00000000)
[2023.01.06-21.54.10:043][592]LogUObjectHash: Compacting FUObjectHashTables data took  19.02ms
[2023.01.06-21.54.14:779][592]LogSlate: Window 'Top_Down_Shooter - Unreal Editor' being destroyed
[2023.01.06-21.54.15:283][592]LogWindowsTextInputMethodSystem: Display: IME system deactivated.
[2023.01.06-21.54.32:661][593]Cmd: QUIT_EDITOR
[2023.01.06-21.54.33:699][593]LogCore: Engine exit requested (reason: UUnrealEdEngine::CloseEditor())
[2023.01.06-21.54.39:944][593]LogCore: Engine exit requested (reason: EngineExit() was called; note: exit was already requested)
