Log file open, 01/06/23 22:49:18
LogWindows: Failed to load 'aqProf.dll' (GetLastError=126)
LogWindows: File 'aqProf.dll' does not exist
LogWindows: Failed to load 'VtuneApi.dll' (GetLastError=126)
LogWindows: File 'VtuneApi.dll' does not exist
LogWindows: Failed to load 'VtuneApi32e.dll' (GetLastError=126)
LogWindows: File 'VtuneApi32e.dll' does not exist
LogConsoleResponse: Display: Failed to find resolution value strings in scalability ini. Falling back to default.
LogConsoleResponse: Display: Failed to find resolution value strings in scalability ini. Falling back to default.
LogInit: Display: Running engine for game: Top_Down_Shooter
LogPlatformFile: Not using cached read wrapper
LogTaskGraph: Started task graph with 5 named threads and 23 total threads with 3 sets of task threads.
LogStats: Stats thread started at 5.507867
LogICUInternationalization: ICU TimeZone Detection - Raw Offset: +1:00, Platform Override: ''
LogInit: Display: Loading text-based GConfig....
LogPluginManager: Mounting plugin MeshPainting
LogPluginManager: Mounting plugin XGEController
LogPluginManager: Mounting plugin Paper2D
LogPluginManager: Mounting plugin LightPropagationVolume
LogPluginManager: Mounting plugin LiveLink
LogPluginManager: Mounting plugin CameraShakePreviewer
LogPluginManager: Mounting plugin GameplayCameras
LogPluginManager: Mounting plugin OodleData
LogPluginManager: Mounting plugin AssetManagerEditor
LogPluginManager: Mounting plugin OodleNetwork
LogPluginManager: Mounting plugin CryptoKeys
LogPluginManager: Mounting plugin CurveEditorTools
LogPluginManager: Mounting plugin DataValidation
LogPluginManager: Mounting plugin FacialAnimation
LogPluginManager: Mounting plugin GameplayTagsEditor
LogPluginManager: Mounting plugin GeometryMode
LogPluginManager: Mounting plugin MacGraphicsSwitching
LogPluginManager: Mounting plugin MaterialAnalyzer
LogPluginManager: Mounting plugin MobileLauncherProfileWizard
LogPluginManager: Mounting plugin PluginBrowser
LogPluginManager: Mounting plugin SpeedTreeImporter
LogPluginManager: Mounting plugin DatasmithContent
LogPluginManager: Mounting plugin VariantManagerContent
LogPluginManager: Mounting plugin AlembicImporter
LogPluginManager: Mounting plugin AutomationUtils
LogPluginManager: Mounting plugin BackChannel
LogPluginManager: Mounting plugin ChaosCloth
LogPluginManager: Mounting plugin ChaosClothEditor
LogPluginManager: Mounting plugin ChaosEditor
LogPluginManager: Mounting plugin ChaosNiagara
LogPluginManager: Mounting plugin ChaosSolverPlugin
LogPluginManager: Mounting plugin CharacterAI
LogPluginManager: Mounting plugin GeometryCache
LogPluginManager: Mounting plugin GeometryCollectionPlugin
LogPluginManager: Mounting plugin GeometryProcessing
LogPluginManager: Mounting plugin Niagara
LogPluginManager: Mounting plugin MotoSynth
LogPluginManager: Mounting plugin OpenImageDenoise
LogPluginManager: Mounting plugin PlanarCut
LogPluginManager: Mounting plugin PlatformCrypto
LogPluginManager: Mounting plugin ProxyLODPlugin
LogPluginManager: Mounting plugin PythonScriptPlugin
LogPluginManager: Mounting plugin SkeletalReduction
LogPluginManager: Mounting plugin LuminPlatformFeatures
LogPluginManager: Mounting plugin MagicLeap
LogPluginManager: Mounting plugin MagicLeapLightEstimation
LogPluginManager: Mounting plugin MagicLeapMedia
LogPluginManager: Mounting plugin MagicLeapPassableWorld
LogPluginManager: Mounting plugin MLSDK
LogPluginManager: Mounting plugin AndroidMedia
LogPluginManager: Mounting plugin AvfMedia
LogPluginManager: Mounting plugin ImgMedia
LogPluginManager: Mounting plugin MediaCompositing
LogPluginManager: Mounting plugin MediaPlayerEditor
LogPluginManager: Mounting plugin WebMMedia
LogPluginManager: Mounting plugin WmfMedia
LogPluginManager: Mounting plugin ActorSequence
LogPluginManager: Mounting plugin LevelSequenceEditor
LogPluginManager: Mounting plugin UdpMessaging
LogPluginManager: Mounting plugin TcpMessaging
LogPluginManager: Mounting plugin MatineeToLevelSequence
LogPluginManager: Mounting plugin TemplateSequence
LogPluginManager: Mounting plugin OnlineSubsystem
LogPluginManager: Mounting plugin OnlineSubsystemNull
LogPluginManager: Mounting plugin OnlineSubsystemUtils
LogPluginManager: Mounting plugin LauncherChunkInstaller
LogPluginManager: Mounting plugin ActorLayerUtilities
LogPluginManager: Mounting plugin AndroidDeviceProfileSelector
LogPluginManager: Mounting plugin AndroidMoviePlayer
LogPluginManager: Mounting plugin AndroidPermission
LogPluginManager: Mounting plugin AppleImageUtils
LogPluginManager: Mounting plugin AppleMoviePlayer
LogPluginManager: Mounting plugin ArchVisCharacter
LogPluginManager: Mounting plugin AssetTags
LogPluginManager: Mounting plugin AudioCapture
LogPluginManager: Mounting plugin AudioSynesthesia
LogPluginManager: Mounting plugin CableComponent
LogPluginManager: Mounting plugin ChunkDownloader
LogPluginManager: Mounting plugin CustomMeshComponent
LogPluginManager: Mounting plugin EditableMesh
LogPluginManager: Mounting plugin ExampleDeviceProfileSelector
LogPluginManager: Mounting plugin GoogleCloudMessaging
LogPluginManager: Mounting plugin GooglePAD
LogPluginManager: Mounting plugin IOSDeviceProfileSelector
LogPluginManager: Mounting plugin LinuxDeviceProfileSelector
LogPluginManager: Mounting plugin LocationServicesBPLibrary
LogPluginManager: Mounting plugin MobilePatchingUtils
LogPluginManager: Mounting plugin OpenXR
LogPluginManager: Mounting plugin OpenXREyeTracker
LogPluginManager: Mounting plugin OpenXRHandTracking
LogPluginManager: Mounting plugin PhysXVehicles
LogPluginManager: Mounting plugin PostSplashScreen
LogPluginManager: Mounting plugin ProceduralMeshComponent
LogPluginManager: Mounting plugin PropertyAccessEditor
LogPluginManager: Mounting plugin RuntimePhysXCooking
LogPluginManager: Mounting plugin SignificanceManager
LogPluginManager: Mounting plugin SoundFields
LogPluginManager: Mounting plugin Synthesis
LogPluginManager: Mounting plugin WebMMoviePlayer
LogPluginManager: Mounting plugin WindowsMoviePlayer
LogPluginManager: Mounting plugin ScreenshotTools
LogPluginManager: Mounting plugin Takes
LogPluginManager: Mounting plugin AISupport
LogPluginManager: Mounting plugin AnimationSharing
LogPluginManager: Mounting plugin EnvironmentQueryEditor
LogPluginManager: Mounting plugin CLionSourceCodeAccess
LogPluginManager: Mounting plugin CodeLiteSourceCodeAccess
LogPluginManager: Mounting plugin GitSourceControl
LogPluginManager: Mounting plugin KDevelopSourceCodeAccess
LogPluginManager: Mounting plugin NullSourceCodeAccess
LogPluginManager: Mounting plugin PerforceSourceControl
LogPluginManager: Mounting plugin PixWinPlugin
LogPluginManager: Mounting plugin PlasticSourceControl
LogPluginManager: Mounting plugin PluginUtils
LogPluginManager: Mounting plugin PropertyAccessNode
LogPluginManager: Mounting plugin RiderSourceCodeAccess
LogPluginManager: Mounting plugin SubversionSourceControl
LogPluginManager: Mounting plugin TextureFormatOodle
LogPluginManager: Mounting plugin VisualStudioSourceCodeAccess
LogPluginManager: Mounting plugin XCodeSourceCodeAccess
LogPluginManager: Mounting plugin VisualStudioCodeSourceCodeAccess
LogPluginManager: Mounting plugin UObjectPlugin
LogPluginManager: Mounting plugin ContentBrowserAssetDataSource
LogPluginManager: Mounting plugin ContentBrowserClassDataSource
LogPluginManager: Mounting plugin ContentBrowserFileDataSource
LogPluginManager: Mounting plugin OnlineSubsystemGooglePlay
LogPluginManager: Mounting plugin OnlineSubsystemIOS
LogPluginManager: Mounting plugin OculusVR
LogPluginManager: Mounting plugin SteamVR
LogPluginManager: Mounting plugin XRVisualization
LogInit: Using libcurl 7.55.1-DEV
LogInit:  - built for x86_64-pc-win32
LogInit:  - supports SSL with OpenSSL/1.1.1
LogInit:  - supports HTTP deflate (compression) using libz 1.2.8
LogInit:  - other features:
LogInit:      CURL_VERSION_SSL
LogInit:      CURL_VERSION_LIBZ
LogInit:      CURL_VERSION_IPV6
LogInit:      CURL_VERSION_ASYNCHDNS
LogInit:      CURL_VERSION_LARGEFILE
LogInit:      CURL_VERSION_IDN
LogInit:  CurlRequestOptions (configurable via config and command line):
LogInit:  - bVerifyPeer = true  - Libcurl will verify peer certificate
LogInit:  - bUseHttpProxy = false  - Libcurl will NOT use HTTP proxy
LogInit:  - bDontReuseConnections = false  - Libcurl will reuse connections
LogInit:  - MaxHostConnections = 16  - Libcurl will limit the number of connections to a host
LogInit:  - LocalHostAddr = Default
LogInit:  - BufferSize = 65536
LogOnline: OSS: Creating online subsystem instance for: NULL
LogInit: WinSock: version 1.1 (2.2), MaxSocks=32767, MaxUdp=65467
LogOnline: OSS: TryLoadSubsystemAndSetDefault: Loaded subsystem for module [NULL]
PixWinPlugin: PIX capture plugin failed to initialize! Check that the process is launched from PIX.
LogOculusPluginWrapper: OculusPlugin initialized successfully
LogHMD: Failed initializing OVRPlugin 1.59.0
LogInit: Build: ++UE4+Release-4.27-CL-18319896
LogInit: Engine Version: 4.27.2-18319896+++UE4+Release-4.27
LogInit: Compatible Engine Version: 4.27.0-17155196+++UE4+Release-4.27
LogInit: Net CL: 17155196
LogInit: OS: Windows 10 (Release 2009) (), CPU: Intel(R) Core(TM) i5-8265U CPU @ 1.60GHz, GPU: Intel(R) UHD Graphics 620
LogInit: Compiled (64-bit): Nov 30 2021 07:12:08
LogInit: Compiled with Visual C++: 19.24.28315.00
LogInit: Build Configuration: Development
LogInit: Branch Name: ++UE4+Release-4.27
LogInit: Command Line: 
LogInit: Base Directory: D:/Program Files/UE_4.27/Engine/Binaries/Win64/
LogInit: Allocator: TBB
LogInit: Installed Engine Build: 1
LogDevObjectVersion: Number of dev versions registered: 29
LogDevObjectVersion:   Dev-Blueprints (B0D832E4-1F89-4F0D-ACCF-7EB736FD4AA2): 10
LogDevObjectVersion:   Dev-Build (E1C64328-A22C-4D53-A36C-8E866417BD8C): 0
LogDevObjectVersion:   Dev-Core (375EC13C-06E4-48FB-B500-84F0262A717E): 4
LogDevObjectVersion:   Dev-Editor (E4B068ED-F494-42E9-A231-DA0B2E46BB41): 40
LogDevObjectVersion:   Dev-Framework (CFFC743F-43B0-4480-9391-14DF171D2073): 37
LogDevObjectVersion:   Dev-Mobile (B02B49B5-BB20-44E9-A304-32B752E40360): 3
LogDevObjectVersion:   Dev-Networking (A4E4105C-59A1-49B5-A7C5-40C4547EDFEE): 0
LogDevObjectVersion:   Dev-Online (39C831C9-5AE6-47DC-9A44-9C173E1C8E7C): 0
LogDevObjectVersion:   Dev-Physics (78F01B33-EBEA-4F98-B9B4-84EACCB95AA2): 14
LogDevObjectVersion:   Dev-Platform (6631380F-2D4D-43E0-8009-CF276956A95A): 0
LogDevObjectVersion:   Dev-Rendering (12F88B9F-8875-4AFC-A67C-D90C383ABD29): 45
LogDevObjectVersion:   Dev-Sequencer (7B5AE74C-D270-4C10-A958-57980B212A5A): 13
LogDevObjectVersion:   Dev-VR (D7296918-1DD6-4BDD-9DE2-64A83CC13884): 3
LogDevObjectVersion:   Dev-LoadTimes (C2A15278-BFE7-4AFE-6C17-90FF531DF755): 1
LogDevObjectVersion:   Private-Geometry (6EACA3D4-40EC-4CC1-B786-8BED09428FC5): 3
LogDevObjectVersion:   Dev-AnimPhys (29E575DD-E0A3-4627-9D10-D276232CDCEA): 17
LogDevObjectVersion:   Dev-Anim (AF43A65D-7FD3-4947-9873-3E8ED9C1BB05): 15
LogDevObjectVersion:   Dev-ReflectionCapture (6B266CEC-1EC7-4B8F-A30B-E4D90942FC07): 1
LogDevObjectVersion:   Dev-Automation (0DF73D61-A23F-47EA-B727-89E90C41499A): 1
LogDevObjectVersion:   FortniteMain (601D1886-AC64-4F84-AA16-D3DE0DEAC7D6): 47
LogDevObjectVersion:   FortniteRelease (E7086368-6B23-4C58-8439-1B7016265E91): 1
LogDevObjectVersion:   Dev-Enterprise (9DFFBCD6-494F-0158-E221-12823C92A888): 10
LogDevObjectVersion:   Dev-Niagara (F2AED0AC-9AFE-416F-8664-AA7FFA26D6FC): 1
LogDevObjectVersion:   Dev-Destruction (174F1F0B-B4C6-45A5-B13F-2EE8D0FB917D): 10
LogDevObjectVersion:   Dev-Physics-Ext (35F94A83-E258-406C-A318-09F59610247C): 41
LogDevObjectVersion:   Dev-PhysicsMaterial-Chaos (B68FC16E-8B1B-42E2-B453-215C058844FE): 1
LogDevObjectVersion:   Dev-CineCamera (B2E18506-4273-CFC2-A54E-F4BB758BBA07): 1
LogDevObjectVersion:   Dev-VirtualProduction (64F58936-FD1B-42BA-BA96-7289D5D0FA4E): 1
LogDevObjectVersion:   Dev-MediaFramework (6F0ED827-A609-4895-9C91-998D90180EA4): 2
LogInit: Presizing for max 25165824 objects, including 0 objects not considered by GC, pre-allocating 0 bytes for permanent pool.
LogConfig: Applying CVar settings from Section [/Script/Engine.StreamingSettings] File [D:/studia/Programowanie/Unreal/Topshooter/Top_Down_Shooter/TopDownShooter/Saved/Config/Windows/Engine.ini]
LogConfig: Setting CVar [[s.MinBulkDataSizeForAsyncLoading:131072]]
LogConfig: Setting CVar [[s.AsyncLoadingThreadEnabled:0]]
LogConfig: Setting CVar [[s.EventDrivenLoaderEnabled:1]]
LogConfig: Setting CVar [[s.WarnIfTimeLimitExceeded:0]]
LogConfig: Setting CVar [[s.TimeLimitExceededMultiplier:1.5]]
LogConfig: Setting CVar [[s.TimeLimitExceededMinTime:0.005]]
LogConfig: Setting CVar [[s.UseBackgroundLevelStreaming:1]]
LogConfig: Setting CVar [[s.PriorityAsyncLoadingExtraTime:15.0]]
LogConfig: Setting CVar [[s.LevelStreamingActorsUpdateTimeLimit:5.0]]
LogConfig: Setting CVar [[s.PriorityLevelStreamingActorsUpdateExtraTime:5.0]]
LogConfig: Setting CVar [[s.LevelStreamingComponentsRegistrationGranularity:10]]
LogConfig: Setting CVar [[s.UnregisterComponentsTimeLimit:1.0]]
LogConfig: Setting CVar [[s.LevelStreamingComponentsUnregistrationGranularity:5]]
LogConfig: Setting CVar [[s.FlushStreamingOnExit:1]]
LogInit: Object subsystem initialized
LogConfig: Setting CVar [[con.DebugEarlyDefault:1]]
LogConfig: Setting CVar [[r.setres:1280x720]]
[2023.01.06-21.49.35:278][  0]LogConfig: Setting CVar [[r.VSync:0]]
[2023.01.06-21.49.35:278][  0]LogConfig: Setting CVar [[r.RHICmdBypass:0]]
[2023.01.06-21.49.35:278][  0]LogConfig: Applying CVar settings from Section [/Script/Engine.RendererSettings] File [D:/studia/Programowanie/Unreal/Topshooter/Top_Down_Shooter/TopDownShooter/Saved/Config/Windows/Engine.ini]
[2023.01.06-21.49.35:278][  0]LogConfig: Setting CVar [[r.GPUCrashDebugging:0]]
[2023.01.06-21.49.35:278][  0]LogConfig: Setting CVar [[r.DefaultFeature.AntiAliasing:1]]
[2023.01.06-21.49.35:278][  0]LogConfig: Applying CVar settings from Section [/Script/Engine.RendererOverrideSettings] File [D:/studia/Programowanie/Unreal/Topshooter/Top_Down_Shooter/TopDownShooter/Saved/Config/Windows/Engine.ini]
[2023.01.06-21.49.35:278][  0]LogConfig: Applying CVar settings from Section [/Script/Engine.StreamingSettings] File [D:/studia/Programowanie/Unreal/Topshooter/Top_Down_Shooter/TopDownShooter/Saved/Config/Windows/Engine.ini]
[2023.01.06-21.49.35:278][  0]LogConfig: Setting CVar [[s.MinBulkDataSizeForAsyncLoading:131072]]
[2023.01.06-21.49.35:278][  0]LogConfig: Setting CVar [[s.AsyncLoadingThreadEnabled:0]]
[2023.01.06-21.49.35:278][  0]LogConfig: Setting CVar [[s.EventDrivenLoaderEnabled:1]]
[2023.01.06-21.49.35:278][  0]LogConfig: Setting CVar [[s.WarnIfTimeLimitExceeded:0]]
[2023.01.06-21.49.35:278][  0]LogConfig: Setting CVar [[s.TimeLimitExceededMultiplier:1.5]]
[2023.01.06-21.49.35:278][  0]LogConfig: Setting CVar [[s.TimeLimitExceededMinTime:0.005]]
[2023.01.06-21.49.35:278][  0]LogConfig: Setting CVar [[s.UseBackgroundLevelStreaming:1]]
[2023.01.06-21.49.35:278][  0]LogConfig: Setting CVar [[s.PriorityAsyncLoadingExtraTime:15.0]]
[2023.01.06-21.49.35:278][  0]LogConfig: Setting CVar [[s.LevelStreamingActorsUpdateTimeLimit:5.0]]
[2023.01.06-21.49.35:278][  0]LogConfig: Setting CVar [[s.PriorityLevelStreamingActorsUpdateExtraTime:5.0]]
[2023.01.06-21.49.35:279][  0]LogConfig: Setting CVar [[s.LevelStreamingComponentsRegistrationGranularity:10]]
[2023.01.06-21.49.35:279][  0]LogConfig: Setting CVar [[s.UnregisterComponentsTimeLimit:1.0]]
[2023.01.06-21.49.35:279][  0]LogConfig: Setting CVar [[s.LevelStreamingComponentsUnregistrationGranularity:5]]
[2023.01.06-21.49.35:279][  0]LogConfig: Setting CVar [[s.FlushStreamingOnExit:1]]
[2023.01.06-21.49.35:279][  0]LogConfig: Applying CVar settings from Section [/Script/Engine.GarbageCollectionSettings] File [D:/studia/Programowanie/Unreal/Topshooter/Top_Down_Shooter/TopDownShooter/Saved/Config/Windows/Engine.ini]
[2023.01.06-21.49.35:279][  0]LogConfig: Setting CVar [[gc.MaxObjectsNotConsideredByGC:1]]
[2023.01.06-21.49.35:279][  0]LogConfig: Setting CVar [[gc.SizeOfPermanentObjectPool:0]]
[2023.01.06-21.49.35:279][  0]LogConfig: Setting CVar [[gc.FlushStreamingOnGC:0]]
[2023.01.06-21.49.35:279][  0]LogConfig: Setting CVar [[gc.NumRetriesBeforeForcingGC:10]]
[2023.01.06-21.49.35:279][  0]LogConfig: Setting CVar [[gc.AllowParallelGC:1]]
[2023.01.06-21.49.35:279][  0]LogConfig: Setting CVar [[gc.TimeBetweenPurgingPendingKillObjects:61.1]]
[2023.01.06-21.49.35:279][  0]LogConfig: Setting CVar [[gc.MaxObjectsInEditor:25165824]]
[2023.01.06-21.49.35:279][  0]LogConfig: Setting CVar [[gc.IncrementalBeginDestroyEnabled:1]]
[2023.01.06-21.49.35:279][  0]LogConfig: Setting CVar [[gc.CreateGCClusters:1]]
[2023.01.06-21.49.35:279][  0]LogConfig: Setting CVar [[gc.MinGCClusterSize:5]]
[2023.01.06-21.49.35:279][  0]LogConfig: Setting CVar [[gc.ActorClusteringEnabled:0]]
[2023.01.06-21.49.35:279][  0]LogConfig: Setting CVar [[gc.BlueprintClusteringEnabled:0]]
[2023.01.06-21.49.35:279][  0]LogConfig: Setting CVar [[gc.UseDisregardForGCOnDedicatedServers:0]]
[2023.01.06-21.49.35:279][  0]LogConfig: Setting CVar [[gc.MultithreadedDestructionEnabled:1]]
[2023.01.06-21.49.35:279][  0]LogConfig: Applying CVar settings from Section [/Script/Engine.NetworkSettings] File [D:/studia/Programowanie/Unreal/Topshooter/Top_Down_Shooter/TopDownShooter/Saved/Config/Windows/Engine.ini]
[2023.01.06-21.49.35:279][  0]LogConfig: Applying CVar settings from Section [/Script/UnrealEd.CookerSettings] File [D:/studia/Programowanie/Unreal/Topshooter/Top_Down_Shooter/TopDownShooter/Saved/Config/Windows/Engine.ini]
[2023.01.06-21.49.35:295][  0]LogConfig: Applying CVar settings from Section [ViewDistanceQuality@3] File [D:/studia/Programowanie/Unreal/Topshooter/Top_Down_Shooter/TopDownShooter/Saved/Config/Windows/Scalability.ini]
[2023.01.06-21.49.35:295][  0]LogConfig: Setting CVar [[r.SkeletalMeshLODBias:0]]
[2023.01.06-21.49.35:295][  0]LogConfig: Setting CVar [[r.ViewDistanceScale:1.0]]
[2023.01.06-21.49.35:295][  0]LogConfig: Applying CVar settings from Section [AntiAliasingQuality@3] File [D:/studia/Programowanie/Unreal/Topshooter/Top_Down_Shooter/TopDownShooter/Saved/Config/Windows/Scalability.ini]
[2023.01.06-21.49.35:295][  0]LogConfig: Setting CVar [[r.PostProcessAAQuality:4]]
[2023.01.06-21.49.35:295][  0]LogConfig: Applying CVar settings from Section [ShadowQuality@3] File [D:/studia/Programowanie/Unreal/Topshooter/Top_Down_Shooter/TopDownShooter/Saved/Config/Windows/Scalability.ini]
[2023.01.06-21.49.35:295][  0]LogConfig: Setting CVar [[r.LightFunctionQuality:1]]
[2023.01.06-21.49.35:295][  0]LogConfig: Setting CVar [[r.ShadowQuality:5]]
[2023.01.06-21.49.35:295][  0]LogConfig: Setting CVar [[r.Shadow.CSM.MaxCascades:10]]
[2023.01.06-21.49.35:295][  0]LogConfig: Setting CVar [[r.Shadow.MaxResolution:2048]]
[2023.01.06-21.49.35:295][  0]LogConfig: Setting CVar [[r.Shadow.MaxCSMResolution:2048]]
[2023.01.06-21.49.35:295][  0]LogConfig: Setting CVar [[r.Shadow.RadiusThreshold:0.01]]
[2023.01.06-21.49.35:295][  0]LogConfig: Setting CVar [[r.Shadow.DistanceScale:1.0]]
[2023.01.06-21.49.35:295][  0]LogConfig: Setting CVar [[r.Shadow.CSM.TransitionScale:1.0]]
[2023.01.06-21.49.35:295][  0]LogConfig: Setting CVar [[r.Shadow.PreShadowResolutionFactor:1.0]]
[2023.01.06-21.49.35:296][  0]LogConfig: Setting CVar [[r.DistanceFieldShadowing:1]]
[2023.01.06-21.49.35:296][  0]LogConfig: Setting CVar [[r.DistanceFieldAO:1]]
[2023.01.06-21.49.35:296][  0]LogConfig: Setting CVar [[r.AOQuality:2]]
[2023.01.06-21.49.35:296][  0]LogConfig: Setting CVar [[r.VolumetricFog:1]]
[2023.01.06-21.49.35:296][  0]LogConfig: Setting CVar [[r.VolumetricFog.GridPixelSize:8]]
[2023.01.06-21.49.35:296][  0]LogConfig: Setting CVar [[r.VolumetricFog.GridSizeZ:128]]
[2023.01.06-21.49.35:296][  0]LogConfig: Setting CVar [[r.VolumetricFog.HistoryMissSupersampleCount:4]]
[2023.01.06-21.49.35:296][  0]LogConfig: Setting CVar [[r.LightMaxDrawDistanceScale:1]]
[2023.01.06-21.49.35:296][  0]LogConfig: Setting CVar [[r.CapsuleShadows:1]]
[2023.01.06-21.49.35:296][  0]LogConfig: Applying CVar settings from Section [PostProcessQuality@3] File [D:/studia/Programowanie/Unreal/Topshooter/Top_Down_Shooter/TopDownShooter/Saved/Config/Windows/Scalability.ini]
[2023.01.06-21.49.35:296][  0]LogConfig: Setting CVar [[r.MotionBlurQuality:4]]
[2023.01.06-21.49.35:296][  0]LogConfig: Setting CVar [[r.AmbientOcclusionMipLevelFactor:0.4]]
[2023.01.06-21.49.35:296][  0]LogConfig: Setting CVar [[r.AmbientOcclusionMaxQuality:100]]
[2023.01.06-21.49.35:296][  0]LogConfig: Setting CVar [[r.AmbientOcclusionLevels:-1]]
[2023.01.06-21.49.35:296][  0]LogConfig: Setting CVar [[r.AmbientOcclusionRadiusScale:1.0]]
[2023.01.06-21.49.35:296][  0]LogConfig: Setting CVar [[r.DepthOfFieldQuality:2]]
[2023.01.06-21.49.35:296][  0]LogConfig: Setting CVar [[r.RenderTargetPoolMin:400]]
[2023.01.06-21.49.35:296][  0]LogConfig: Setting CVar [[r.LensFlareQuality:2]]
[2023.01.06-21.49.35:296][  0]LogConfig: Setting CVar [[r.SceneColorFringeQuality:1]]
[2023.01.06-21.49.35:296][  0]LogConfig: Setting CVar [[r.EyeAdaptationQuality:2]]
[2023.01.06-21.49.35:296][  0]LogConfig: Setting CVar [[r.BloomQuality:5]]
[2023.01.06-21.49.35:296][  0]LogConfig: Setting CVar [[r.FastBlurThreshold:100]]
[2023.01.06-21.49.35:296][  0]LogConfig: Setting CVar [[r.Upscale.Quality:3]]
[2023.01.06-21.49.35:296][  0]LogConfig: Setting CVar [[r.Tonemapper.GrainQuantization:1]]
[2023.01.06-21.49.35:296][  0]LogConfig: Setting CVar [[r.LightShaftQuality:1]]
[2023.01.06-21.49.35:296][  0]LogConfig: Setting CVar [[r.Filter.SizeScale:1]]
[2023.01.06-21.49.35:296][  0]LogConfig: Setting CVar [[r.Tonemapper.Quality:5]]
[2023.01.06-21.49.35:296][  0]LogConfig: Setting CVar [[r.DOF.Gather.AccumulatorQuality:1        ; higher gathering accumulator quality]]
[2023.01.06-21.49.35:296][  0]LogConfig: Setting CVar [[r.DOF.Gather.PostfilterMethod:1          ; Median3x3 postfilering method]]
[2023.01.06-21.49.35:296][  0]LogConfig: Setting CVar [[r.DOF.Gather.EnableBokehSettings:0       ; no bokeh simulation when gathering]]
[2023.01.06-21.49.35:296][  0]LogConfig: Setting CVar [[r.DOF.Gather.RingCount:4                 ; medium number of samples when gathering]]
[2023.01.06-21.49.35:296][  0]LogConfig: Setting CVar [[r.DOF.Scatter.ForegroundCompositing:1    ; additive foreground scattering]]
[2023.01.06-21.49.35:296][  0]LogConfig: Setting CVar [[r.DOF.Scatter.BackgroundCompositing:2    ; additive background scattering]]
[2023.01.06-21.49.35:296][  0]LogConfig: Setting CVar [[r.DOF.Scatter.EnableBokehSettings:1      ; bokeh simulation when scattering]]
[2023.01.06-21.49.35:296][  0]LogConfig: Setting CVar [[r.DOF.Scatter.MaxSpriteRatio:0.1         ; only a maximum of 10% of scattered bokeh]]
[2023.01.06-21.49.35:296][  0]LogConfig: Setting CVar [[r.DOF.Recombine.Quality:1                ; cheap slight out of focus]]
[2023.01.06-21.49.35:296][  0]LogConfig: Setting CVar [[r.DOF.Recombine.EnableBokehSettings:0    ; no bokeh simulation on slight out of focus]]
[2023.01.06-21.49.35:296][  0]LogConfig: Setting CVar [[r.DOF.TemporalAAQuality:1                ; more stable temporal accumulation]]
[2023.01.06-21.49.35:296][  0]LogConfig: Setting CVar [[r.DOF.Kernel.MaxForegroundRadius:0.025]]
[2023.01.06-21.49.35:296][  0]LogConfig: Setting CVar [[r.DOF.Kernel.MaxBackgroundRadius:0.025]]
[2023.01.06-21.49.35:296][  0]LogConfig: Applying CVar settings from Section [TextureQuality@3] File [D:/studia/Programowanie/Unreal/Topshooter/Top_Down_Shooter/TopDownShooter/Saved/Config/Windows/Scalability.ini]
[2023.01.06-21.49.35:296][  0]LogConfig: Setting CVar [[r.Streaming.MipBias:0]]
[2023.01.06-21.49.35:296][  0]LogConfig: Setting CVar [[r.Streaming.AmortizeCPUToGPUCopy:0]]
[2023.01.06-21.49.35:296][  0]LogConfig: Setting CVar [[r.Streaming.MaxNumTexturesToStreamPerFrame:0]]
[2023.01.06-21.49.35:296][  0]LogConfig: Setting CVar [[r.Streaming.Boost:1]]
[2023.01.06-21.49.35:296][  0]LogConfig: Setting CVar [[r.MaxAnisotropy:8]]
[2023.01.06-21.49.35:296][  0]LogConfig: Setting CVar [[r.VT.MaxAnisotropy:8]]
[2023.01.06-21.49.35:296][  0]LogConfig: Setting CVar [[r.Streaming.LimitPoolSizeToVRAM:0]]
[2023.01.06-21.49.35:296][  0]LogConfig: Setting CVar [[r.Streaming.PoolSize:1000]]
[2023.01.06-21.49.35:296][  0]LogConfig: Setting CVar [[r.Streaming.MaxEffectiveScreenSize:0]]
[2023.01.06-21.49.35:297][  0]LogConfig: Applying CVar settings from Section [EffectsQuality@3] File [D:/studia/Programowanie/Unreal/Topshooter/Top_Down_Shooter/TopDownShooter/Saved/Config/Windows/Scalability.ini]
[2023.01.06-21.49.35:297][  0]LogConfig: Setting CVar [[r.TranslucencyLightingVolumeDim:64]]
[2023.01.06-21.49.35:297][  0]LogConfig: Setting CVar [[r.RefractionQuality:2]]
[2023.01.06-21.49.35:297][  0]LogConfig: Setting CVar [[r.SSR.Quality:3]]
[2023.01.06-21.49.35:297][  0]LogConfig: Setting CVar [[r.SSR.HalfResSceneColor:0]]
[2023.01.06-21.49.35:297][  0]LogConfig: Setting CVar [[r.SceneColorFormat:4]]
[2023.01.06-21.49.35:297][  0]LogConfig: Setting CVar [[r.DetailMode:2]]
[2023.01.06-21.49.35:297][  0]LogConfig: Setting CVar [[r.TranslucencyVolumeBlur:1]]
[2023.01.06-21.49.35:297][  0]LogConfig: Setting CVar [[r.MaterialQualityLevel:1 ; High quality]]
[2023.01.06-21.49.35:297][  0]LogConfig: Setting CVar [[r.AnisotropicMaterials:1]]
[2023.01.06-21.49.35:297][  0]LogConfig: Setting CVar [[r.SSS.Scale:1]]
[2023.01.06-21.49.35:297][  0]LogConfig: Setting CVar [[r.SSS.SampleSet:2]]
[2023.01.06-21.49.35:297][  0]LogConfig: Setting CVar [[r.SSS.Quality:1]]
[2023.01.06-21.49.35:297][  0]LogConfig: Setting CVar [[r.SSS.HalfRes:0]]
[2023.01.06-21.49.35:297][  0]LogConfig: Setting CVar [[r.SSGI.Quality:3]]
[2023.01.06-21.49.35:297][  0]LogConfig: Setting CVar [[r.EmitterSpawnRateScale:1.0]]
[2023.01.06-21.49.35:297][  0]LogConfig: Setting CVar [[r.ParticleLightQuality:2]]
[2023.01.06-21.49.35:297][  0]LogConfig: Setting CVar [[r.SkyAtmosphere.AerialPerspectiveLUT.FastApplyOnOpaque:1 ; Always have FastSkyLUT 1 in this case to avoid wrong sky]]
[2023.01.06-21.49.35:297][  0]LogConfig: Setting CVar [[r.SkyAtmosphere.AerialPerspectiveLUT.SampleCountMaxPerSlice:4]]
[2023.01.06-21.49.35:297][  0]LogConfig: Setting CVar [[r.SkyAtmosphere.AerialPerspectiveLUT.DepthResolution:16.0]]
[2023.01.06-21.49.35:297][  0]LogConfig: Setting CVar [[r.SkyAtmosphere.FastSkyLUT:1]]
[2023.01.06-21.49.35:297][  0]LogConfig: Setting CVar [[r.SkyAtmosphere.FastSkyLUT.SampleCountMin:4.0]]
[2023.01.06-21.49.35:297][  0]LogConfig: Setting CVar [[r.SkyAtmosphere.FastSkyLUT.SampleCountMax:128.0]]
[2023.01.06-21.49.35:297][  0]LogConfig: Setting CVar [[r.SkyAtmosphere.SampleCountMin:4.0]]
[2023.01.06-21.49.35:297][  0]LogConfig: Setting CVar [[r.SkyAtmosphere.SampleCountMax:128.0]]
[2023.01.06-21.49.35:297][  0]LogConfig: Setting CVar [[r.SkyAtmosphere.TransmittanceLUT.UseSmallFormat:0]]
[2023.01.06-21.49.35:297][  0]LogConfig: Setting CVar [[r.SkyAtmosphere.TransmittanceLUT.SampleCount:10.0]]
[2023.01.06-21.49.35:297][  0]LogConfig: Setting CVar [[r.SkyAtmosphere.MultiScatteringLUT.SampleCount:15.0]]
[2023.01.06-21.49.35:297][  0]LogConfig: Setting CVar [[r.SkyLight.RealTimeReflectionCapture:1]]
[2023.01.06-21.49.35:297][  0]LogConfig: Applying CVar settings from Section [FoliageQuality@3] File [D:/studia/Programowanie/Unreal/Topshooter/Top_Down_Shooter/TopDownShooter/Saved/Config/Windows/Scalability.ini]
[2023.01.06-21.49.35:297][  0]LogConfig: Setting CVar [[foliage.DensityScale:1.0]]
[2023.01.06-21.49.35:297][  0]LogConfig: Setting CVar [[grass.DensityScale:1.0]]
[2023.01.06-21.49.35:297][  0]LogConfig: Applying CVar settings from Section [ShadingQuality@3] File [D:/studia/Programowanie/Unreal/Topshooter/Top_Down_Shooter/TopDownShooter/Saved/Config/Windows/Scalability.ini]
[2023.01.06-21.49.35:297][  0]LogConfig: Setting CVar [[r.HairStrands.SkyLighting.IntegrationType:2]]
[2023.01.06-21.49.35:297][  0]LogConfig: Setting CVar [[r.HairStrands.SkyAO.SampleCount:4]]
[2023.01.06-21.49.35:297][  0]LogConfig: Setting CVar [[r.HairStrands.Visibility.MSAA.SamplePerPixel:4]]
[2023.01.06-21.49.35:337][  0]LogInit: Selected Device Profile: [Windows]
[2023.01.06-21.49.35:337][  0]LogInit: Applying CVar settings loaded from the selected device profile: [Windows]
[2023.01.06-21.49.35:337][  0]LogHAL: Display: Platform has ~ 8 GB [8471760896 / 8589934592 / 8], which maps to Default [LargestMinGB=32, LargerMinGB=12, DefaultMinGB=8, SmallerMinGB=6, SmallestMinGB=0)
[2023.01.06-21.49.35:337][  0]LogInit: Going up to parent DeviceProfile []
[2023.01.06-21.49.35:337][  0]LogConfig: Applying CVar settings from Section [ViewDistanceQuality@3] File [D:/studia/Programowanie/Unreal/Topshooter/Top_Down_Shooter/TopDownShooter/Saved/Config/Windows/Scalability.ini]
[2023.01.06-21.49.35:337][  0]LogConfig: Setting CVar [[r.SkeletalMeshLODBias:0]]
[2023.01.06-21.49.35:337][  0]LogConfig: Setting CVar [[r.ViewDistanceScale:1.0]]
[2023.01.06-21.49.35:337][  0]LogConfig: Applying CVar settings from Section [AntiAliasingQuality@3] File [D:/studia/Programowanie/Unreal/Topshooter/Top_Down_Shooter/TopDownShooter/Saved/Config/Windows/Scalability.ini]
[2023.01.06-21.49.35:337][  0]LogConfig: Setting CVar [[r.PostProcessAAQuality:4]]
[2023.01.06-21.49.35:337][  0]LogConfig: Applying CVar settings from Section [ShadowQuality@3] File [D:/studia/Programowanie/Unreal/Topshooter/Top_Down_Shooter/TopDownShooter/Saved/Config/Windows/Scalability.ini]
[2023.01.06-21.49.35:337][  0]LogConfig: Setting CVar [[r.LightFunctionQuality:1]]
[2023.01.06-21.49.35:337][  0]LogConfig: Setting CVar [[r.ShadowQuality:5]]
[2023.01.06-21.49.35:337][  0]LogConfig: Setting CVar [[r.Shadow.CSM.MaxCascades:10]]
[2023.01.06-21.49.35:337][  0]LogConfig: Setting CVar [[r.Shadow.MaxResolution:2048]]
[2023.01.06-21.49.35:337][  0]LogConfig: Setting CVar [[r.Shadow.MaxCSMResolution:2048]]
[2023.01.06-21.49.35:337][  0]LogConfig: Setting CVar [[r.Shadow.RadiusThreshold:0.01]]
[2023.01.06-21.49.35:337][  0]LogConfig: Setting CVar [[r.Shadow.DistanceScale:1.0]]
[2023.01.06-21.49.35:338][  0]LogConfig: Setting CVar [[r.Shadow.CSM.TransitionScale:1.0]]
[2023.01.06-21.49.35:338][  0]LogConfig: Setting CVar [[r.Shadow.PreShadowResolutionFactor:1.0]]
[2023.01.06-21.49.35:338][  0]LogConfig: Setting CVar [[r.DistanceFieldShadowing:1]]
[2023.01.06-21.49.35:338][  0]LogConfig: Setting CVar [[r.DistanceFieldAO:1]]
[2023.01.06-21.49.35:338][  0]LogConfig: Setting CVar [[r.AOQuality:2]]
[2023.01.06-21.49.35:338][  0]LogConfig: Setting CVar [[r.VolumetricFog:1]]
[2023.01.06-21.49.35:338][  0]LogConfig: Setting CVar [[r.VolumetricFog.GridPixelSize:8]]
[2023.01.06-21.49.35:338][  0]LogConfig: Setting CVar [[r.VolumetricFog.GridSizeZ:128]]
[2023.01.06-21.49.35:338][  0]LogConfig: Setting CVar [[r.VolumetricFog.HistoryMissSupersampleCount:4]]
[2023.01.06-21.49.35:338][  0]LogConfig: Setting CVar [[r.LightMaxDrawDistanceScale:1]]
[2023.01.06-21.49.35:338][  0]LogConfig: Setting CVar [[r.CapsuleShadows:1]]
[2023.01.06-21.49.35:338][  0]LogConfig: Applying CVar settings from Section [PostProcessQuality@3] File [D:/studia/Programowanie/Unreal/Topshooter/Top_Down_Shooter/TopDownShooter/Saved/Config/Windows/Scalability.ini]
[2023.01.06-21.49.35:338][  0]LogConfig: Setting CVar [[r.MotionBlurQuality:4]]
[2023.01.06-21.49.35:338][  0]LogConfig: Setting CVar [[r.AmbientOcclusionMipLevelFactor:0.4]]
[2023.01.06-21.49.35:338][  0]LogConfig: Setting CVar [[r.AmbientOcclusionMaxQuality:100]]
[2023.01.06-21.49.35:338][  0]LogConfig: Setting CVar [[r.AmbientOcclusionLevels:-1]]
[2023.01.06-21.49.35:338][  0]LogConfig: Setting CVar [[r.AmbientOcclusionRadiusScale:1.0]]
[2023.01.06-21.49.35:338][  0]LogConfig: Setting CVar [[r.DepthOfFieldQuality:2]]
[2023.01.06-21.49.35:338][  0]LogConfig: Setting CVar [[r.RenderTargetPoolMin:400]]
[2023.01.06-21.49.35:338][  0]LogConfig: Setting CVar [[r.LensFlareQuality:2]]
[2023.01.06-21.49.35:338][  0]LogConfig: Setting CVar [[r.SceneColorFringeQuality:1]]
[2023.01.06-21.49.35:338][  0]LogConfig: Setting CVar [[r.EyeAdaptationQuality:2]]
[2023.01.06-21.49.35:338][  0]LogConfig: Setting CVar [[r.BloomQuality:5]]
[2023.01.06-21.49.35:338][  0]LogConfig: Setting CVar [[r.FastBlurThreshold:100]]
[2023.01.06-21.49.35:338][  0]LogConfig: Setting CVar [[r.Upscale.Quality:3]]
[2023.01.06-21.49.35:338][  0]LogConfig: Setting CVar [[r.Tonemapper.GrainQuantization:1]]
[2023.01.06-21.49.35:338][  0]LogConfig: Setting CVar [[r.LightShaftQuality:1]]
[2023.01.06-21.49.35:338][  0]LogConfig: Setting CVar [[r.Filter.SizeScale:1]]
[2023.01.06-21.49.35:338][  0]LogConfig: Setting CVar [[r.Tonemapper.Quality:5]]
[2023.01.06-21.49.35:338][  0]LogConfig: Setting CVar [[r.DOF.Gather.AccumulatorQuality:1        ; higher gathering accumulator quality]]
[2023.01.06-21.49.35:338][  0]LogConfig: Setting CVar [[r.DOF.Gather.PostfilterMethod:1          ; Median3x3 postfilering method]]
[2023.01.06-21.49.35:338][  0]LogConfig: Setting CVar [[r.DOF.Gather.EnableBokehSettings:0       ; no bokeh simulation when gathering]]
[2023.01.06-21.49.35:338][  0]LogConfig: Setting CVar [[r.DOF.Gather.RingCount:4                 ; medium number of samples when gathering]]
[2023.01.06-21.49.35:338][  0]LogConfig: Setting CVar [[r.DOF.Scatter.ForegroundCompositing:1    ; additive foreground scattering]]
[2023.01.06-21.49.35:338][  0]LogConfig: Setting CVar [[r.DOF.Scatter.BackgroundCompositing:2    ; additive background scattering]]
[2023.01.06-21.49.35:338][  0]LogConfig: Setting CVar [[r.DOF.Scatter.EnableBokehSettings:1      ; bokeh simulation when scattering]]
[2023.01.06-21.49.35:338][  0]LogConfig: Setting CVar [[r.DOF.Scatter.MaxSpriteRatio:0.1         ; only a maximum of 10% of scattered bokeh]]
[2023.01.06-21.49.35:339][  0]LogConfig: Setting CVar [[r.DOF.Recombine.Quality:1                ; cheap slight out of focus]]
[2023.01.06-21.49.35:339][  0]LogConfig: Setting CVar [[r.DOF.Recombine.EnableBokehSettings:0    ; no bokeh simulation on slight out of focus]]
[2023.01.06-21.49.35:339][  0]LogConfig: Setting CVar [[r.DOF.TemporalAAQuality:1                ; more stable temporal accumulation]]
[2023.01.06-21.49.35:339][  0]LogConfig: Setting CVar [[r.DOF.Kernel.MaxForegroundRadius:0.025]]
[2023.01.06-21.49.35:339][  0]LogConfig: Setting CVar [[r.DOF.Kernel.MaxBackgroundRadius:0.025]]
[2023.01.06-21.49.35:339][  0]LogConfig: Applying CVar settings from Section [TextureQuality@3] File [D:/studia/Programowanie/Unreal/Topshooter/Top_Down_Shooter/TopDownShooter/Saved/Config/Windows/Scalability.ini]
[2023.01.06-21.49.35:339][  0]LogConfig: Setting CVar [[r.Streaming.MipBias:0]]
[2023.01.06-21.49.35:339][  0]LogConfig: Setting CVar [[r.Streaming.AmortizeCPUToGPUCopy:0]]
[2023.01.06-21.49.35:339][  0]LogConfig: Setting CVar [[r.Streaming.MaxNumTexturesToStreamPerFrame:0]]
[2023.01.06-21.49.35:339][  0]LogConfig: Setting CVar [[r.Streaming.Boost:1]]
[2023.01.06-21.49.35:339][  0]LogConfig: Setting CVar [[r.MaxAnisotropy:8]]
[2023.01.06-21.49.35:339][  0]LogConfig: Setting CVar [[r.VT.MaxAnisotropy:8]]
[2023.01.06-21.49.35:339][  0]LogConfig: Setting CVar [[r.Streaming.LimitPoolSizeToVRAM:0]]
[2023.01.06-21.49.35:339][  0]LogConfig: Setting CVar [[r.Streaming.PoolSize:1000]]
[2023.01.06-21.49.35:339][  0]LogConfig: Setting CVar [[r.Streaming.MaxEffectiveScreenSize:0]]
[2023.01.06-21.49.35:339][  0]LogConfig: Applying CVar settings from Section [EffectsQuality@3] File [D:/studia/Programowanie/Unreal/Topshooter/Top_Down_Shooter/TopDownShooter/Saved/Config/Windows/Scalability.ini]
[2023.01.06-21.49.35:339][  0]LogConfig: Setting CVar [[r.TranslucencyLightingVolumeDim:64]]
[2023.01.06-21.49.35:339][  0]LogConfig: Setting CVar [[r.RefractionQuality:2]]
[2023.01.06-21.49.35:339][  0]LogConfig: Setting CVar [[r.SSR.Quality:3]]
[2023.01.06-21.49.35:339][  0]LogConfig: Setting CVar [[r.SSR.HalfResSceneColor:0]]
[2023.01.06-21.49.35:339][  0]LogConfig: Setting CVar [[r.SceneColorFormat:4]]
[2023.01.06-21.49.35:339][  0]LogConfig: Setting CVar [[r.DetailMode:2]]
[2023.01.06-21.49.35:339][  0]LogConfig: Setting CVar [[r.TranslucencyVolumeBlur:1]]
[2023.01.06-21.49.35:339][  0]LogConfig: Setting CVar [[r.MaterialQualityLevel:1 ; High quality]]
[2023.01.06-21.49.35:339][  0]LogConfig: Setting CVar [[r.AnisotropicMaterials:1]]
[2023.01.06-21.49.35:339][  0]LogConfig: Setting CVar [[r.SSS.Scale:1]]
[2023.01.06-21.49.35:339][  0]LogConfig: Setting CVar [[r.SSS.SampleSet:2]]
[2023.01.06-21.49.35:339][  0]LogConfig: Setting CVar [[r.SSS.Quality:1]]
[2023.01.06-21.49.35:339][  0]LogConfig: Setting CVar [[r.SSS.HalfRes:0]]
[2023.01.06-21.49.35:339][  0]LogConfig: Setting CVar [[r.SSGI.Quality:3]]
[2023.01.06-21.49.35:339][  0]LogConfig: Setting CVar [[r.EmitterSpawnRateScale:1.0]]
[2023.01.06-21.49.35:339][  0]LogConfig: Setting CVar [[r.ParticleLightQuality:2]]
[2023.01.06-21.49.35:339][  0]LogConfig: Setting CVar [[r.SkyAtmosphere.AerialPerspectiveLUT.FastApplyOnOpaque:1 ; Always have FastSkyLUT 1 in this case to avoid wrong sky]]
[2023.01.06-21.49.35:339][  0]LogConfig: Setting CVar [[r.SkyAtmosphere.AerialPerspectiveLUT.SampleCountMaxPerSlice:4]]
[2023.01.06-21.49.35:339][  0]LogConfig: Setting CVar [[r.SkyAtmosphere.AerialPerspectiveLUT.DepthResolution:16.0]]
[2023.01.06-21.49.35:339][  0]LogConfig: Setting CVar [[r.SkyAtmosphere.FastSkyLUT:1]]
[2023.01.06-21.49.35:339][  0]LogConfig: Setting CVar [[r.SkyAtmosphere.FastSkyLUT.SampleCountMin:4.0]]
[2023.01.06-21.49.35:339][  0]LogConfig: Setting CVar [[r.SkyAtmosphere.FastSkyLUT.SampleCountMax:128.0]]
[2023.01.06-21.49.35:339][  0]LogConfig: Setting CVar [[r.SkyAtmosphere.SampleCountMin:4.0]]
[2023.01.06-21.49.35:339][  0]LogConfig: Setting CVar [[r.SkyAtmosphere.SampleCountMax:128.0]]
[2023.01.06-21.49.35:339][  0]LogConfig: Setting CVar [[r.SkyAtmosphere.TransmittanceLUT.UseSmallFormat:0]]
[2023.01.06-21.49.35:339][  0]LogConfig: Setting CVar [[r.SkyAtmosphere.TransmittanceLUT.SampleCount:10.0]]
[2023.01.06-21.49.35:339][  0]LogConfig: Setting CVar [[r.SkyAtmosphere.MultiScatteringLUT.SampleCount:15.0]]
[2023.01.06-21.49.35:339][  0]LogConfig: Setting CVar [[r.SkyLight.RealTimeReflectionCapture:1]]
[2023.01.06-21.49.35:339][  0]LogConfig: Applying CVar settings from Section [FoliageQuality@3] File [D:/studia/Programowanie/Unreal/Topshooter/Top_Down_Shooter/TopDownShooter/Saved/Config/Windows/Scalability.ini]
[2023.01.06-21.49.35:339][  0]LogConfig: Setting CVar [[foliage.DensityScale:1.0]]
[2023.01.06-21.49.35:339][  0]LogConfig: Setting CVar [[grass.DensityScale:1.0]]
[2023.01.06-21.49.35:339][  0]LogConfig: Applying CVar settings from Section [ShadingQuality@3] File [D:/studia/Programowanie/Unreal/Topshooter/Top_Down_Shooter/TopDownShooter/Saved/Config/Windows/Scalability.ini]
[2023.01.06-21.49.35:339][  0]LogConfig: Setting CVar [[r.HairStrands.SkyLighting.IntegrationType:2]]
[2023.01.06-21.49.35:339][  0]LogConfig: Setting CVar [[r.HairStrands.SkyAO.SampleCount:4]]
[2023.01.06-21.49.35:339][  0]LogConfig: Setting CVar [[r.HairStrands.Visibility.MSAA.SamplePerPixel:4]]
[2023.01.06-21.49.35:339][  0]LogConfig: Applying CVar settings from Section [Startup] File [../../../Engine/Config/ConsoleVariables.ini]
[2023.01.06-21.49.35:383][  0]LogConfig: Setting CVar [[net.UseAdaptiveNetUpdateFrequency:0]]
[2023.01.06-21.49.35:383][  0]LogConfig: Setting CVar [[p.chaos.AllowCreatePhysxBodies:1]]
[2023.01.06-21.49.35:383][  0]LogConfig: Setting CVar [[fx.SkipVectorVMBackendOptimizations:1]]
[2023.01.06-21.49.35:383][  0]LogConfig: Applying CVar settings from Section [ConsoleVariables] File [D:/studia/Programowanie/Unreal/Topshooter/Top_Down_Shooter/TopDownShooter/Saved/Config/Windows/Engine.ini]
[2023.01.06-21.49.35:383][  0]LogConfig: Applying CVar settings from Section [ConsoleVariables] File [D:/studia/Programowanie/Unreal/Topshooter/Top_Down_Shooter/TopDownShooter/Saved/Config/Windows/Editor.ini]
[2023.01.06-21.49.35:400][  0]LogInit: Computer: DESKTOP-G9MJDJ0
[2023.01.06-21.49.35:400][  0]LogInit: User: HP
[2023.01.06-21.49.35:400][  0]LogInit: CPU Page size=4096, Cores=4
[2023.01.06-21.49.35:400][  0]LogInit: High frequency timer resolution =10.000000 MHz
[2023.01.06-21.49.35:400][  0]LogMemory: Memory total: Physical=7.9GB (8GB approx)
[2023.01.06-21.49.35:440][  0]LogMemory: Platform Memory Stats for Windows
[2023.01.06-21.49.35:440][  0]LogMemory: Process Physical Memory: 142.45 MB used, 142.45 MB peak
[2023.01.06-21.49.35:440][  0]LogMemory: Process Virtual Memory: 126.26 MB used, 126.26 MB peak
[2023.01.06-21.49.35:440][  0]LogMemory: Physical Memory: 7451.02 MB used,  628.28 MB free, 8079.30 MB total
[2023.01.06-21.49.35:440][  0]LogMemory: Virtual Memory: 134214720.00 MB used,  3006.59 MB free, 134217728.00 MB total
[2023.01.06-21.49.35:460][  0]LogWindows: WindowsPlatformFeatures enabled
[2023.01.06-21.49.39:484][  0]LogInit: Physics initialised using underlying interface: PhysX
[2023.01.06-21.49.39:786][  0]LogInit: Using OS detected language (pl-PL).
[2023.01.06-21.49.39:786][  0]LogInit: Using OS detected locale (pl-PL).
[2023.01.06-21.49.41:102][  0]LogTextLocalizationManager: No specific localization for 'pl-PL' exists, so the 'pl' localization will be used.
[2023.01.06-21.49.41:127][  0]LogTextLocalizationResource: LocRes '../../../Engine/Content/Localization/Editor/pl/Editor.locres' could not be opened for reading!
[2023.01.06-21.49.41:127][  0]LogTextLocalizationResource: LocRes '../../../Engine/Content/Localization/EditorTutorials/pl/EditorTutorials.locres' could not be opened for reading!
[2023.01.06-21.49.41:127][  0]LogTextLocalizationResource: LocRes '../../../Engine/Content/Localization/Keywords/pl/Keywords.locres' could not be opened for reading!
[2023.01.06-21.49.41:127][  0]LogTextLocalizationResource: LocRes '../../../Engine/Content/Localization/Category/pl/Category.locres' could not be opened for reading!
[2023.01.06-21.49.41:145][  0]LogTextLocalizationResource: LocRes '../../../Engine/Content/Localization/ToolTips/pl/ToolTips.locres' could not be opened for reading!
[2023.01.06-21.49.41:184][  0]LogTextLocalizationResource: LocRes '../../../Engine/Content/Localization/PropertyNames/pl/PropertyNames.locres' could not be opened for reading!
[2023.01.06-21.49.41:184][  0]LogTextLocalizationResource: LocRes '../../../Engine/Content/Localization/Engine/pl/Engine.locres' could not be opened for reading!
[2023.01.06-21.49.41:391][  0]LogInit: Setting process to per monitor DPI aware
[2023.01.06-21.49.41:768][  0]LogWindowsTextInputMethodSystem: Display: IME system deactivated.
[2023.01.06-21.49.42:740][  0]LogSlate: New Slate User Created.  User Index 0, Is Virtual User: 0
[2023.01.06-21.49.42:740][  0]LogSlate: Slate User Registered.  User Index 0, Is Virtual User: 0
[2023.01.06-21.49.53:556][  0]LogD3D11RHI: Loaded GFSDK_Aftermath_Lib.x64.dll
[2023.01.06-21.49.53:563][  0]LogHMD: Failed to initialize OpenVR with code 110
[2023.01.06-21.49.53:563][  0]LogD3D11RHI: D3D11 min allowed feature level: 11_0
[2023.01.06-21.49.53:563][  0]LogD3D11RHI: D3D11 max allowed feature level: 11_0
[2023.01.06-21.49.53:563][  0]LogD3D11RHI: D3D11 adapters:
[2023.01.06-21.49.53:744][  0]LogD3D11RHI:    0. 'Intel(R) UHD Graphics 620' (Feature Level 11_0)
[2023.01.06-21.49.53:744][  0]LogD3D11RHI:       128/0/4039 MB DedicatedVideo/DedicatedSystem/SharedSystem, Outputs:1, VendorId:0x8086
[2023.01.06-21.49.53:750][  0]LogD3D11RHI:    1. 'Microsoft Basic Render Driver' (Feature Level 11_0)
[2023.01.06-21.49.53:750][  0]LogD3D11RHI:       0/0/4039 MB DedicatedVideo/DedicatedSystem/SharedSystem, Outputs:0, VendorId:0x1414
[2023.01.06-21.49.53:751][  0]LogD3D11RHI: Chosen D3D11 Adapter:
[2023.01.06-21.49.53:751][  0]LogD3D11RHI:     Description : Intel(R) UHD Graphics 620
[2023.01.06-21.49.53:751][  0]LogD3D11RHI:     VendorId    : 8086
[2023.01.06-21.49.53:751][  0]LogD3D11RHI:     DeviceId    : 3ea0
[2023.01.06-21.49.53:751][  0]LogD3D11RHI:     SubSysId    : 84c0103c
[2023.01.06-21.49.53:751][  0]LogD3D11RHI:     Revision    : 0000
[2023.01.06-21.49.53:751][  0]LogD3D11RHI:     DedicatedVideoMemory : 134217728 bytes
[2023.01.06-21.49.53:751][  0]LogD3D11RHI:     DedicatedSystemMemory : 0 bytes
[2023.01.06-21.49.53:751][  0]LogD3D11RHI:     SharedSystemMemory : 4235880448 bytes
[2023.01.06-21.49.53:751][  0]LogD3D11RHI:     AdapterLuid : 0 48375
[2023.01.06-21.49.53:758][  0]LogD3D11RHI: Creating new Direct3DDevice
[2023.01.06-21.49.53:758][  0]LogD3D11RHI:     GPU DeviceId: 0x3ea0 (for the marketing name, search the web for "GPU Device Id")
[2023.01.06-21.49.53:758][  0]LogWindows: EnumDisplayDevices:
[2023.01.06-21.49.53:758][  0]LogWindows:    0. 'Intel(R) UHD Graphics 620' (P:1 D:1)
[2023.01.06-21.49.53:759][  0]LogWindows:    1. 'Intel(R) UHD Graphics 620' (P:0 D:0)
[2023.01.06-21.49.53:759][  0]LogWindows:    2. 'Intel(R) UHD Graphics 620' (P:0 D:0)
[2023.01.06-21.49.53:759][  0]LogWindows: DebugString: FoundDriverCount:3 
[2023.01.06-21.49.53:759][  0]LogD3D11RHI:     Adapter Name: Intel(R) UHD Graphics 620
[2023.01.06-21.49.53:759][  0]LogD3D11RHI:   Driver Version: 27.20.100.8681 (internal:27.20.100.8681, unified:27.20.100.8681)
[2023.01.06-21.49.53:759][  0]LogD3D11RHI:      Driver Date: 9-5-2020
[2023.01.06-21.49.53:759][  0]LogRHI: Texture pool is 1503 MB (70% of 2147 MB)
[2023.01.06-21.49.53:882][  0]LogD3D11RHI: Creating D3DDevice using adapter:
[2023.01.06-21.49.53:882][  0]LogD3D11RHI:     Description : Intel(R) UHD Graphics 620
[2023.01.06-21.49.53:882][  0]LogD3D11RHI:     VendorId    : 8086
[2023.01.06-21.49.53:882][  0]LogD3D11RHI:     DeviceId    : 3ea0
[2023.01.06-21.49.53:882][  0]LogD3D11RHI:     SubSysId    : 84c0103c
[2023.01.06-21.49.53:882][  0]LogD3D11RHI:     Revision    : 0000
[2023.01.06-21.49.53:882][  0]LogD3D11RHI:     DedicatedVideoMemory : 134217728 bytes
[2023.01.06-21.49.53:882][  0]LogD3D11RHI:     DedicatedSystemMemory : 0 bytes
[2023.01.06-21.49.53:882][  0]LogD3D11RHI:     SharedSystemMemory : 4235880448 bytes
[2023.01.06-21.49.53:882][  0]LogD3D11RHI:     AdapterLuid : 0 48375
[2023.01.06-21.49.53:965][  0]LogD3D11RHI: RHI does not have support for 64 bit atomics
[2023.01.06-21.49.54:023][  0]LogD3D11RHI: Intel Extensions support version Full=16777216, Major=1, Minor=0, Revision=0
[2023.01.06-21.49.54:024][  0]LogD3D11RHI: Intel Extensions support version Full=16777217, Major=1, Minor=0, Revision=1
[2023.01.06-21.49.54:024][  0]LogD3D11RHI: Intel Extensions Framework enabled
[2023.01.06-21.49.54:026][  0]LogD3D11RHI: [IntelMetricsDiscovery] Started
[2023.01.06-21.49.54:026][  0]LogD3D11RHI: Async texture creation enabled
[2023.01.06-21.49.54:027][  0]LogD3D11RHI: Array index from any shader is supported
[2023.01.06-21.49.54:315][  0]LogD3D11RHI: GPU Timing Frequency: 12.000048 (Debug: 2 0)
[2023.01.06-21.49.57:667][  0]LogTargetPlatformManager: Display: Loaded TargetPlatform 'AllDesktop'
[2023.01.06-21.49.57:829][  0]LogTargetPlatformManager: Display: Loaded TargetPlatform 'Android'
[2023.01.06-21.49.57:829][  0]LogTargetPlatformManager: Display: Loaded TargetPlatform 'Android_ASTC'
[2023.01.06-21.49.57:829][  0]LogTargetPlatformManager: Display: Loaded TargetPlatform 'Android_DXT'
[2023.01.06-21.49.57:829][  0]LogTargetPlatformManager: Display: Loaded TargetPlatform 'Android_ETC2'
[2023.01.06-21.49.57:829][  0]LogTargetPlatformManager: Display: Loaded TargetPlatform 'AndroidClient'
[2023.01.06-21.49.57:829][  0]LogTargetPlatformManager: Display: Loaded TargetPlatform 'Android_ASTCClient'
[2023.01.06-21.49.57:829][  0]LogTargetPlatformManager: Display: Loaded TargetPlatform 'Android_DXTClient'
[2023.01.06-21.49.57:829][  0]LogTargetPlatformManager: Display: Loaded TargetPlatform 'Android_ETC2Client'
[2023.01.06-21.49.57:829][  0]LogTargetPlatformManager: Display: Loaded TargetPlatform 'Android_Multi'
[2023.01.06-21.49.57:830][  0]LogTargetPlatformManager: Display: Loaded TargetPlatform 'Android_MultiClient'
[2023.01.06-21.49.58:100][  0]LogTargetPlatformManager: Display: Loaded TargetPlatform 'IOSClient'
[2023.01.06-21.49.58:100][  0]LogTargetPlatformManager: Display: Loaded TargetPlatform 'IOS'
[2023.01.06-21.49.58:229][  0]LogTargetPlatformManager: Display: Loaded TargetPlatform 'Linux'
[2023.01.06-21.49.58:326][  0]LogTargetPlatformManager: Display: Loaded TargetPlatform 'LinuxNoEditor'
[2023.01.06-21.49.58:443][  0]LogTargetPlatformManager: Display: Loaded TargetPlatform 'LinuxClient'
[2023.01.06-21.49.58:476][  0]LogTargetPlatformManager: Display: Loaded TargetPlatform 'LinuxServer'
[2023.01.06-21.49.58:529][  0]LogTargetPlatformManager: Display: Loaded TargetPlatform 'LinuxAArch64NoEditor'
[2023.01.06-21.49.58:563][  0]LogTargetPlatformManager: Display: Loaded TargetPlatform 'LinuxAArch64Client'
[2023.01.06-21.49.58:636][  0]LogTargetPlatformManager: Display: Loaded TargetPlatform 'LinuxAArch64Server'
[2023.01.06-21.49.58:737][  0]LogTargetPlatformManager: Display: Loaded TargetPlatform 'Lumin'
[2023.01.06-21.49.58:737][  0]LogTargetPlatformManager: Display: Loaded TargetPlatform 'LuminClient'
[2023.01.06-21.49.58:810][  0]LogTargetPlatformManager: Display: Loaded TargetPlatform 'MacNoEditor'
[2023.01.06-21.49.58:927][  0]LogTargetPlatformManager: Display: Loaded TargetPlatform 'Mac'
[2023.01.06-21.49.58:944][  0]LogTargetPlatformManager: Display: Loaded TargetPlatform 'MacClient'
[2023.01.06-21.49.58:953][  0]LogTargetPlatformManager: Display: Loaded TargetPlatform 'MacServer'
[2023.01.06-21.49.58:980][  0]LogTargetPlatformManager: Display: Loaded TargetPlatform 'TVOSClient'
[2023.01.06-21.49.58:980][  0]LogTargetPlatformManager: Display: Loaded TargetPlatform 'TVOS'
[2023.01.06-21.49.59:068][  0]LogTargetPlatformManager: Display: Loaded TargetPlatform 'WindowsNoEditor'
[2023.01.06-21.49.59:129][  0]LogTargetPlatformManager: Display: Loaded TargetPlatform 'Windows'
[2023.01.06-21.49.59:226][  0]LogTargetPlatformManager: Display: Loaded TargetPlatform 'WindowsClient'
[2023.01.06-21.49.59:281][  0]LogTargetPlatformManager: Display: Loaded TargetPlatform 'WindowsServer'
[2023.01.06-21.49.59:281][  0]LogTargetPlatformManager: Display: Building Assets For Windows
[2023.01.06-21.49.59:626][  0]LogAudioDebug: Display: Lib vorbis DLL was dynamically loaded.
[2023.01.06-21.50.00:193][  0]LogTextureFormatOodle: Display: Oodle Texture 2.9.0 init RDO Off
[2023.01.06-21.50.02:892][  0]LogRendererCore: Ray tracing is disabled. Reason: r.RayTracing=0.
[2023.01.06-21.50.02:892][  0]LogShaderCompilers: Guid format shader working directory is -43 characters bigger than the processId version (../../../../../studia/Programowanie/Unreal/Topshooter/Top_Down_Shooter/TopDownShooter/Intermediate/Shaders/WorkingDirectory/21368/).
[2023.01.06-21.50.02:893][  0]LogShaderCompilers: Cleaned the shader compiler working directory 'C:/Users/HP/AppData/Local/Temp/UnrealShaderWorkingDir/4FAD386747EF548F88EC468DE04C8566/'.
[2023.01.06-21.50.02:893][  0]LogXGEController: Cannot use XGE Controller as Incredibuild is not installed on this machine.
[2023.01.06-21.50.02:893][  0]LogShaderCompilers: Cannot use XGE Shader Compiler as Incredibuild is not installed on this machine.
[2023.01.06-21.50.02:893][  0]LogShaderCompilers: Display: Using Local Shader Compiler.
[2023.01.06-21.50.08:145][  0]LogDerivedDataCache: Display: Max Cache Size: 512 MB
[2023.01.06-21.50.08:414][  0]LogDerivedDataCache: Loaded boot cache 0.27s 94MB C:/Users/HP/AppData/Local/UnrealEngine/4.27/DerivedDataCache/Boot.ddc.
[2023.01.06-21.50.08:414][  0]LogDerivedDataCache: Display: Loaded Boot cache: C:/Users/HP/AppData/Local/UnrealEngine/4.27/DerivedDataCache/Boot.ddc
[2023.01.06-21.50.08:414][  0]LogDerivedDataCache: FDerivedDataBackendGraph:  Pak pak cache file ../../../../../studia/Programowanie/Unreal/Topshooter/Top_Down_Shooter/TopDownShooter/DerivedDataCache/DDC.ddp not found, will not use a pak cache.
[2023.01.06-21.50.08:414][  0]LogDerivedDataCache: Unable to find inner node Pak for hierarchical cache Hierarchy.
[2023.01.06-21.50.08:414][  0]LogDerivedDataCache: FDerivedDataBackendGraph:  CompressedPak pak cache file ../../../../../studia/Programowanie/Unreal/Topshooter/Top_Down_Shooter/TopDownShooter/DerivedDataCache/Compressed.ddp not found, will not use a pak cache.
[2023.01.06-21.50.08:414][  0]LogDerivedDataCache: Unable to find inner node CompressedPak for hierarchical cache Hierarchy.
[2023.01.06-21.50.08:512][  0]LogDerivedDataCache: Display: Pak cache opened for reading ../../../Engine/DerivedDataCache/Compressed.ddp.
[2023.01.06-21.50.08:512][  0]LogDerivedDataCache: FDerivedDataBackendGraph:  EnterprisePak pak cache file ../../../Enterprise/DerivedDataCache/Compressed.ddp not found, will not use a pak cache.
[2023.01.06-21.50.08:512][  0]LogDerivedDataCache: Unable to find inner node EnterprisePak for hierarchical cache Hierarchy.
[2023.01.06-21.50.08:549][  0]LogDerivedDataCache: Speed tests for C:/Users/HP/AppData/Local/UnrealEngine/Common/DerivedDataCache took 0.04 seconds
[2023.01.06-21.50.08:549][  0]LogDerivedDataCache: Display: Performance to C:/Users/HP/AppData/Local/UnrealEngine/Common/DerivedDataCache: Latency=0.05ms. RandomReadSpeed=130.29MBs, RandomWriteSpeed=32.49MBs. Assigned SpeedClass 'Local'
[2023.01.06-21.50.08:550][  0]LogDerivedDataCache: Using Local data cache path C:/Users/HP/AppData/Local/UnrealEngine/Common/DerivedDataCache: Writable
[2023.01.06-21.50.08:550][  0]LogDerivedDataCache: Shared data cache path not found in *engine.ini, will not use an Shared cache.
[2023.01.06-21.50.08:551][  0]LogDerivedDataCache: Unable to find inner node Shared for hierarchical cache Hierarchy.
[2023.01.06-21.50.08:772][  0]LogSlate: Using FreeType 2.10.0
[2023.01.06-21.50.08:809][  0]LogSlate: SlateFontServices - WITH_FREETYPE: 1, WITH_HARFBUZZ: 1
[2023.01.06-21.50.09:182][  0]LogAssetRegistry: FAssetRegistry took 0.0316 seconds to start up
[2023.01.06-21.50.13:624][  0]LogInit: Selected Device Profile: [Windows]
[2023.01.06-21.50.13:624][  0]LogInit: Active device profile: [00000182A6F67300][000001829F3B80C0 49] Windows
[2023.01.06-21.50.13:624][  0]LogInit: Profiles: [00000182A6F67300][000001829F3B80C0 49] Windows, [00000182A6F18F00][00000182A4B48240 49] WindowsNoEditor, [00000182A6F64F00][00000182A4B4C3C0 49] WindowsServer, [00000182A6F1AB00][00000182A4B50540 49] WindowsClient, [00000182A6F66A00][00000182A4B546C0 49] IOS, [00000182A6F19800][00000182A4B58840 49] iPadAir, [00000182A6F65700][00000182A4B5C9C0 49] iPadAir2, [00000182A6EAFA00][000001829F3BCC40 49] IPadPro, [00000182A6EAFB00][00000182A4B60C80 49] iPadAir3, [00000182A6F66400][00000182A4B64DC0 49] iPadAir4, [00000182A6EAD400][00000182A4B68F00 49] iPadMini2, [00000182A6F67800][00000182A4B71080 49] iPadMini3, [00000182A6EAE500][00000182A4B75200 49] iPadMini4, [00000182A6F64800][00000182A4B79380 49] iPadMini5, [00000182A6EF7300][00000182A4B81640 49] iPhone6, [00000182A6EF7400][00000182A4B7D680 49] iPodTouch6, [00000182A6EAC400][00000182A4B89940 49] iPhone7, [00000182A6EAC300][00000182A4B85980 49] iPodTouch7, [00000182A6EF5300][00000182A4B8DB00 49] iPhone5S, [00000182A6EAFC00][00000182A4B90100 49] iPhone6Plus, [00000182A6EF6600][00000182A4B94280 49] iPhone6S, [00000182A6EAD100][00000182A4B98400 49] iPhone6SPlus, [00000182A6EF5B00][00000182A4B9C580 49] iPhone7Plus, [00000182A6EAD700][00000182A4BA0700 49] iPhoneSE, [00000182A6EF7600][00000182A4BA4880 49] iPhone8, [00000182A6EAEB00][00000182A4BA8A00 49] iPhone8Plus, [00000182A6EF6D00][00000182A4BACB80 49] iPhoneX, [00000182A6EACA00][00000182A4BB0D00 49] iPhoneXS, [00000182A6EF4100][00000182A4B6CE40 49] iPhoneXSMax, [00000182A6EAE100][00000182A4BB4F80 49] iPhoneXR, [00000182A6EF4D00][00000182A4BB90C0 49] iPhone11, [00000182A6EACF00][000001829A187240 49] iPhone11Pro, [00000182A6EF6A00][000001829A18B3C0 49] iPhone11ProMax, [00000182A6EAD200][000001829A18F540 49] iPhoneSE2, [00000182A6EF7C00][000001829A1936C0 49] iPhone12Mini, [00000182A6EAFD00][000001829A197840 49] iPhone12, [00000182A6EF6400][000001829A19B9C0 49] iPhone12Pro, [00000182A6EAE600][000001829A1A3B40 49] iPhone12ProMax, [00000182A6EF7A00][000001829A1A6140 49] iPadPro105, [00000182A6EACC00][000001829A1AA2C0 49] iPadPro129, [00000182A6EF5600][000001829A1AE440 49] iPadPro97, [00000182A6EAD000][00000182A7BD05C0 49] iPadPro2_129, [00000182A6EF6200][00000182A7BD4740 49] iPad5, [00000182A6EAD900][00000182A7BD88C0 49] iPad6, [00000182A6EF6700][00000182A7BDCA40 49] iPad7, [00000182A6EACD00][00000182A7BE0BC0 49] iPad8, [00000182A6EF7F00][00000182A7BE4D40 49] iPadPro11, [00000182A6EADB00][00000182A7BE8EC0 49] iPadPro2_11, [00000182A6EF4B00][00000182A4BBD000 49] iPadPro3_129, [00000182A6EAD500][00000182A7BED140 49] iPadPro4_129, [00000182A6EF5D00][00000182A7BF1280 49] AppleTV, [00000182A6EAD600][00000182A7BF53C0 49] AppleTV4K, [00000182A6EF5400][00000182A7BFD540 49] TVOS, [00000182A6EAF800][00000182A7C016C0 49] Mac, [00000182A6EF5A00][00000182A7C05840 49] MacClient, [00000182A6EACE00][00000182A7C099C0 49] MacNoEditor, [00000182A6EF4F00][00000182A7C0DB40 49] MacServer, [00000182A6EAC500][00000182A7C10140 49] Linux, [00000182A6011600][00000182A7C142C0 49] LinuxAArch64, [00000182A6F1AD00][00000182A7C18440 49] LinuxNoEditor, [00000182A6012100][00000182A7C1C5C0 49] LinuxAArch64NoEditor, [00000182A6F19A00][00000182A7C20740 49] LinuxClient, [00000182A6010E00][00000182A7C248C0 49] LinuxAArch64Client, [00000182A6F18700][00000182A7C28A40 49] LinuxServer, [00000182A6012200][00000182A7C2CBC0 49] LinuxAArch64Server, [00000182A6F19B00][00000182A7C30D40 49] Android, [00000182A6011900][00000182A7C34EC0 49] Android_Low, [00000182A6F19F00][00000182A7C39040 49] Android_Mid, [00000182A6012600][00000182A7BF9180 49] Android_High, [00000182A6F19200][00000182A7C3D2C0 49] Android_Default, [00000182A6011200][00000182A7C41400 49] Android_Adreno4xx, [00000182A6F19900][00000182A7C45540 49] Android_Adreno5xx_Low, [00000182A6010200][00000182A7C4D6C0 49] Android_Adreno5xx, [00000182A6F1BC00][00000182A7C51840 49] Android_Adreno6xx, [00000182A6EAC100][00000182A7C559C0 49] Android_Adreno6xx_Vulkan, [00000182A6EF5900][00000182A7C59B40 49] Android_Mali_T6xx, [00000182A6EAE200][00000182A7C5C140 49] Android_Mali_T7xx, [00000182A6EF5C00][00000182A7C602C0 49] Android_Mali_T8xx, [00000182A6EAEE00][00000182A7C64440 49] Android_Mali_G71, [00000182A6EF4A00][00000182A7C685C0 49] Android_Mali_G72, [00000182A6EAF200][00000182A7C6C740 49] Android_Mali_G72_Vulkan, [00000182A6EF6E00][00000182A7C708C0 49] Android_Mali_G76, [00000182A6EAF600][00000182A7C74A40 49] Android_Mali_G76_Vulkan, [00000182A6EF6900][00000182A7C78BC0 49] Android_Mali_G77, [00000182A6EAF300][00000182A7C7CD40 49] Android_Mali_G77_Vulkan, [00000182A6EF5700][00000182A7C80EC0 49] Android_Mali_G78, [00000182A6EAEA00][00000182A7C85040 49] Android_Mali_G78_Vulkan, [00000182A6012300][00000182A7C891C0 49] Android_Mali_G710, [00000182A6EAE700][00000182A7C8D340 49] Android_Mali_G710_Vulkan, [00000182A6010100][00000182A7C49480 49] Android_Vulkan_SM5, [00000182A6EAF000][00000182A7C915C0 49] Android_PowerVR_G6xxx, [00000182A6011F00][00000182A7C95700 49] Android_PowerVR_GT7xxx, [00000182A6EAE400][00000182A7C9D880 49] Android_PowerVR_GE8xxx, [00000182A6012000][00000182A7CA1A00 49] Android_PowerVR_GM9xxx, [00000182A6EAE900][00000182A7CA5B80 49] Android_PowerVR_GM9xxx_Vulkan, [00000182A6010900][00000182A7CA8180 49] Android_TegraK1, [00000182A6EADC00][00000182A7CAC300 49] Android_Unknown_Vulkan, [00000182A6010B00][00000182A7CB0480 49] Lumin, [00000182A6EAE800][00000182A7CB4600 49] Lumin_Desktop, [00000182A6011400][00000182A7CB8780 49] HoloLens, 
[2023.01.06-21.50.17:643][  0]LogMeshReduction: Using QuadricMeshReduction for automatic static mesh reduction
[2023.01.06-21.50.17:643][  0]LogMeshReduction: Using SimplygonMeshReduction for automatic skeletal mesh reduction
[2023.01.06-21.50.17:643][  0]LogMeshReduction: Using ProxyLODMeshReduction for automatic mesh merging
[2023.01.06-21.50.17:643][  0]LogMeshReduction: No distributed automatic mesh merging module available
[2023.01.06-21.50.17:643][  0]LogMeshMerging: No distributed automatic mesh merging module available
[2023.01.06-21.50.18:285][  0]LogNetVersion: Top_Down_Shooter 1.0.0, NetCL: 17155196, EngineNetVer: 17, GameNetVer: 0 (Checksum: 1968698556)
[2023.01.06-21.50.36:744][  0]LogTexture: Default maximum texture size for cubemaps generated from long-lat sources has been changed from 512 to unlimited. In order to preserve old behaiour for '/Engine/MapTemplates/Sky/DaylightAmbientCubemap.DaylightAmbientCubemap', its maximum texture size has been explicitly set to 512.
[2023.01.06-21.50.37:959][  0]LogHMD: PokeAHoleMaterial loaded successfully
[2023.01.06-21.50.38:199][  0]LogUObjectArray: 17178 objects as part of root set at end of initial load.
[2023.01.06-21.50.38:217][  0]LogUObjectAllocator: 4302048 out of 0 bytes used by permanent object pool.
[2023.01.06-21.50.38:217][  0]LogUObjectArray: CloseDisregardForGC: 0/0 objects in disregard for GC pool
[2023.01.06-21.50.45:225][  0]LogNiagaraDebuggerClient: Niagara Debugger Client Initialized | Session: 329292184BF8773C034E82A72F078A35 | Instance: 5D33883F40DCCDACF498858563A437E7 (DESKTOP-G9MJDJ0-21368).
[2023.01.06-21.50.45:975][  0]LogPython: Using Python 3.7.7
[2023.01.06-21.50.52:170][  0]LogUdpMessaging: Initializing bridge on interface 0.0.0.0:0 to multicast group 230.0.0.1:6666.
[2023.01.06-21.50.52:257][  0]LogTcpMessaging: Initializing TcpMessaging bridge
[2023.01.06-21.51.02:730][  0]LogOpenImageDenoise: OIDN starting up
[2023.01.06-21.51.03:879][  0]LogAndroidPermission: UAndroidPermissionCallbackProxy::GetInstance
[2023.01.06-21.51.04:155][  0]LogAudioCaptureCore: Display: No Audio Capture implementations found. Audio input will be silent.
[2023.01.06-21.51.04:156][  0]LogAudioCaptureCore: Display: No Audio Capture implementations found. Audio input will be silent.
[2023.01.06-21.51.06:075][  0]SourceControl: Source control is disabled
[2023.01.06-21.51.06:076][  0]SourceControl: Source control is disabled
[2023.01.06-21.51.06:175][  0]SourceControl: Source control is disabled
[2023.01.06-21.51.06:215][  0]SourceControl: Source control is disabled
[2023.01.06-21.51.06:335][  0]SourceControl: Source control is disabled
[2023.01.06-21.51.06:402][  0]LogUProjectInfo: Found projects:
[2023.01.06-21.51.06:426][  0]LogVSAccessor: Display: Unable to create Visual Studio setup instance: 80040154
[2023.01.06-21.51.06:435][  0]LogVSAccessor: Display: Unable to create Visual Studio setup instance: 80040154
[2023.01.06-21.51.06:445][  0]LogVSAccessor: Display: Unable to create Visual Studio setup instance: 80040154
[2023.01.06-21.51.06:740][  0]LogCollectionManager: Loaded 0 collections in 0.006271 seconds
[2023.01.06-21.51.07:062][  0]LogFileCache: Scanning file cache for directory 'D:/studia/Programowanie/Unreal/Topshooter/Top_Down_Shooter/TopDownShooter/Saved/Collections/' took 0.00s
[2023.01.06-21.51.07:062][  0]LogFileCache: Scanning file cache for directory 'D:/studia/Programowanie/Unreal/Topshooter/Top_Down_Shooter/TopDownShooter/Content/Developers/HP/Collections/' took 0.01s
[2023.01.06-21.51.07:063][  0]LogFileCache: Scanning file cache for directory 'D:/studia/Programowanie/Unreal/Topshooter/Top_Down_Shooter/TopDownShooter/Content/Collections/' took 0.01s
[2023.01.06-21.51.07:063][  0]LogOcInput: OculusInput pre-init called
[2023.01.06-21.51.18:272][  0]LogAutomationTest: Warning: Smoke tests took >2s to run (3.09s). 'FAutomationTestAttemptToFindUninitializedScriptStructMembers' took 2684ms. SmokeFilter tier tests should take less than 1ms. Please optimize or move 'FAutomationTestAttemptToFindUninitializedScriptStructMembers' to a slower tier than SmokeFilter.
[2023.01.06-21.51.18:349][  0]LogEngine: Initializing Engine...
[2023.01.06-21.51.18:986][  0]LogHMD: Failed to enumerate extensions. Please check that you have a valid OpenXR runtime installed.
[2023.01.06-21.51.18:988][  0]LogHMD: Failed to initialize OpenVR with code 110
[2023.01.06-21.51.18:991][  0]LogMagicLeap: Warning: VR disabled because ZI is not enabled.  To enable, in the editor, Edit -> Project Settings -> Plugins -> Magic Leap Plugin -> Enable Zero Iteration
[2023.01.06-21.51.19:051][  0]LogStats: UGameplayTagsManager::InitializeManager -  0.003 s
[2023.01.06-21.51.19:920][  0]LogInit: Initializing FReadOnlyCVARCache
[2023.01.06-21.51.20:517][  0]LogAIModule: Creating AISystem for world Untitled
[2023.01.06-21.51.20:519][  0]LogAudio: Display: Initializing Audio Device Manager...
[2023.01.06-21.51.20:578][  0]LogAudio: Display: Loading Default Audio Settings Objects...
[2023.01.06-21.51.20:590][  0]LogAudio: Display: No default SoundConcurrencyObject specified (or failed to load).
[2023.01.06-21.51.20:650][  0]LogAudio: Display: Audio Device Manager Initialized
[2023.01.06-21.51.20:650][  0]LogAudio: Display: Creating Audio Device:                 Id: 1, Scope: Shared, Realtime: True
[2023.01.06-21.51.20:651][  0]LogAudioMixer: Display: Audio Mixer Platform Settings:
[2023.01.06-21.51.20:651][  0]LogAudioMixer: Display: 	Sample Rate:						  48000
[2023.01.06-21.51.20:651][  0]LogAudioMixer: Display: 	Callback Buffer Frame Size Requested: 1024
[2023.01.06-21.51.20:651][  0]LogAudioMixer: Display: 	Callback Buffer Frame Size To Use:	  1024
[2023.01.06-21.51.20:651][  0]LogAudioMixer: Display: 	Number of buffers to queue:			  2
[2023.01.06-21.51.20:651][  0]LogAudioMixer: Display: 	Max Channels (voices):				  32
[2023.01.06-21.51.20:651][  0]LogAudioMixer: Display: 	Number of Async Source Workers:		  0
[2023.01.06-21.51.20:651][  0]LogAudio: Display: AudioDevice MaxSources: 32
[2023.01.06-21.51.20:651][  0]LogAudio: Display: Audio Spatialization Plugin: None (built-in).
[2023.01.06-21.51.20:651][  0]LogAudio: Display: Audio Reverb Plugin: None (built-in).
[2023.01.06-21.51.20:651][  0]LogAudio: Display: Audio Occlusion Plugin: None (built-in).
[2023.01.06-21.51.20:652][  0]LogAudioMixer: Display: Initializing audio mixer.
[2023.01.06-21.51.20:773][  0]LogAudioMixer: Display: 0: FrontLeft
[2023.01.06-21.51.20:774][  0]LogAudioMixer: Display: 1: FrontRight
[2023.01.06-21.51.20:841][  0]LogAudioMixer: Display: Using Audio Device Głośniki (Realtek(R) Audio)
[2023.01.06-21.51.20:908][  0]LogAudioMixer: Display: Initializing Sound Submixes...
[2023.01.06-21.51.20:990][  0]LogAudioMixer: Display: Creating Master Submix 'MasterSubmixDefault'
[2023.01.06-21.51.20:990][  0]LogAudioMixer: Display: Creating Master Submix 'MasterReverbSubmixDefault'
[2023.01.06-21.51.20:992][  0]LogAudioMixer: Display: Creating Master Submix 'MasterEQSubmixDefault'
[2023.01.06-21.51.20:992][  0]LogAudioMixer: FMixerPlatformXAudio2::StartAudioStream() called
[2023.01.06-21.51.20:992][  0]LogAudioMixer: Display: Output buffers initialized: Frames=1024, Channels=2, Samples=2048
[2023.01.06-21.51.20:993][  0]LogAudioMixer: Display: Starting AudioMixerPlatformInterface::RunInternal()
[2023.01.06-21.51.20:993][  0]LogAudioMixer: Display: FMixerPlatformXAudio2::SubmitBuffer() called for the first time
[2023.01.06-21.51.20:993][  0]LogInit: FAudioDevice initialized.
[2023.01.06-21.51.21:085][  0]LogAudio: Display: Audio Device (ID: 1) registered with world 'Untitled'.
[2023.01.06-21.51.21:135][  0]LogNetVersion: Set ProjectVersion to 1.0.0.0. Version Checksum will be recalculated on next use.
[2023.01.06-21.51.21:668][  0]LogDerivedDataCache: Saved boot cache 0.47s 94MB C:/Users/HP/AppData/Local/UnrealEngine/4.27/DerivedDataCache/Boot.ddc.
[2023.01.06-21.51.21:672][  0]LogInit: Texture streaming: Enabled
[2023.01.06-21.51.22:141][  0]LogAnalytics: Display: [UEEditor.Rocket.Release] APIServer = https://datarouter.ol.epicgames.com/. AppVersion = 4.27.2-18319896+++UE4+Release-4.27
[2023.01.06-21.51.22:315][  0]LogEngineSessionManager: EngineSessionManager initialized
[2023.01.06-21.51.22:315][  0]LogEditorSessionSummary: Verbose: Initializing EditorSessionSummaryWriter for editor session tracking
[2023.01.06-21.51.22:334][  0]LogEditorSessionSummary: EditorSessionSummaryWriter initialized
[2023.01.06-21.51.23:095][  0]LogInit: Transaction tracking system initialized
[2023.01.06-21.51.24:671][  0]BlueprintLog: New page: Editor Load
[2023.01.06-21.51.28:320][  0]LocalizationService: Localization service is disabled
[2023.01.06-21.51.33:096][  0]TimingProfiler: Initialize
[2023.01.06-21.51.33:157][  0]TimingProfiler: OnSessionChanged
[2023.01.06-21.51.33:157][  0]LoadingProfiler: Initialize
[2023.01.06-21.51.33:174][  0]LoadingProfiler: OnSessionChanged
[2023.01.06-21.51.33:174][  0]NetworkingProfiler: Initialize
[2023.01.06-21.51.33:175][  0]NetworkingProfiler: OnSessionChanged
[2023.01.06-21.51.33:175][  0]MemoryProfiler: Initialize
[2023.01.06-21.51.33:175][  0]MemoryProfiler: OnSessionChanged
[2023.01.06-21.52.46:638][  0]LogVSAccessor: Display: Unable to create Visual Studio setup instance: 80040154
[2023.01.06-21.52.46:640][  0]LogVSAccessor: Display: Unable to create Visual Studio setup instance: 80040154
[2023.01.06-21.52.46:641][  0]LogVSAccessor: Display: Unable to create Visual Studio setup instance: 80040154
[2023.01.06-21.53.14:768][  0]LogCook: Display: CookSettings for Memory: MemoryMaxUsedVirtual 0MiB, MemoryMaxUsedPhysical 16384MiB, MemoryMinFreeVirtual 0MiB, MemoryMinFreePhysical 1024MiB
[2023.01.06-21.53.14:768][  0]LogCook: Display: Mobile HDR setting 1
[2023.01.06-21.53.20:097][  0]LogFileCache: Scanning file cache for directory 'D:/studia/Programowanie/Unreal/Topshooter/Top_Down_Shooter/TopDownShooter/Content/' took 8.61s
